Buildfile: /home/zfang/cloneanalysis/build.xml

init:

build:
     [echo] CloneAnalysis: /home/zfang/cloneanalysis/build.xml

main:
     [echo] Analysing cc
     [java] Soot arguments:
     [java] -cp lib/junit-4.11.jar:lib/rt.jar:lib/jce.jar:/home/zfang/projects/apache-commons-collections/build/tests/:/home/zfang/projects/apache-commons-collections/build/classes/ -f jimple -w -full-resolver -print-tags -allow-phantom-refs -keep-line-number -p jop enabled:true -O -p cg.cha enabled:true -p cg.spark enabled:false -x junit.framework org.apache.commons.collections.TestAllPackages -process-dir /home/zfang/projects/apache-commons-collections/build/tests/ 
     [java] Logging to file: /home/zfang/cloneanalysis/results/cc/results
     [java] Soot started on Sun Oct 19 21:46:18 PDT 2014
     [java] Warning: java.dyn.InvokeDynamic is a phantom class!
     [java] No main class given. Inferred 'org.apache.commons.collections.TestAllPackages' as main class.
     [java] [Call Graph] For information on where the call graph may be incomplete, use the verbose option to the cg phase.
     [java] payload size: 1113
     [java] Executed 1113 tasks for 4s
     [java] payload size: 6390
     [java] Executed 6390 tasks for 0s
     [java] payload size: 6390
     [java] Executed 10653268 tasks for 479s
     [java] Executed mergeStaticCalls for 0s
     [java] payload size: 1029
     [java] Executed 1029 tasks for 0s
     [java] payload size: 1029
     [java] Executed 528906 tasks for 0s
     [java] Executed mergeMethods for 0s
     [java] 
     [java] Logging to file: /home/zfang/cloneanalysis/results/cc/all_methods
     [java] 
     [java] Logging to file: /home/zfang/cloneanalysis/results/cc/method_sets_by_assert_flow
     [java] 
     [java] Logging to file: /home/zfang/cloneanalysis/results/cc/methods_in_at_least_one_clone_set
     [java] 
     [java] Logging to file: /home/zfang/cloneanalysis/results/cc/method_results
     [java] 
     [java] Logging to file: /home/zfang/cloneanalysis/results/cc/method_stats
     [java] 
     [java] Logging to file: /home/zfang/cloneanalysis/results/cc/class_stats
     [java] Execution time for runSimilarityAnalysis: 481s
     [java] Transforming org.apache.commons.collections.TestBufferUtils... 
     [java] Transforming org.apache.commons.collections.TestSetUtils... 
     [java] Transforming org.apache.commons.collections.TestExtendedProperties... 
     [java] Transforming org.apache.commons.collections.TestMultiHashMap... 
     [java] Transforming org.apache.commons.collections.TestClosureUtils$MockTransformer... 
     [java] Transforming org.apache.commons.collections.TestListUtils$2... 
     [java] Transforming org.apache.commons.collections.TestBufferUtils$1... 
     [java] Transforming org.apache.commons.collections.TestClosureUtils$MockClosure... 
     [java] Transforming org.apache.commons.collections.TestBeanMap$BeanWithProperties... 
     [java] Transforming org.apache.commons.collections.BulkTestSuiteMaker... 
     [java] Transforming org.apache.commons.collections.TestLRUMap$LRUCounter... 
     [java] Transforming org.apache.commons.collections.map.AbstractTestIterableMap... 
     [java] Transforming org.apache.commons.collections.map.AbstractTestMap... 
     [java] Transforming org.apache.commons.collections.map.TestPredicatedMap$1... 
     [java] Transforming org.apache.commons.collections.map.TestFlat3Map... 
     [java] Transforming org.apache.commons.collections.map.AbstractTestOrderedMap$InnerTestOrderedMapIterator... 
     [java] Transforming org.apache.commons.collections.map.TestPredicatedSortedMap... 
     [java] Transforming org.apache.commons.collections.map.TestAll... 
     [java] Transforming org.apache.commons.collections.map.TestPredicatedMap... 
     [java] Transforming org.apache.commons.collections.map.TestListOrderedMap2$TestListView... 
     [java] Transforming org.apache.commons.collections.map.TestReferenceMap... 
     [java] Transforming org.apache.commons.collections.map.TestPredicatedSortedMap$1... 
     [java] Transforming org.apache.commons.collections.map.TestCompositeMap$3... 
     [java] Transforming org.apache.commons.collections.map.TestLRUMap$MockLRUMapSubclassFirstBlocksRemove... 
     [java] Transforming org.apache.commons.collections.map.TestUnmodifiableOrderedMap... 
     [java] Transforming org.apache.commons.collections.map.TestFlat3Map$TestFlatMapIterator... 
     [java] Transforming org.apache.commons.collections.map.AbstractTestSortedMap$TestSubMap... 
     [java] Transforming org.apache.commons.collections.map.TestMultiValueMap... 
     [java] Transforming org.apache.commons.collections.map.TestLRUMap$MockLRUMapSubclassBlocksRemove... 
     [java] Transforming org.apache.commons.collections.map.TestLazySortedMap... 
     [java] Transforming org.apache.commons.collections.map.AbstractTestMap$TestMapEntrySet... 
     [java] Transforming org.apache.commons.collections.map.TestLRUMap... 
     [java] Transforming org.apache.commons.collections.map.TestTransformedSortedMap... 
     [java] Transforming org.apache.commons.collections.map.TestListOrderedMap... 
     [java] Transforming org.apache.commons.collections.map.TestLinkedMap... 
     [java] Transforming org.apache.commons.collections.map.TestFixedSizeMap... 
     [java] Transforming org.apache.commons.collections.map.TestCompositeMap$1... 
     [java] Transforming org.apache.commons.collections.map.TestListOrderedMap2... 
     [java] Transforming org.apache.commons.collections.map.TestSingletonMap... 
     [java] Transforming org.apache.commons.collections.map.TestCompositeMap$4... 
     [java] Transforming org.apache.commons.collections.map.TestUnmodifiableMap... 
     [java] Transforming org.apache.commons.collections.map.TestLazyMap... 
     [java] Transforming org.apache.commons.collections.map.TestListOrderedMap$TestValueListView... 
     [java] Transforming org.apache.commons.collections.map.TestStaticBucketMap... 
     [java] Transforming org.apache.commons.collections.map.TestCompositeMap$2... 
     [java] Transforming org.apache.commons.collections.map.TestReferenceIdentityMap... 
     [java] Transforming org.apache.commons.collections.map.AbstractTestIterableMap$InnerTestMapIterator... 
     [java] Transforming org.apache.commons.collections.map.TestDefaultedMap$1... 
     [java] Transforming org.apache.commons.collections.map.TestUnmodifiableSortedMap... 
     [java] Transforming org.apache.commons.collections.map.TestListOrderedMap$TestKeyListView... 
     [java] Transforming org.apache.commons.collections.map.AbstractTestSortedMap$TestTailMap... 
     [java] Transforming org.apache.commons.collections.map.TestCompositeMap... 
     [java] Transforming org.apache.commons.collections.map.TestCaseInsensitiveMap... 
     [java] Transforming org.apache.commons.collections.map.AbstractTestMap$TestMapValues... 
     [java] Transforming org.apache.commons.collections.map.TestLRUMap$SingleHashCode... 
     [java] Transforming org.apache.commons.collections.map.AbstractTestSortedMap$TestHeadMap... 
     [java] Transforming org.apache.commons.collections.map.AbstractTestOrderedMap... 
     [java] Transforming org.apache.commons.collections.map.TestTransformedMap... 
     [java] Transforming org.apache.commons.collections.map.TestLinkedMap$TestListView... 
     [java] Transforming org.apache.commons.collections.map.TestMultiKeyMap... 
     [java] Transforming org.apache.commons.collections.map.AbstractTestSortedMap$TestViewMap... 
     [java] Transforming org.apache.commons.collections.map.TestIdentityMap... 
     [java] Transforming org.apache.commons.collections.map.TestLRUMap$MockLRUMapSubclass... 
     [java] Transforming org.apache.commons.collections.map.AbstractTestMap$TestMapKeySet... 
     [java] Transforming org.apache.commons.collections.map.TestHashedMap... 
     [java] Transforming org.apache.commons.collections.map.AbstractTestSortedMap... 
     [java] Transforming org.apache.commons.collections.map.TestFixedSizeSortedMap... 
     [java] Transforming org.apache.commons.collections.map.TestDefaultedMap... 
     [java] Transforming org.apache.commons.collections.TestBoundedFifoBuffer... 
     [java] Transforming org.apache.commons.collections.TestBoundedFifoBuffer2... 
     [java] Transforming org.apache.commons.collections.TestEnumerationUtils... 
     [java] Transforming org.apache.commons.collections.TestAll... 
     [java] Transforming org.apache.commons.collections.iterators.TestSingletonListIterator... 
     [java] Transforming org.apache.commons.collections.iterators.TestObjectGraphIterator... 
     [java] Transforming org.apache.commons.collections.iterators.TestObjectGraphIterator$Branch... 
     [java] Transforming org.apache.commons.collections.iterators.TestFilterListIterator$6... 
     [java] Transforming org.apache.commons.collections.iterators.TestFilterListIterator... 
     [java] Transforming org.apache.commons.collections.iterators.TestUnmodifiableListIterator... 
     [java] Transforming org.apache.commons.collections.iterators.TestAll... 
     [java] Transforming org.apache.commons.collections.iterators.TestIteratorChain$1... 
     [java] Transforming org.apache.commons.collections.iterators.TestListIteratorWrapper... 
     [java] Transforming org.apache.commons.collections.iterators.TestObjectArrayIterator... 
     [java] Transforming org.apache.commons.collections.iterators.TestFilterIterator$1... 
     [java] Transforming org.apache.commons.collections.iterators.TestFilterIterator... 
     [java] Transforming org.apache.commons.collections.iterators.TestArrayListIterator... 
     [java] Transforming org.apache.commons.collections.iterators.TestArrayListIterator2... 
     [java] Transforming org.apache.commons.collections.iterators.TestCollatingIterator... 
     [java] Transforming org.apache.commons.collections.iterators.TestObjectArrayListIterator... 
     [java] Transforming org.apache.commons.collections.iterators.AbstractTestIterator... 
     [java] Transforming org.apache.commons.collections.iterators.TestSingletonIterator... 
     [java] Transforming org.apache.commons.collections.iterators.TestLoopingIterator... 
     [java] Transforming org.apache.commons.collections.iterators.TestUnmodifiableOrderedMapIterator... 
     [java] Transforming org.apache.commons.collections.iterators.TestUnmodifiableMapIterator... 
     [java] Transforming org.apache.commons.collections.iterators.TestFilterListIterator$3... 
     [java] Transforming org.apache.commons.collections.iterators.TestUniqueFilterIterator... 
     [java] Transforming org.apache.commons.collections.iterators.TestObjectGraphIterator$Forest... 
     [java] Transforming org.apache.commons.collections.iterators.AbstractTestOrderedMapIterator... 
     [java] Transforming org.apache.commons.collections.iterators.TestObjectArrayListIterator2... 
     [java] Transforming org.apache.commons.collections.iterators.TestObjectGraphIterator$Tree... 
     [java] Transforming org.apache.commons.collections.iterators.TestObjectGraphIterator$Leaf... 
     [java] Transforming org.apache.commons.collections.iterators.TestFilterListIterator$4... 
     [java] Transforming org.apache.commons.collections.iterators.TestObjectGraphIterator$LeafFinder... 
     [java] Transforming org.apache.commons.collections.iterators.TestArrayIterator2... 
     [java] Transforming org.apache.commons.collections.iterators.TestLoopingListIterator... 
     [java] Transforming org.apache.commons.collections.iterators.TestFilterIterator$3... 
     [java] Transforming org.apache.commons.collections.iterators.AbstractTestMapIterator... 
     [java] Transforming org.apache.commons.collections.iterators.TestReverseListIterator... 
     [java] Transforming org.apache.commons.collections.iterators.TestSingletonIterator2... 
     [java] Transforming org.apache.commons.collections.iterators.TestFilterListIterator$2... 
     [java] Transforming org.apache.commons.collections.iterators.TestIteratorChain... 
     [java] Transforming org.apache.commons.collections.iterators.AbstractTestListIterator... 
     [java] Transforming org.apache.commons.collections.iterators.TestFilterIterator$2... 
     [java] Transforming org.apache.commons.collections.iterators.TestFilterListIterator$1... 
     [java] Transforming org.apache.commons.collections.iterators.TestUnmodifiableIterator... 
     [java] Transforming org.apache.commons.collections.iterators.TestFilterListIterator$5... 
     [java] Transforming org.apache.commons.collections.iterators.TestArrayIterator... 
     [java] Transforming org.apache.commons.collections.collection.TestTransformedCollection$1... 
     [java] Transforming org.apache.commons.collections.collection.TestTransformedCollection... 
     [java] Transforming org.apache.commons.collections.collection.TestAll... 
     [java] Transforming org.apache.commons.collections.collection.TestCompositeCollection$2... 
     [java] Transforming org.apache.commons.collections.collection.TestCompositeCollection... 
     [java] Transforming org.apache.commons.collections.collection.TestUnmodifiableCollection... 
     [java] Transforming org.apache.commons.collections.collection.AbstractTestCollection... 
     [java] Transforming org.apache.commons.collections.collection.TestTransformedCollection$StringToInteger... 
     [java] Transforming org.apache.commons.collections.collection.TestCompositeCollection$3... 
     [java] Transforming org.apache.commons.collections.collection.TestPredicatedCollection$1... 
     [java] Transforming org.apache.commons.collections.collection.TestPredicatedCollection... 
     [java] Transforming org.apache.commons.collections.collection.TestCompositeCollection$1... 
     [java] Transforming org.apache.commons.collections.collection.TestSynchronizedCollection... 
     [java] Transforming org.apache.commons.collections.buffer.TestBlockingBuffer... 
     [java] Transforming org.apache.commons.collections.buffer.TestBoundedFifoBuffer... 
     [java] Transforming org.apache.commons.collections.buffer.TestBoundedFifoBuffer2... 
     [java] Transforming org.apache.commons.collections.buffer.TestAll... 
     [java] Transforming org.apache.commons.collections.buffer.TestPriorityBuffer... 
     [java] Transforming org.apache.commons.collections.buffer.TestCircularFifoBuffer... 
     [java] Transforming org.apache.commons.collections.buffer.TestUnboundedFifoBuffer... 
     [java] Transforming org.apache.commons.collections.buffer.TestBlockingBuffer$DelayedAddAll... 
     [java] Transforming org.apache.commons.collections.buffer.TestBlockingBuffer$MyBuffer... 
     [java] Transforming org.apache.commons.collections.buffer.TestBlockingBuffer$ReadThread... 
     [java] Transforming org.apache.commons.collections.buffer.TestBlockingBuffer$DelayedAdd... 
     [java] Transforming org.apache.commons.collections.buffer.TestBoundedBuffer$DelayedRemove... 
     [java] Transforming org.apache.commons.collections.buffer.TestBoundedBuffer$DelayedIteratorRemove... 
     [java] Transforming org.apache.commons.collections.buffer.TestPredicatedBuffer... 
     [java] Transforming org.apache.commons.collections.buffer.TestSynchronizedBuffer... 
     [java] Transforming org.apache.commons.collections.buffer.TestUnmodifiableBuffer... 
     [java] Transforming org.apache.commons.collections.buffer.TestTransformedBuffer... 
     [java] Transforming org.apache.commons.collections.buffer.TestBoundedBuffer... 
     [java] Transforming org.apache.commons.collections.TestReferenceMap... 
     [java] Transforming org.apache.commons.collections.TestFactoryUtils$Mock1... 
     [java] Transforming org.apache.commons.collections.bag.TestAll... 
     [java] Transforming org.apache.commons.collections.bag.TestHashBag... 
     [java] Transforming org.apache.commons.collections.bag.TestPredicatedSortedBag... 
     [java] Transforming org.apache.commons.collections.bag.TestPredicatedBag$1... 
     [java] Transforming org.apache.commons.collections.bag.TestTransformedSortedBag... 
     [java] Transforming org.apache.commons.collections.bag.AbstractTestSortedBag... 
     [java] Transforming org.apache.commons.collections.bag.TestTypedSortedBag... 
     [java] Transforming org.apache.commons.collections.bag.TestTypedBag... 
     [java] Transforming org.apache.commons.collections.bag.TestPredicatedSortedBag$1... 
     [java] Transforming org.apache.commons.collections.bag.AbstractTestBag... 
     [java] Transforming org.apache.commons.collections.bag.TestPredicatedBag... 
     [java] Transforming org.apache.commons.collections.bag.TestTransformedBag... 
     [java] Transforming org.apache.commons.collections.bag.TestTreeBag... 
     [java] Transforming org.apache.commons.collections.TestFastTreeMap1... 
     [java] Transforming org.apache.commons.collections.TestFactoryUtils... 
     [java] Transforming org.apache.commons.collections.TestCollectionUtils$2... 
     [java] Transforming org.apache.commons.collections.LocalTestNode... 
     [java] Transforming org.apache.commons.collections.TestCollectionUtils$1... 
     [java] Transforming org.apache.commons.collections.TestCollectionUtils$3... 
     [java] Transforming org.apache.commons.collections.TestListUtils$1... 
     [java] Transforming org.apache.commons.collections.TestDoubleOrderedMap... 
     [java] Transforming org.apache.commons.collections.TestHashBag... 
     [java] Transforming org.apache.commons.collections.TestTreeMap... 
     [java] Transforming org.apache.commons.collections.TestUnboundedFifoBuffer... 
     [java] Transforming org.apache.commons.collections.TestLRUMap... 
     [java] Transforming org.apache.commons.collections.TestFastTreeMap... 
     [java] Transforming org.apache.commons.collections.TestMapUtils$2... 
     [java] Transforming org.apache.commons.collections.comparators.TestNullComparator... 
     [java] Transforming org.apache.commons.collections.comparators.AbstractTestComparator... 
     [java] Transforming org.apache.commons.collections.comparators.TestAll... 
     [java] Transforming org.apache.commons.collections.comparators.TestComparableComparator... 
     [java] Transforming org.apache.commons.collections.comparators.TestReverseComparator... 
     [java] Transforming org.apache.commons.collections.comparators.TestComparatorChain$PseudoRow... 
     [java] Transforming org.apache.commons.collections.comparators.TestBooleanComparator... 
     [java] Transforming org.apache.commons.collections.comparators.TestComparatorChain$1... 
     [java] Transforming org.apache.commons.collections.comparators.TestComparatorChain... 
     [java] Transforming org.apache.commons.collections.comparators.TestNullComparator$TestNullComparator1... 
     [java] Transforming org.apache.commons.collections.comparators.TestNullComparator$TestNullComparator2... 
     [java] Transforming org.apache.commons.collections.comparators.TestComparatorChain$ColumnComparator... 
     [java] Transforming org.apache.commons.collections.comparators.TestFixedOrderComparator... 
     [java] Transforming org.apache.commons.collections.TestCollectionUtils... 
     [java] Transforming org.apache.commons.collections.bidimap.AbstractTestOrderedBidiMap$TestBidiOrderedMapIterator... 
     [java] Transforming org.apache.commons.collections.bidimap.AbstractTestBidiMap$TestBidiMapEntrySet... 
     [java] Transforming org.apache.commons.collections.bidimap.TestAll... 
     [java] Transforming org.apache.commons.collections.bidimap.AbstractTestBidiMap$TestInverseBidiMap... 
     [java] Transforming org.apache.commons.collections.bidimap.TestUnmodifiableSortedBidiMap... 
     [java] Transforming org.apache.commons.collections.bidimap.TestDualTreeBidiMap... 
     [java] Transforming org.apache.commons.collections.bidimap.TestTreeBidiMap... 
     [java] Transforming org.apache.commons.collections.bidimap.AbstractTestOrderedBidiMap... 
     [java] Transforming org.apache.commons.collections.bidimap.TestUnmodifiableBidiMap... 
     [java] Transforming org.apache.commons.collections.bidimap.TestUnmodifiableOrderedBidiMap... 
     [java] Transforming org.apache.commons.collections.bidimap.TestAbstractOrderedBidiMapDecorator$TestOrderedBidiMap... 
     [java] Transforming org.apache.commons.collections.bidimap.TestDualHashBidiMap... 
     [java] Transforming org.apache.commons.collections.bidimap.TestAbstractOrderedBidiMapDecorator... 
     [java] Transforming org.apache.commons.collections.bidimap.AbstractTestSortedBidiMap... 
     [java] Transforming org.apache.commons.collections.bidimap.AbstractTestBidiMap... 
     [java] Transforming org.apache.commons.collections.bidimap.AbstractTestBidiMap$TestBidiMapIterator... 
     [java] Transforming org.apache.commons.collections.bidimap.TestDualTreeBidiMap2... 
     [java] Transforming org.apache.commons.collections.TestMultiHashMap$MapPair... 
     [java] Transforming org.apache.commons.collections.TestListUtils... 
     [java] Transforming org.apache.commons.collections.TestTransformerUtils... 
     [java] Transforming org.apache.commons.collections.TestFactoryUtils$Mock3... 
     [java] Transforming org.apache.commons.collections.MapPerformance$1... 
     [java] Transforming org.apache.commons.collections.TestFastHashMap... 
     [java] Transforming org.apache.commons.collections.TestBinaryHeap... 
     [java] Transforming org.apache.commons.collections.list.TestPredicatedList$1... 
     [java] Transforming org.apache.commons.collections.list.AbstractTestList... 
     [java] Transforming org.apache.commons.collections.list.TestFixedSizeList... 
     [java] Transforming org.apache.commons.collections.list.TestAll... 
     [java] Transforming org.apache.commons.collections.list.TestAbstractLinkedList... 
     [java] Transforming org.apache.commons.collections.list.TestSynchronizedList... 
     [java] Transforming org.apache.commons.collections.list.TestGrowthList... 
     [java] Transforming org.apache.commons.collections.list.TestNodeCachingLinkedList... 
     [java] Transforming org.apache.commons.collections.list.TestUnmodifiableList... 
     [java] Transforming org.apache.commons.collections.list.TestTypedList... 
     [java] Transforming org.apache.commons.collections.list.AbstractTestList$BulkTestSubList... 
     [java] Transforming org.apache.commons.collections.list.AbstractTestList$1... 
     [java] Transforming org.apache.commons.collections.list.TestSetUniqueList... 
     [java] Transforming org.apache.commons.collections.list.TestTreeList... 
     [java] Transforming org.apache.commons.collections.list.TestTransformedList... 
     [java] Transforming org.apache.commons.collections.list.AbstractTestList$TestListIterator... 
     [java] Transforming org.apache.commons.collections.list.TestCursorableLinkedList... 
     [java] Transforming org.apache.commons.collections.list.TestPredicatedList... 
     [java] Transforming org.apache.commons.collections.TestPredicateUtils... 
     [java] Transforming org.apache.commons.collections.TestCollectionUtils$4... 
     [java] Transforming org.apache.commons.collections.TestClosureUtils... 
     [java] Transforming org.apache.commons.collections.TestMapUtils$4... 
     [java] Transforming org.apache.commons.collections.TestMapUtils$3... 
     [java] Transforming org.apache.commons.collections.TestStaticBucketMap... 
     [java] Transforming org.apache.commons.collections.TestCollectionUtils$5... 
     [java] Transforming org.apache.commons.collections.TestFactoryUtils$Mock2... 
     [java] Transforming org.apache.commons.collections.keyvalue.TestDefaultKeyValue... 
     [java] Transforming org.apache.commons.collections.keyvalue.TestDefaultMapEntry... 
     [java] Transforming org.apache.commons.collections.keyvalue.AbstractTestMapEntry... 
     [java] Transforming org.apache.commons.collections.keyvalue.TestUnmodifiableMapEntry... 
     [java] Transforming org.apache.commons.collections.keyvalue.TestMultiKey... 
     [java] Transforming org.apache.commons.collections.keyvalue.TestAll... 
     [java] Transforming org.apache.commons.collections.keyvalue.TestTiedMapEntry... 
     [java] Transforming org.apache.commons.collections.TestFastArrayList1... 
     [java] Transforming org.apache.commons.collections.TestFastHashMap1... 
     [java] Transforming org.apache.commons.collections.set.TestSynchronizedSet... 
     [java] Transforming org.apache.commons.collections.set.TestPredicatedSet$1... 
     [java] Transforming org.apache.commons.collections.set.TestPredicatedSet... 
     [java] Transforming org.apache.commons.collections.set.TestCompositeSet$1... 
     [java] Transforming org.apache.commons.collections.set.TestTypedSortedSet... 
     [java] Transforming org.apache.commons.collections.set.TestAll... 
     [java] Transforming org.apache.commons.collections.set.TestListOrderedSet2... 
     [java] Transforming org.apache.commons.collections.set.TestSynchronizedSortedSet... 
     [java] Transforming org.apache.commons.collections.set.TestTransformedSet... 
     [java] Transforming org.apache.commons.collections.set.TestUnmodifiableSortedSet... 
     [java] Transforming org.apache.commons.collections.set.TestPredicatedSortedSet... 
     [java] Transforming org.apache.commons.collections.set.AbstractTestSortedSet$TestSortedSetSubSet... 
     [java] Transforming org.apache.commons.collections.set.TestCompositeSet$2... 
     [java] Transforming org.apache.commons.collections.set.TestPredicatedSortedSet$1... 
     [java] Transforming org.apache.commons.collections.set.TestUnmodifiableSet... 
     [java] Transforming org.apache.commons.collections.set.AbstractTestSet... 
     [java] Transforming org.apache.commons.collections.set.AbstractTestSortedSet... 
     [java] Transforming org.apache.commons.collections.set.TestListOrderedSet$B... 
     [java] Transforming org.apache.commons.collections.set.TestTypedSet... 
     [java] Transforming org.apache.commons.collections.set.TestMapBackedSet2... 
     [java] Transforming org.apache.commons.collections.set.TestTransformedSortedSet... 
     [java] Transforming org.apache.commons.collections.set.TestListOrderedSet... 
     [java] Transforming org.apache.commons.collections.set.TestListOrderedSet$A... 
     [java] Transforming org.apache.commons.collections.set.TestMapBackedSet... 
     [java] Transforming org.apache.commons.collections.set.TestCompositeSet... 
     [java] Transforming org.apache.commons.collections.TestCollectionUtils$5$1... 
     [java] Transforming org.apache.commons.collections.TestBeanMap... 
     [java] Transforming org.apache.commons.collections.TestIteratorUtils... 
     [java] Transforming org.apache.commons.collections.TestLinkedList... 
     [java] Transforming org.apache.commons.collections.TestCursorableLinkedList... 
     [java] Transforming org.apache.commons.collections.AbstractTestObject... 
     [java] Transforming org.apache.commons.collections.TestMapUtils... 
     [java] Transforming org.apache.commons.collections.TestArrayList... 
     [java] Transforming org.apache.commons.collections.TestSequencedHashMap... 
     [java] Transforming org.apache.commons.collections.MapPerformance... 
     [java] Transforming org.apache.commons.collections.BulkTest... 
     [java] Transforming org.apache.commons.collections.TestTreeBag... 
     [java] Transforming org.apache.commons.collections.MapPerformance$DummyMap... 
     [java] Transforming org.apache.commons.collections.TestSetUtils$1... 
     [java] Transforming org.apache.commons.collections.TestBagUtils... 
     [java] Transforming org.apache.commons.collections.TestFastArrayList... 
     [java] Transforming org.apache.commons.collections.TestArrayStack... 
     [java] Transforming org.apache.commons.collections.TestMapUtils$1... 
     [java] Transforming org.apache.commons.collections.TestTypedCollection... 
     [java] Transforming org.apache.commons.collections.TestAllPackages... 
     [java] Writing to sootOutput/org.apache.commons.collections.TestBufferUtils.jimple
     [java] Writing to sootOutput/org.apache.commons.collections.TestSetUtils.jimple
     [java] Writing to sootOutput/org.apache.commons.collections.TestExtendedProperties.jimple
     [java] Writing to sootOutput/org.apache.commons.collections.TestMultiHashMap.jimple
     [java] Writing to sootOutput/org.apache.commons.collections.TestClosureUtils$MockTransformer.jimple
     [java] Writing to sootOutput/org.apache.commons.collections.TestListUtils$2.jimple
     [java] Writing to sootOutput/org.apache.commons.collections.TestBufferUtils$1.jimple
     [java] Writing to sootOutput/org.apache.commons.collections.TestClosureUtils$MockClosure.jimple
     [java] Writing to sootOutput/org.apache.commons.collections.TestBeanMap$BeanWithProperties.jimple
     [java] Writing to sootOutput/org.apache.commons.collections.BulkTestSuiteMaker.jimple
     [java] Writing to sootOutput/org.apache.commons.collections.TestLRUMap$LRUCounter.jimple
     [java] Writing to sootOutput/org.apache.commons.collections.map.AbstractTestIterableMap.jimple
     [java] Writing to sootOutput/org.apache.commons.collections.map.AbstractTestMap.jimple
     [java] Writing to sootOutput/org.apache.commons.collections.map.TestPredicatedMap$1.jimple
     [java] Writing to sootOutput/org.apache.commons.collections.map.TestFlat3Map.jimple
     [java] Writing to sootOutput/org.apache.commons.collections.map.AbstractTestOrderedMap$InnerTestOrderedMapIterator.jimple
     [java] Writing to sootOutput/org.apache.commons.collections.map.TestPredicatedSortedMap.jimple
     [java] Writing to sootOutput/org.apache.commons.collections.map.TestAll.jimple
     [java] Writing to sootOutput/org.apache.commons.collections.map.TestPredicatedMap.jimple
     [java] Writing to sootOutput/org.apache.commons.collections.map.TestListOrderedMap2$TestListView.jimple
     [java] Writing to sootOutput/org.apache.commons.collections.map.TestReferenceMap.jimple
     [java] Writing to sootOutput/org.apache.commons.collections.map.TestPredicatedSortedMap$1.jimple
     [java] Writing to sootOutput/org.apache.commons.collections.map.TestCompositeMap$3.jimple
     [java] Writing to sootOutput/org.apache.commons.collections.map.TestLRUMap$MockLRUMapSubclassFirstBlocksRemove.jimple
     [java] Writing to sootOutput/org.apache.commons.collections.map.TestUnmodifiableOrderedMap.jimple
     [java] Writing to sootOutput/org.apache.commons.collections.map.TestFlat3Map$TestFlatMapIterator.jimple
     [java] Writing to sootOutput/org.apache.commons.collections.map.AbstractTestSortedMap$TestSubMap.jimple
     [java] Writing to sootOutput/org.apache.commons.collections.map.TestMultiValueMap.jimple
     [java] Writing to sootOutput/org.apache.commons.collections.map.TestLRUMap$MockLRUMapSubclassBlocksRemove.jimple
     [java] Writing to sootOutput/org.apache.commons.collections.map.TestLazySortedMap.jimple
     [java] Writing to sootOutput/org.apache.commons.collections.map.AbstractTestMap$TestMapEntrySet.jimple
     [java] Writing to sootOutput/org.apache.commons.collections.map.TestLRUMap.jimple
     [java] Writing to sootOutput/org.apache.commons.collections.map.TestTransformedSortedMap.jimple
     [java] Writing to sootOutput/org.apache.commons.collections.map.TestListOrderedMap.jimple
     [java] Writing to sootOutput/org.apache.commons.collections.map.TestLinkedMap.jimple
     [java] Writing to sootOutput/org.apache.commons.collections.map.TestFixedSizeMap.jimple
     [java] Writing to sootOutput/org.apache.commons.collections.map.TestCompositeMap$1.jimple
     [java] Writing to sootOutput/org.apache.commons.collections.map.TestListOrderedMap2.jimple
     [java] Writing to sootOutput/org.apache.commons.collections.map.TestSingletonMap.jimple
     [java] Writing to sootOutput/org.apache.commons.collections.map.TestCompositeMap$4.jimple
     [java] Writing to sootOutput/org.apache.commons.collections.map.TestUnmodifiableMap.jimple
     [java] Writing to sootOutput/org.apache.commons.collections.map.TestLazyMap.jimple
     [java] Writing to sootOutput/org.apache.commons.collections.map.TestListOrderedMap$TestValueListView.jimple
     [java] Writing to sootOutput/org.apache.commons.collections.map.TestStaticBucketMap.jimple
     [java] Writing to sootOutput/org.apache.commons.collections.map.TestCompositeMap$2.jimple
     [java] Writing to sootOutput/org.apache.commons.collections.map.TestReferenceIdentityMap.jimple
     [java] Writing to sootOutput/org.apache.commons.collections.map.AbstractTestIterableMap$InnerTestMapIterator.jimple
     [java] Writing to sootOutput/org.apache.commons.collections.map.TestDefaultedMap$1.jimple
     [java] Writing to sootOutput/org.apache.commons.collections.map.TestUnmodifiableSortedMap.jimple
     [java] Writing to sootOutput/org.apache.commons.collections.map.TestListOrderedMap$TestKeyListView.jimple
     [java] Writing to sootOutput/org.apache.commons.collections.map.AbstractTestSortedMap$TestTailMap.jimple
     [java] Writing to sootOutput/org.apache.commons.collections.map.TestCompositeMap.jimple
     [java] Writing to sootOutput/org.apache.commons.collections.map.TestCaseInsensitiveMap.jimple
     [java] Writing to sootOutput/org.apache.commons.collections.map.AbstractTestMap$TestMapValues.jimple
     [java] Writing to sootOutput/org.apache.commons.collections.map.TestLRUMap$SingleHashCode.jimple
     [java] Writing to sootOutput/org.apache.commons.collections.map.AbstractTestSortedMap$TestHeadMap.jimple
     [java] Writing to sootOutput/org.apache.commons.collections.map.AbstractTestOrderedMap.jimple
     [java] Writing to sootOutput/org.apache.commons.collections.map.TestTransformedMap.jimple
     [java] Writing to sootOutput/org.apache.commons.collections.map.TestLinkedMap$TestListView.jimple
     [java] Writing to sootOutput/org.apache.commons.collections.map.TestMultiKeyMap.jimple
     [java] Writing to sootOutput/org.apache.commons.collections.map.AbstractTestSortedMap$TestViewMap.jimple
     [java] Writing to sootOutput/org.apache.commons.collections.map.TestIdentityMap.jimple
     [java] Writing to sootOutput/org.apache.commons.collections.map.TestLRUMap$MockLRUMapSubclass.jimple
     [java] Writing to sootOutput/org.apache.commons.collections.map.AbstractTestMap$TestMapKeySet.jimple
     [java] Writing to sootOutput/org.apache.commons.collections.map.TestHashedMap.jimple
     [java] Writing to sootOutput/org.apache.commons.collections.map.AbstractTestSortedMap.jimple
     [java] Writing to sootOutput/org.apache.commons.collections.map.TestFixedSizeSortedMap.jimple
     [java] Writing to sootOutput/org.apache.commons.collections.map.TestDefaultedMap.jimple
     [java] Writing to sootOutput/org.apache.commons.collections.TestBoundedFifoBuffer.jimple
     [java] Writing to sootOutput/org.apache.commons.collections.TestBoundedFifoBuffer2.jimple
     [java] Writing to sootOutput/org.apache.commons.collections.TestEnumerationUtils.jimple
     [java] Writing to sootOutput/org.apache.commons.collections.TestAll.jimple
     [java] Writing to sootOutput/org.apache.commons.collections.iterators.TestSingletonListIterator.jimple
     [java] Writing to sootOutput/org.apache.commons.collections.iterators.TestObjectGraphIterator.jimple
     [java] Writing to sootOutput/org.apache.commons.collections.iterators.TestObjectGraphIterator$Branch.jimple
     [java] Writing to sootOutput/org.apache.commons.collections.iterators.TestFilterListIterator$6.jimple
     [java] Writing to sootOutput/org.apache.commons.collections.iterators.TestFilterListIterator.jimple
     [java] Writing to sootOutput/org.apache.commons.collections.iterators.TestUnmodifiableListIterator.jimple
     [java] Writing to sootOutput/org.apache.commons.collections.iterators.TestAll.jimple
     [java] Writing to sootOutput/org.apache.commons.collections.iterators.TestIteratorChain$1.jimple
     [java] Writing to sootOutput/org.apache.commons.collections.iterators.TestListIteratorWrapper.jimple
     [java] Writing to sootOutput/org.apache.commons.collections.iterators.TestObjectArrayIterator.jimple
     [java] Writing to sootOutput/org.apache.commons.collections.iterators.TestFilterIterator$1.jimple
     [java] Writing to sootOutput/org.apache.commons.collections.iterators.TestFilterIterator.jimple
     [java] Writing to sootOutput/org.apache.commons.collections.iterators.TestArrayListIterator.jimple
     [java] Writing to sootOutput/org.apache.commons.collections.iterators.TestArrayListIterator2.jimple
     [java] Writing to sootOutput/org.apache.commons.collections.iterators.TestCollatingIterator.jimple
     [java] Writing to sootOutput/org.apache.commons.collections.iterators.TestObjectArrayListIterator.jimple
     [java] Writing to sootOutput/org.apache.commons.collections.iterators.AbstractTestIterator.jimple
     [java] Writing to sootOutput/org.apache.commons.collections.iterators.TestSingletonIterator.jimple
     [java] Writing to sootOutput/org.apache.commons.collections.iterators.TestLoopingIterator.jimple
     [java] Writing to sootOutput/org.apache.commons.collections.iterators.TestUnmodifiableOrderedMapIterator.jimple
     [java] Writing to sootOutput/org.apache.commons.collections.iterators.TestUnmodifiableMapIterator.jimple
     [java] Writing to sootOutput/org.apache.commons.collections.iterators.TestFilterListIterator$3.jimple
     [java] Writing to sootOutput/org.apache.commons.collections.iterators.TestUniqueFilterIterator.jimple
     [java] Writing to sootOutput/org.apache.commons.collections.iterators.TestObjectGraphIterator$Forest.jimple
     [java] Writing to sootOutput/org.apache.commons.collections.iterators.AbstractTestOrderedMapIterator.jimple
     [java] Writing to sootOutput/org.apache.commons.collections.iterators.TestObjectArrayListIterator2.jimple
     [java] Writing to sootOutput/org.apache.commons.collections.iterators.TestObjectGraphIterator$Tree.jimple
     [java] Writing to sootOutput/org.apache.commons.collections.iterators.TestObjectGraphIterator$Leaf.jimple
     [java] Writing to sootOutput/org.apache.commons.collections.iterators.TestFilterListIterator$4.jimple
     [java] Writing to sootOutput/org.apache.commons.collections.iterators.TestObjectGraphIterator$LeafFinder.jimple
     [java] Writing to sootOutput/org.apache.commons.collections.iterators.TestArrayIterator2.jimple
     [java] Writing to sootOutput/org.apache.commons.collections.iterators.TestLoopingListIterator.jimple
     [java] Writing to sootOutput/org.apache.commons.collections.iterators.TestFilterIterator$3.jimple
     [java] Writing to sootOutput/org.apache.commons.collections.iterators.AbstractTestMapIterator.jimple
     [java] Writing to sootOutput/org.apache.commons.collections.iterators.TestReverseListIterator.jimple
     [java] Writing to sootOutput/org.apache.commons.collections.iterators.TestSingletonIterator2.jimple
     [java] Writing to sootOutput/org.apache.commons.collections.iterators.TestFilterListIterator$2.jimple
     [java] Writing to sootOutput/org.apache.commons.collections.iterators.TestIteratorChain.jimple
     [java] Writing to sootOutput/org.apache.commons.collections.iterators.AbstractTestListIterator.jimple
     [java] Writing to sootOutput/org.apache.commons.collections.iterators.TestFilterIterator$2.jimple
     [java] Writing to sootOutput/org.apache.commons.collections.iterators.TestFilterListIterator$1.jimple
     [java] Writing to sootOutput/org.apache.commons.collections.iterators.TestUnmodifiableIterator.jimple
     [java] Writing to sootOutput/org.apache.commons.collections.iterators.TestFilterListIterator$5.jimple
     [java] Writing to sootOutput/org.apache.commons.collections.iterators.TestArrayIterator.jimple
     [java] Writing to sootOutput/org.apache.commons.collections.collection.TestTransformedCollection$1.jimple
     [java] Writing to sootOutput/org.apache.commons.collections.collection.TestTransformedCollection.jimple
     [java] Writing to sootOutput/org.apache.commons.collections.collection.TestAll.jimple
     [java] Writing to sootOutput/org.apache.commons.collections.collection.TestCompositeCollection$2.jimple
     [java] Writing to sootOutput/org.apache.commons.collections.collection.TestCompositeCollection.jimple
     [java] Writing to sootOutput/org.apache.commons.collections.collection.TestUnmodifiableCollection.jimple
     [java] Writing to sootOutput/org.apache.commons.collections.collection.AbstractTestCollection.jimple
     [java] Writing to sootOutput/org.apache.commons.collections.collection.TestTransformedCollection$StringToInteger.jimple
     [java] Writing to sootOutput/org.apache.commons.collections.collection.TestCompositeCollection$3.jimple
     [java] Writing to sootOutput/org.apache.commons.collections.collection.TestPredicatedCollection$1.jimple
     [java] Writing to sootOutput/org.apache.commons.collections.collection.TestPredicatedCollection.jimple
     [java] Writing to sootOutput/org.apache.commons.collections.collection.TestCompositeCollection$1.jimple
     [java] Writing to sootOutput/org.apache.commons.collections.collection.TestSynchronizedCollection.jimple
     [java] Writing to sootOutput/org.apache.commons.collections.buffer.TestBlockingBuffer.jimple
     [java] Writing to sootOutput/org.apache.commons.collections.buffer.TestBoundedFifoBuffer.jimple
     [java] Writing to sootOutput/org.apache.commons.collections.buffer.TestBoundedFifoBuffer2.jimple
     [java] Writing to sootOutput/org.apache.commons.collections.buffer.TestAll.jimple
     [java] Writing to sootOutput/org.apache.commons.collections.buffer.TestPriorityBuffer.jimple
     [java] Writing to sootOutput/org.apache.commons.collections.buffer.TestCircularFifoBuffer.jimple
     [java] Writing to sootOutput/org.apache.commons.collections.buffer.TestUnboundedFifoBuffer.jimple
     [java] Writing to sootOutput/org.apache.commons.collections.buffer.TestBlockingBuffer$DelayedAddAll.jimple
     [java] Writing to sootOutput/org.apache.commons.collections.buffer.TestBlockingBuffer$MyBuffer.jimple
     [java] Writing to sootOutput/org.apache.commons.collections.buffer.TestBlockingBuffer$ReadThread.jimple
     [java] Writing to sootOutput/org.apache.commons.collections.buffer.TestBlockingBuffer$DelayedAdd.jimple
     [java] Writing to sootOutput/org.apache.commons.collections.buffer.TestBoundedBuffer$DelayedRemove.jimple
     [java] Writing to sootOutput/org.apache.commons.collections.buffer.TestBoundedBuffer$DelayedIteratorRemove.jimple
     [java] Writing to sootOutput/org.apache.commons.collections.buffer.TestPredicatedBuffer.jimple
     [java] Writing to sootOutput/org.apache.commons.collections.buffer.TestSynchronizedBuffer.jimple
     [java] Writing to sootOutput/org.apache.commons.collections.buffer.TestUnmodifiableBuffer.jimple
     [java] Writing to sootOutput/org.apache.commons.collections.buffer.TestTransformedBuffer.jimple
     [java] Writing to sootOutput/org.apache.commons.collections.buffer.TestBoundedBuffer.jimple
     [java] Writing to sootOutput/org.apache.commons.collections.TestReferenceMap.jimple
     [java] Writing to sootOutput/org.apache.commons.collections.TestFactoryUtils$Mock1.jimple
     [java] Writing to sootOutput/org.apache.commons.collections.bag.TestAll.jimple
     [java] Writing to sootOutput/org.apache.commons.collections.bag.TestHashBag.jimple
     [java] Writing to sootOutput/org.apache.commons.collections.bag.TestPredicatedSortedBag.jimple
     [java] Writing to sootOutput/org.apache.commons.collections.bag.TestPredicatedBag$1.jimple
     [java] Writing to sootOutput/org.apache.commons.collections.bag.TestTransformedSortedBag.jimple
     [java] Writing to sootOutput/org.apache.commons.collections.bag.AbstractTestSortedBag.jimple
     [java] Writing to sootOutput/org.apache.commons.collections.bag.TestTypedSortedBag.jimple
     [java] Writing to sootOutput/org.apache.commons.collections.bag.TestTypedBag.jimple
     [java] Writing to sootOutput/org.apache.commons.collections.bag.TestPredicatedSortedBag$1.jimple
     [java] Writing to sootOutput/org.apache.commons.collections.bag.AbstractTestBag.jimple
     [java] Writing to sootOutput/org.apache.commons.collections.bag.TestPredicatedBag.jimple
     [java] Writing to sootOutput/org.apache.commons.collections.bag.TestTransformedBag.jimple
     [java] Writing to sootOutput/org.apache.commons.collections.bag.TestTreeBag.jimple
     [java] Writing to sootOutput/org.apache.commons.collections.TestFastTreeMap1.jimple
     [java] Writing to sootOutput/org.apache.commons.collections.TestFactoryUtils.jimple
     [java] Writing to sootOutput/org.apache.commons.collections.TestCollectionUtils$2.jimple
     [java] Writing to sootOutput/org.apache.commons.collections.LocalTestNode.jimple
     [java] Writing to sootOutput/org.apache.commons.collections.TestCollectionUtils$1.jimple
     [java] Writing to sootOutput/org.apache.commons.collections.TestCollectionUtils$3.jimple
     [java] Writing to sootOutput/org.apache.commons.collections.TestListUtils$1.jimple
     [java] Writing to sootOutput/org.apache.commons.collections.TestDoubleOrderedMap.jimple
     [java] Writing to sootOutput/org.apache.commons.collections.TestHashBag.jimple
     [java] Writing to sootOutput/org.apache.commons.collections.TestTreeMap.jimple
     [java] Writing to sootOutput/org.apache.commons.collections.TestUnboundedFifoBuffer.jimple
     [java] Writing to sootOutput/org.apache.commons.collections.TestLRUMap.jimple
     [java] Writing to sootOutput/org.apache.commons.collections.TestFastTreeMap.jimple
     [java] Writing to sootOutput/org.apache.commons.collections.TestMapUtils$2.jimple
     [java] Writing to sootOutput/org.apache.commons.collections.comparators.TestNullComparator.jimple
     [java] Writing to sootOutput/org.apache.commons.collections.comparators.AbstractTestComparator.jimple
     [java] Writing to sootOutput/org.apache.commons.collections.comparators.TestAll.jimple
     [java] Writing to sootOutput/org.apache.commons.collections.comparators.TestComparableComparator.jimple
     [java] Writing to sootOutput/org.apache.commons.collections.comparators.TestReverseComparator.jimple
     [java] Writing to sootOutput/org.apache.commons.collections.comparators.TestComparatorChain$PseudoRow.jimple
     [java] Writing to sootOutput/org.apache.commons.collections.comparators.TestBooleanComparator.jimple
     [java] Writing to sootOutput/org.apache.commons.collections.comparators.TestComparatorChain$1.jimple
     [java] Writing to sootOutput/org.apache.commons.collections.comparators.TestComparatorChain.jimple
     [java] Writing to sootOutput/org.apache.commons.collections.comparators.TestNullComparator$TestNullComparator1.jimple
     [java] Writing to sootOutput/org.apache.commons.collections.comparators.TestNullComparator$TestNullComparator2.jimple
     [java] Writing to sootOutput/org.apache.commons.collections.comparators.TestComparatorChain$ColumnComparator.jimple
     [java] Writing to sootOutput/org.apache.commons.collections.comparators.TestFixedOrderComparator.jimple
     [java] Writing to sootOutput/org.apache.commons.collections.TestCollectionUtils.jimple
     [java] Writing to sootOutput/org.apache.commons.collections.bidimap.AbstractTestOrderedBidiMap$TestBidiOrderedMapIterator.jimple
     [java] Writing to sootOutput/org.apache.commons.collections.bidimap.AbstractTestBidiMap$TestBidiMapEntrySet.jimple
     [java] Writing to sootOutput/org.apache.commons.collections.bidimap.TestAll.jimple
     [java] Writing to sootOutput/org.apache.commons.collections.bidimap.AbstractTestBidiMap$TestInverseBidiMap.jimple
     [java] Writing to sootOutput/org.apache.commons.collections.bidimap.TestUnmodifiableSortedBidiMap.jimple
     [java] Writing to sootOutput/org.apache.commons.collections.bidimap.TestDualTreeBidiMap.jimple
     [java] Writing to sootOutput/org.apache.commons.collections.bidimap.TestTreeBidiMap.jimple
     [java] Writing to sootOutput/org.apache.commons.collections.bidimap.AbstractTestOrderedBidiMap.jimple
     [java] Writing to sootOutput/org.apache.commons.collections.bidimap.TestUnmodifiableBidiMap.jimple
     [java] Writing to sootOutput/org.apache.commons.collections.bidimap.TestUnmodifiableOrderedBidiMap.jimple
     [java] Writing to sootOutput/org.apache.commons.collections.bidimap.TestAbstractOrderedBidiMapDecorator$TestOrderedBidiMap.jimple
     [java] Writing to sootOutput/org.apache.commons.collections.bidimap.TestDualHashBidiMap.jimple
     [java] Writing to sootOutput/org.apache.commons.collections.bidimap.TestAbstractOrderedBidiMapDecorator.jimple
     [java] Writing to sootOutput/org.apache.commons.collections.bidimap.AbstractTestSortedBidiMap.jimple
     [java] Writing to sootOutput/org.apache.commons.collections.bidimap.AbstractTestBidiMap.jimple
     [java] Writing to sootOutput/org.apache.commons.collections.bidimap.AbstractTestBidiMap$TestBidiMapIterator.jimple
     [java] Writing to sootOutput/org.apache.commons.collections.bidimap.TestDualTreeBidiMap2.jimple
     [java] Writing to sootOutput/org.apache.commons.collections.TestMultiHashMap$MapPair.jimple
     [java] Writing to sootOutput/org.apache.commons.collections.TestListUtils.jimple
     [java] Writing to sootOutput/org.apache.commons.collections.TestTransformerUtils.jimple
     [java] Writing to sootOutput/org.apache.commons.collections.TestFactoryUtils$Mock3.jimple
     [java] Writing to sootOutput/org.apache.commons.collections.MapPerformance$1.jimple
     [java] Writing to sootOutput/org.apache.commons.collections.TestFastHashMap.jimple
     [java] Writing to sootOutput/org.apache.commons.collections.TestBinaryHeap.jimple
     [java] Writing to sootOutput/org.apache.commons.collections.list.TestPredicatedList$1.jimple
     [java] Writing to sootOutput/org.apache.commons.collections.list.AbstractTestList.jimple
     [java] Writing to sootOutput/org.apache.commons.collections.list.TestFixedSizeList.jimple
     [java] Writing to sootOutput/org.apache.commons.collections.list.TestAll.jimple
     [java] Writing to sootOutput/org.apache.commons.collections.list.TestAbstractLinkedList.jimple
     [java] Writing to sootOutput/org.apache.commons.collections.list.TestSynchronizedList.jimple
     [java] Writing to sootOutput/org.apache.commons.collections.list.TestGrowthList.jimple
     [java] Writing to sootOutput/org.apache.commons.collections.list.TestNodeCachingLinkedList.jimple
     [java] Writing to sootOutput/org.apache.commons.collections.list.TestUnmodifiableList.jimple
     [java] Writing to sootOutput/org.apache.commons.collections.list.TestTypedList.jimple
     [java] Writing to sootOutput/org.apache.commons.collections.list.AbstractTestList$BulkTestSubList.jimple
     [java] Writing to sootOutput/org.apache.commons.collections.list.AbstractTestList$1.jimple
     [java] Writing to sootOutput/org.apache.commons.collections.list.TestSetUniqueList.jimple
     [java] Writing to sootOutput/org.apache.commons.collections.list.TestTreeList.jimple
     [java] Writing to sootOutput/org.apache.commons.collections.list.TestTransformedList.jimple
     [java] Writing to sootOutput/org.apache.commons.collections.list.AbstractTestList$TestListIterator.jimple
     [java] Writing to sootOutput/org.apache.commons.collections.list.TestCursorableLinkedList.jimple
     [java] Writing to sootOutput/org.apache.commons.collections.list.TestPredicatedList.jimple
     [java] Writing to sootOutput/org.apache.commons.collections.TestPredicateUtils.jimple
     [java] Writing to sootOutput/org.apache.commons.collections.TestCollectionUtils$4.jimple
     [java] Writing to sootOutput/org.apache.commons.collections.TestClosureUtils.jimple
     [java] Writing to sootOutput/org.apache.commons.collections.TestMapUtils$4.jimple
     [java] Writing to sootOutput/org.apache.commons.collections.TestMapUtils$3.jimple
     [java] Writing to sootOutput/org.apache.commons.collections.TestStaticBucketMap.jimple
     [java] Writing to sootOutput/org.apache.commons.collections.TestCollectionUtils$5.jimple
     [java] Writing to sootOutput/org.apache.commons.collections.TestFactoryUtils$Mock2.jimple
     [java] Writing to sootOutput/org.apache.commons.collections.keyvalue.TestDefaultKeyValue.jimple
     [java] Writing to sootOutput/org.apache.commons.collections.keyvalue.TestDefaultMapEntry.jimple
     [java] Writing to sootOutput/org.apache.commons.collections.keyvalue.AbstractTestMapEntry.jimple
     [java] Writing to sootOutput/org.apache.commons.collections.keyvalue.TestUnmodifiableMapEntry.jimple
     [java] Writing to sootOutput/org.apache.commons.collections.keyvalue.TestMultiKey.jimple
     [java] Writing to sootOutput/org.apache.commons.collections.keyvalue.TestAll.jimple
     [java] Writing to sootOutput/org.apache.commons.collections.keyvalue.TestTiedMapEntry.jimple
     [java] Writing to sootOutput/org.apache.commons.collections.TestFastArrayList1.jimple
     [java] Writing to sootOutput/org.apache.commons.collections.TestFastHashMap1.jimple
     [java] Writing to sootOutput/org.apache.commons.collections.set.TestSynchronizedSet.jimple
     [java] Writing to sootOutput/org.apache.commons.collections.set.TestPredicatedSet$1.jimple
     [java] Writing to sootOutput/org.apache.commons.collections.set.TestPredicatedSet.jimple
     [java] Writing to sootOutput/org.apache.commons.collections.set.TestCompositeSet$1.jimple
     [java] Writing to sootOutput/org.apache.commons.collections.set.TestTypedSortedSet.jimple
     [java] Writing to sootOutput/org.apache.commons.collections.set.TestAll.jimple
     [java] Writing to sootOutput/org.apache.commons.collections.set.TestListOrderedSet2.jimple
     [java] Writing to sootOutput/org.apache.commons.collections.set.TestSynchronizedSortedSet.jimple
     [java] Writing to sootOutput/org.apache.commons.collections.set.TestTransformedSet.jimple
     [java] Writing to sootOutput/org.apache.commons.collections.set.TestUnmodifiableSortedSet.jimple
     [java] Writing to sootOutput/org.apache.commons.collections.set.TestPredicatedSortedSet.jimple
     [java] Writing to sootOutput/org.apache.commons.collections.set.AbstractTestSortedSet$TestSortedSetSubSet.jimple
     [java] Writing to sootOutput/org.apache.commons.collections.set.TestCompositeSet$2.jimple
     [java] Writing to sootOutput/org.apache.commons.collections.set.TestPredicatedSortedSet$1.jimple
     [java] Writing to sootOutput/org.apache.commons.collections.set.TestUnmodifiableSet.jimple
     [java] Writing to sootOutput/org.apache.commons.collections.set.AbstractTestSet.jimple
     [java] Writing to sootOutput/org.apache.commons.collections.set.AbstractTestSortedSet.jimple
     [java] Writing to sootOutput/org.apache.commons.collections.set.TestListOrderedSet$B.jimple
     [java] Writing to sootOutput/org.apache.commons.collections.set.TestTypedSet.jimple
     [java] Writing to sootOutput/org.apache.commons.collections.set.TestMapBackedSet2.jimple
     [java] Writing to sootOutput/org.apache.commons.collections.set.TestTransformedSortedSet.jimple
     [java] Writing to sootOutput/org.apache.commons.collections.set.TestListOrderedSet.jimple
     [java] Writing to sootOutput/org.apache.commons.collections.set.TestListOrderedSet$A.jimple
     [java] Writing to sootOutput/org.apache.commons.collections.set.TestMapBackedSet.jimple
     [java] Writing to sootOutput/org.apache.commons.collections.set.TestCompositeSet.jimple
     [java] Writing to sootOutput/org.apache.commons.collections.TestCollectionUtils$5$1.jimple
     [java] Writing to sootOutput/org.apache.commons.collections.TestBeanMap.jimple
     [java] Writing to sootOutput/org.apache.commons.collections.TestIteratorUtils.jimple
     [java] Writing to sootOutput/org.apache.commons.collections.TestLinkedList.jimple
     [java] Writing to sootOutput/org.apache.commons.collections.TestCursorableLinkedList.jimple
     [java] Writing to sootOutput/org.apache.commons.collections.AbstractTestObject.jimple
     [java] Writing to sootOutput/org.apache.commons.collections.TestMapUtils.jimple
     [java] Writing to sootOutput/org.apache.commons.collections.TestArrayList.jimple
     [java] Writing to sootOutput/org.apache.commons.collections.TestSequencedHashMap.jimple
     [java] Writing to sootOutput/org.apache.commons.collections.MapPerformance.jimple
     [java] Writing to sootOutput/org.apache.commons.collections.BulkTest.jimple
     [java] Writing to sootOutput/org.apache.commons.collections.TestTreeBag.jimple
     [java] Writing to sootOutput/org.apache.commons.collections.MapPerformance$DummyMap.jimple
     [java] Writing to sootOutput/org.apache.commons.collections.TestSetUtils$1.jimple
     [java] Writing to sootOutput/org.apache.commons.collections.TestBagUtils.jimple
     [java] Writing to sootOutput/org.apache.commons.collections.TestFastArrayList.jimple
     [java] Writing to sootOutput/org.apache.commons.collections.TestArrayStack.jimple
     [java] Writing to sootOutput/org.apache.commons.collections.TestMapUtils$1.jimple
     [java] Writing to sootOutput/org.apache.commons.collections.TestTypedCollection.jimple
     [java] Writing to sootOutput/org.apache.commons.collections.TestAllPackages.jimple
     [java] Soot finished on Sun Oct 19 21:55:11 PDT 2014
     [java] Soot has run for 8 min. 52 sec.

BUILD SUCCESSFUL
Total time: 8 minutes 54 seconds
