Buildfile: /home/zfang/cloneanalysis/build.xml

init:
    [mkdir] Created dir: /home/zfang/cloneanalysis/bin

build:
     [echo] CloneAnalysis: /home/zfang/cloneanalysis/build.xml
    [javac] Compiling 36 source files to /home/zfang/cloneanalysis/bin
    [javac] warning: [options] bootstrap class path not set in conjunction with -source 1.6
    [javac] Note: Some input files use unchecked or unsafe operations.
    [javac] Note: Recompile with -Xlint:unchecked for details.
    [javac] 1 warning

main:
     [echo] Analysing jdom
     [java] Soot arguments:
     [java] -cp lib/junit-4.11.jar:lib/rt.jar:lib/jce.jar:/home/zfang/projects/jdom/core/build/classes:/home/zfang/projects/jdom/dist-1.SNAPSHOT/jdom-1.SNAPSHOT.jar:/home/zfang/projects/jdom/test/build/jdom-test-1.SNAPSHOT.jar:/home/zfang/projects/jdom/contrib/lib/isorelax.jar:/home/zfang/projects/jdom/contrib/lib/jakarta-regexp-1.1.jar:/home/zfang/projects/jdom/core/lib/ant.jar:/home/zfang/projects/jdom/core/lib/jaxen.jar:/home/zfang/projects/jdom/core/lib/xalan.jar:/home/zfang/projects/jdom/core/lib/xerces.jar:/home/zfang/projects/jdom/core/lib/xml-apis.jar:/home/zfang/projects/jdom/test/lib/optional.jar -f jimple -w -full-resolver -print-tags -allow-phantom-refs -keep-line-number -p jop enabled:true -O -p cg.cha enabled:true -p cg.spark enabled:false -x junit.framework org.jdom.test.cases.Alltests -process-dir /home/zfang/projects/jdom/test/build/classes/ 
     [java] Logging to file: /home/zfang/cloneanalysis/results/jdom/results
     [java] Soot started on Sun Oct 19 21:04:17 PDT 2014
     [java] Warning: java.dyn.InvokeDynamic is a phantom class!
     [java] Warning: junit.swingui.TestRunner is a phantom class!
     [java] Warning: XSLTransform is a phantom class!
     [java] Warning: WarReader is a phantom class!
     [java] Warning: JDOMAbout is a phantom class!
     [java] Warning: JDOMAbout$Author is a phantom class!
     [java] Warning: XPathReader is a phantom class!
     [java] Warning: DescendantDemo is a phantom class!
     [java] Warning: JDOMAbout$Info is a phantom class!
     [java] Warning: SAXBuilderDemo is a phantom class!
     [java] Warning: sax.XMLFilterBase is a phantom class!
     [java] Warning: sax.DataFormatFilter is a phantom class!
     [java] Warning: sax.DataUnformatFilter is a phantom class!
     [java] Warning: sax.XMLReaderBase is a phantom class!
     [java] Warning: sax.FilterTest is a phantom class!
     [java] Warning: sax.DocumentReader is a phantom class!
     [java] Warning: sax.XMLWriter is a phantom class!
     [java] Warning: sax.ReaderTest is a phantom class!
     [java] No main class given. Inferred 'org.jdom.test.cases.Alltests' as main class.
     [java] [Call Graph] For information on where the call graph may be incomplete, use the verbose option to the cg phase.
     [java] payload size: 310
     [java] Executed 310 tasks for 0s
     [java] payload size: 1507
     [java] Executed 1507 tasks for 0s
     [java] payload size: 1507
     [java] Executed 390165 tasks for 1s
     [java] Executed mergeStaticCalls for 0s
     [java] payload size: 249
     [java] Executed 249 tasks for 0s
     [java] payload size: 249
     [java] Executed 30876 tasks for 0s
     [java] Executed mergeMethods for 0s
     [java] 
     [java] Logging to file: /home/zfang/cloneanalysis/results/jdom/all_methods
     [java] 
     [java] Logging to file: /home/zfang/cloneanalysis/results/jdom/method_sets_by_assert_flow
     [java] 
     [java] Logging to file: /home/zfang/cloneanalysis/results/jdom/methods_in_at_least_one_clone_set
     [java] 
     [java] Logging to file: /home/zfang/cloneanalysis/results/jdom/method_results
     [java] 
     [java] Logging to file: /home/zfang/cloneanalysis/results/jdom/method_stats
     [java] 
     [java] Logging to file: /home/zfang/cloneanalysis/results/jdom/class_stats
     [java] Execution time for runSimilarityAnalysis: 2s
     [java] Transforming XSLTransform... 
     [java] Transforming WarReader... 
     [java] Transforming JDOMAbout... 
     [java] Transforming org.jdom.DataConversionException... 
     [java] Transforming org.jdom.IllegalAddException... 
     [java] Transforming org.jdom.transform.XSLTransformer... 
     [java] Transforming org.jdom.transform.JDOMResult$DocumentBuilder... 
     [java] Transforming org.jdom.transform.JDOMSource... 
     [java] Transforming org.jdom.transform.JDOMSource$DocumentReader... 
     [java] Transforming org.jdom.transform.JDOMSource$JDOMInputSource... 
     [java] Transforming org.jdom.transform.JDOMResult... 
     [java] Transforming org.jdom.transform.XSLTransformException... 
     [java] Transforming org.jdom.transform.JDOMResult$FragmentHandler... 
     [java] Transforming org.jdom.Text... 
     [java] Transforming org.jdom.Namespace... 
     [java] Transforming org.jdom.NamespaceKey... 
     [java] Transforming org.jdom.input.JDOMParseException... 
     [java] Transforming org.jdom.input.SAXBuilder... 
     [java] Transforming org.jdom.input.BuilderErrorHandler... 
     [java] Transforming org.jdom.input.TextBuffer... 
     [java] Transforming org.jdom.input.DOMBuilder... 
     [java] Transforming org.jdom.input.SAXHandler... 
     [java] Transforming org.jdom.input.JAXPParserFactory... 
     [java] Transforming org.jdom.IllegalDataException... 
     [java] Transforming org.jdom.Parent... 
     [java] Transforming org.jdom.DescendantIterator... 
     [java] Transforming org.jdom.JDOMException... 
     [java] Transforming org.jdom.ContentList... 
     [java] Transforming org.jdom.Verifier... 
     [java] Transforming org.jdom.xpath.XPath$XPathString... 
     [java] Transforming org.jdom.xpath.JaxenXPath... 
     [java] Transforming org.jdom.xpath.XPath... 
     [java] Transforming org.jdom.xpath.JaxenXPath$NSContext... 
     [java] Transforming org.jdom.IllegalNameException... 
     [java] Transforming org.jdom.EntityRef... 
     [java] Transforming org.jdom.UncheckedJDOMFactory... 
     [java] Transforming org.jdom.ContentList$FilterList... 
     [java] Transforming org.jdom.ContentList$FilterListIterator... 
     [java] Transforming org.jdom.Content... 
     [java] Transforming org.jdom.test.filterlist.FilterListRandomizer$OurText... 
     [java] Transforming org.jdom.test.filterlist.FilterListRandomizer... 
     [java] Transforming org.jdom.test.filterlist.FilterListIteratorRandomizer... 
     [java] Transforming org.jdom.test.filterlist.FilterListRandomizer$OurCDATA... 
     [java] Transforming org.jdom.test.filterlist.FilterListRandomizer$ReferenceList... 
     [java] Transforming org.jdom.test.filterlist.FilterListRandomizer$OurProcessingInstruction... 
     [java] Transforming org.jdom.test.filterlist.FilterListRandomizer$OurEntityRef... 
     [java] Transforming org.jdom.test.filterlist.FilterListRandomizer$OurComment... 
     [java] Transforming org.jdom.test.filterlist.FilterListRandomizer$OurElement... 
     [java] Transforming org.jdom.test.cases.TestFilterList... 
     [java] Transforming org.jdom.test.cases.TestElement... 
     [java] Transforming org.jdom.test.cases.input.TestSAXHandler... 
     [java] Transforming org.jdom.test.cases.input.TestSAXHandler$40... 
     [java] Transforming org.jdom.test.cases.input.TestSAXHandler$33... 
     [java] Transforming org.jdom.test.cases.input.TestSAXHandler$10... 
     [java] Transforming org.jdom.test.cases.input.TestSAXHandler$41... 
     [java] Transforming org.jdom.test.cases.input.TestSAXHandler$54... 
     [java] Transforming org.jdom.test.cases.input.TestSAXHandler$38... 
     [java] Transforming org.jdom.test.cases.input.TestSAXHandler$28... 
     [java] Transforming org.jdom.test.cases.input.TestSAXComplexSchema... 
     [java] Transforming org.jdom.test.cases.input.TestSAXHandler$17... 
     [java] Transforming org.jdom.test.cases.input.TestSAXHandler$23... 
     [java] Transforming org.jdom.test.cases.input.TestSAXHandler$3... 
     [java] Transforming org.jdom.test.cases.input.TestSAXHandler$60... 
     [java] Transforming org.jdom.test.cases.input.TestSAXHandler$13... 
     [java] Transforming org.jdom.test.cases.input.TestSAXBuilder$1... 
     [java] Transforming org.jdom.test.cases.input.TestSAXHandler$22... 
     [java] Transforming org.jdom.test.cases.input.TestSAXHandler$6... 
     [java] Transforming org.jdom.test.cases.input.TestSAXHandler$27... 
     [java] Transforming org.jdom.test.cases.input.TestSAXHandler$20... 
     [java] Transforming org.jdom.test.cases.input.TestSAXHandler$61... 
     [java] Transforming org.jdom.test.cases.input.TestSAXHandler$Attributes2JDOM... 
     [java] Transforming org.jdom.test.cases.input.TestSAXHandler$1... 
     [java] Transforming org.jdom.test.cases.input.TestSAXHandler$47... 
     [java] Transforming org.jdom.test.cases.input.TestSAXHandler$43... 
     [java] Transforming org.jdom.test.cases.input.TestSAXHandler$42... 
     [java] Transforming org.jdom.test.cases.input.TestSAXHandler$7... 
     [java] Transforming org.jdom.test.cases.input.TestSAXHandler$62... 
     [java] Transforming org.jdom.test.cases.input.TestSAXHandler$59... 
     [java] Transforming org.jdom.test.cases.input.TestSAXHandler$11... 
     [java] Transforming org.jdom.test.cases.input.TestSAXBuilder... 
     [java] Transforming org.jdom.test.cases.input.TestSAXHandler$49... 
     [java] Transforming org.jdom.test.cases.input.TestSAXHandler$32... 
     [java] Transforming org.jdom.test.cases.input.TestSAXHandler$24... 
     [java] Transforming org.jdom.test.cases.input.TestSAXHandler$21... 
     [java] Transforming org.jdom.test.cases.input.TestSAXHandler$44... 
     [java] Transforming org.jdom.test.cases.input.TestSAXHandler$35... 
     [java] Transforming org.jdom.test.cases.input.TestSAXHandler$15... 
     [java] Transforming org.jdom.test.cases.input.TestSAXHandler$45... 
     [java] Transforming org.jdom.test.cases.input.TestSAXHandler$14... 
     [java] Transforming org.jdom.test.cases.input.TestSAXHandler$29... 
     [java] Transforming org.jdom.test.cases.input.TestSAXBuilder$3... 
     [java] Transforming org.jdom.test.cases.input.TestSAXHandler$57... 
     [java] Transforming org.jdom.test.cases.input.TestSAXHandler$26... 
     [java] Transforming org.jdom.test.cases.input.TestSAXHandler$50... 
     [java] Transforming org.jdom.test.cases.input.TestSAXHandler$48... 
     [java] Transforming org.jdom.test.cases.input.TestSAXHandler$53... 
     [java] Transforming org.jdom.test.cases.input.TestSAXHandler$18... 
     [java] Transforming org.jdom.test.cases.input.TestSAXHandler$58... 
     [java] Transforming org.jdom.test.cases.input.TestSAXHandler$2... 
     [java] Transforming org.jdom.test.cases.input.TestSAXHandler$12... 
     [java] Transforming org.jdom.test.cases.input.TestSAXHandler$8... 
     [java] Transforming org.jdom.test.cases.input.TestSAXHandler$MyHandler... 
     [java] Transforming org.jdom.test.cases.input.TestSAXHandler$31... 
     [java] Transforming org.jdom.test.cases.input.TestSAXHandler$9... 
     [java] Transforming org.jdom.test.cases.input.TestSAXHandler$37... 
     [java] Transforming org.jdom.test.cases.input.TestSAXHandler$30... 
     [java] Transforming org.jdom.test.cases.input.TestSAXHandler$25... 
     [java] Transforming org.jdom.test.cases.input.TestSAXBuilder$2... 
     [java] Transforming org.jdom.test.cases.input.TestSAXHandler$56... 
     [java] Transforming org.jdom.test.cases.input.TestSAXHandler$19... 
     [java] Transforming org.jdom.test.cases.input.TestSAXHandler$5... 
     [java] Transforming org.jdom.test.cases.input.TestSAXHandler$51... 
     [java] Transforming org.jdom.test.cases.input.TestSAXHandler$16... 
     [java] Transforming org.jdom.test.cases.input.TestSAXHandler$Builder... 
     [java] Transforming org.jdom.test.cases.input.TestSAXHandler$46... 
     [java] Transforming org.jdom.test.cases.input.TestSAXHandler$34... 
     [java] Transforming org.jdom.test.cases.input.TestSAXBuilder$MySAXBuilder... 
     [java] Transforming org.jdom.test.cases.input.TestSAXHandler$36... 
     [java] Transforming org.jdom.test.cases.input.TestSAXHandler$55... 
     [java] Transforming org.jdom.test.cases.input.TestSAXHandler$4... 
     [java] Transforming org.jdom.test.cases.input.TestSAXHandler$39... 
     [java] Transforming org.jdom.test.cases.input.TestSAXHandler$52... 
     [java] Transforming org.jdom.test.cases.TestVerifier... 
     [java] Transforming org.jdom.test.cases.TestAttribute$1... 
     [java] Transforming org.jdom.test.cases.TestNamespace... 
     [java] Transforming org.jdom.test.cases.TestComment... 
     [java] Transforming org.jdom.test.cases.TestDocument... 
     [java] Transforming org.jdom.test.cases.TestVerifier$RangeIterator... 
     [java] Transforming org.jdom.test.cases.TestDocType... 
     [java] Transforming org.jdom.test.cases.TestCDATA... 
     [java] Transforming org.jdom.test.cases.TestAttribute... 
     [java] Transforming org.jdom.test.cases.TestVerifier$AntiRangeIterator... 
     [java] Transforming org.jdom.test.cases.output.TestDOMOutputter... 
     [java] Transforming org.jdom.test.cases.output.TestSAXOutputter$1... 
     [java] Transforming org.jdom.test.cases.output.TestXMLOutputter... 
     [java] Transforming org.jdom.test.cases.output.TestSAXOutputter... 
     [java] Transforming org.jdom.test.cases.TestCDATA$1... 
     [java] Transforming org.jdom.test.cases.TestSerialization... 
     [java] Transforming org.jdom.test.generate.TestCaseClassWriter... 
     [java] Transforming org.jdom.test.generate.TestCaseGenerator... 
     [java] Transforming org.jdom.test.generate.NameMangler... 
     [java] Transforming org.jdom.test.generate.IndentWriter... 
     [java] Transforming org.jdom.test.generate.Main... 
     [java] Transforming org.jdom.test.generate.ClassGenerator... 
     [java] Transforming org.jdom.test.generate.GeneratorException... 
     [java] Transforming org.jdom.Element... 
     [java] Transforming org.jdom.IllegalTargetException... 
     [java] Transforming org.jdom.adapters.OracleV2DOMAdapter... 
     [java] Transforming org.jdom.adapters.DOMAdapter... 
     [java] Transforming org.jdom.adapters.XercesDOMAdapter... 
     [java] Transforming org.jdom.adapters.CrimsonDOMAdapter... 
     [java] Transforming org.jdom.adapters.OracleV1DOMAdapter... 
     [java] Transforming org.jdom.adapters.JAXPDOMAdapter... 
     [java] Transforming org.jdom.adapters.AbstractDOMAdapter... 
     [java] Transforming org.jdom.adapters.XML4JDOMAdapter... 
     [java] Transforming org.jdom.Document... 
     [java] Transforming org.jdom.filter.AbstractFilter... 
     [java] Transforming org.jdom.filter.ElementFilter... 
     [java] Transforming org.jdom.filter.ContentFilter... 
     [java] Transforming org.jdom.filter.AndFilter... 
     [java] Transforming org.jdom.filter.Filter... 
     [java] Transforming org.jdom.filter.NegateFilter... 
     [java] Transforming org.jdom.filter.OrFilter... 
     [java] Transforming org.jdom.DefaultJDOMFactory... 
     [java] Transforming org.jdom.CDATA... 
     [java] Transforming org.jdom.Attribute... 
     [java] Transforming org.jdom.JDOMFactory... 
     [java] Transforming org.jdom.DocType... 
     [java] Transforming org.jdom.FilterIterator... 
     [java] Transforming org.jdom.Comment... 
     [java] Transforming org.jdom.AttributeList... 
     [java] Transforming org.jdom.output.XMLOutputter... 
     [java] Transforming org.jdom.output.DOMOutputter... 
     [java] Transforming org.jdom.output.Format... 
     [java] Transforming org.jdom.output.EscapeStrategy... 
     [java] Transforming org.jdom.output.XMLOutputter$NamespaceStack... 
     [java] Transforming org.jdom.output.Format$DefaultEscapeStrategy... 
     [java] Transforming org.jdom.output.NamespaceStack... 
     [java] Transforming org.jdom.output.SAXOutputter... 
     [java] Transforming org.jdom.output.Format$TextMode... 
     [java] Transforming org.jdom.output.JDOMLocator... 
     [java] Transforming org.jdom.ProcessingInstruction... 
     [java] Transforming JDOMAbout$Author... 
     [java] Transforming XPathReader... 
     [java] Transforming DescendantDemo... 
     [java] Transforming JDOMAbout$Info... 
     [java] Transforming SAXBuilderDemo... 
     [java] Transforming sax.XMLFilterBase... 
     [java] Transforming sax.DataFormatFilter... 
     [java] Transforming sax.DataUnformatFilter... 
     [java] Transforming sax.XMLReaderBase... 
     [java] Transforming sax.FilterTest... 
     [java] Transforming sax.DocumentReader... 
     [java] Transforming sax.XMLWriter... 
     [java] Transforming sax.ReaderTest... 
     [java] Transforming org.jdom.test.cases.Alltests... 
     [java] Writing to sootOutput/XSLTransform.jimple
     [java] Writing to sootOutput/WarReader.jimple
     [java] Writing to sootOutput/JDOMAbout.jimple
     [java] Writing to sootOutput/org.jdom.DataConversionException.jimple
     [java] Writing to sootOutput/org.jdom.IllegalAddException.jimple
     [java] Writing to sootOutput/org.jdom.transform.XSLTransformer.jimple
     [java] Writing to sootOutput/org.jdom.transform.JDOMResult$DocumentBuilder.jimple
     [java] Writing to sootOutput/org.jdom.transform.JDOMSource.jimple
     [java] Writing to sootOutput/org.jdom.transform.JDOMSource$DocumentReader.jimple
     [java] Writing to sootOutput/org.jdom.transform.JDOMSource$JDOMInputSource.jimple
     [java] Writing to sootOutput/org.jdom.transform.JDOMResult.jimple
     [java] Writing to sootOutput/org.jdom.transform.XSLTransformException.jimple
     [java] Writing to sootOutput/org.jdom.transform.JDOMResult$FragmentHandler.jimple
     [java] Writing to sootOutput/org.jdom.Text.jimple
     [java] Writing to sootOutput/org.jdom.Namespace.jimple
     [java] Writing to sootOutput/org.jdom.NamespaceKey.jimple
     [java] Writing to sootOutput/org.jdom.input.JDOMParseException.jimple
     [java] Writing to sootOutput/org.jdom.input.SAXBuilder.jimple
     [java] Writing to sootOutput/org.jdom.input.BuilderErrorHandler.jimple
     [java] Writing to sootOutput/org.jdom.input.TextBuffer.jimple
     [java] Writing to sootOutput/org.jdom.input.DOMBuilder.jimple
     [java] Writing to sootOutput/org.jdom.input.SAXHandler.jimple
     [java] Writing to sootOutput/org.jdom.input.JAXPParserFactory.jimple
     [java] Writing to sootOutput/org.jdom.IllegalDataException.jimple
     [java] Writing to sootOutput/org.jdom.Parent.jimple
     [java] Writing to sootOutput/org.jdom.DescendantIterator.jimple
     [java] Writing to sootOutput/org.jdom.JDOMException.jimple
     [java] Writing to sootOutput/org.jdom.ContentList.jimple
     [java] Writing to sootOutput/org.jdom.Verifier.jimple
     [java] Writing to sootOutput/org.jdom.xpath.XPath$XPathString.jimple
     [java] Writing to sootOutput/org.jdom.xpath.JaxenXPath.jimple
     [java] Writing to sootOutput/org.jdom.xpath.XPath.jimple
     [java] Writing to sootOutput/org.jdom.xpath.JaxenXPath$NSContext.jimple
     [java] Writing to sootOutput/org.jdom.IllegalNameException.jimple
     [java] Writing to sootOutput/org.jdom.EntityRef.jimple
     [java] Writing to sootOutput/org.jdom.UncheckedJDOMFactory.jimple
     [java] Writing to sootOutput/org.jdom.ContentList$FilterList.jimple
     [java] Writing to sootOutput/org.jdom.ContentList$FilterListIterator.jimple
     [java] Writing to sootOutput/org.jdom.Content.jimple
     [java] Writing to sootOutput/org.jdom.test.filterlist.FilterListRandomizer$OurText.jimple
     [java] Writing to sootOutput/org.jdom.test.filterlist.FilterListRandomizer.jimple
     [java] Writing to sootOutput/org.jdom.test.filterlist.FilterListIteratorRandomizer.jimple
     [java] Writing to sootOutput/org.jdom.test.filterlist.FilterListRandomizer$OurCDATA.jimple
     [java] Writing to sootOutput/org.jdom.test.filterlist.FilterListRandomizer$ReferenceList.jimple
     [java] Writing to sootOutput/org.jdom.test.filterlist.FilterListRandomizer$OurProcessingInstruction.jimple
     [java] Writing to sootOutput/org.jdom.test.filterlist.FilterListRandomizer$OurEntityRef.jimple
     [java] Writing to sootOutput/org.jdom.test.filterlist.FilterListRandomizer$OurComment.jimple
     [java] Writing to sootOutput/org.jdom.test.filterlist.FilterListRandomizer$OurElement.jimple
     [java] Writing to sootOutput/org.jdom.test.cases.TestFilterList.jimple
     [java] Writing to sootOutput/org.jdom.test.cases.TestElement.jimple
     [java] Writing to sootOutput/org.jdom.test.cases.input.TestSAXHandler.jimple
     [java] Writing to sootOutput/org.jdom.test.cases.input.TestSAXHandler$40.jimple
     [java] Writing to sootOutput/org.jdom.test.cases.input.TestSAXHandler$33.jimple
     [java] Writing to sootOutput/org.jdom.test.cases.input.TestSAXHandler$10.jimple
     [java] Writing to sootOutput/org.jdom.test.cases.input.TestSAXHandler$41.jimple
     [java] Writing to sootOutput/org.jdom.test.cases.input.TestSAXHandler$54.jimple
     [java] Writing to sootOutput/org.jdom.test.cases.input.TestSAXHandler$38.jimple
     [java] Writing to sootOutput/org.jdom.test.cases.input.TestSAXHandler$28.jimple
     [java] Writing to sootOutput/org.jdom.test.cases.input.TestSAXComplexSchema.jimple
     [java] Writing to sootOutput/org.jdom.test.cases.input.TestSAXHandler$17.jimple
     [java] Writing to sootOutput/org.jdom.test.cases.input.TestSAXHandler$23.jimple
     [java] Writing to sootOutput/org.jdom.test.cases.input.TestSAXHandler$3.jimple
     [java] Writing to sootOutput/org.jdom.test.cases.input.TestSAXHandler$60.jimple
     [java] Writing to sootOutput/org.jdom.test.cases.input.TestSAXHandler$13.jimple
     [java] Writing to sootOutput/org.jdom.test.cases.input.TestSAXBuilder$1.jimple
     [java] Writing to sootOutput/org.jdom.test.cases.input.TestSAXHandler$22.jimple
     [java] Writing to sootOutput/org.jdom.test.cases.input.TestSAXHandler$6.jimple
     [java] Writing to sootOutput/org.jdom.test.cases.input.TestSAXHandler$27.jimple
     [java] Writing to sootOutput/org.jdom.test.cases.input.TestSAXHandler$20.jimple
     [java] Writing to sootOutput/org.jdom.test.cases.input.TestSAXHandler$61.jimple
     [java] Writing to sootOutput/org.jdom.test.cases.input.TestSAXHandler$Attributes2JDOM.jimple
     [java] Writing to sootOutput/org.jdom.test.cases.input.TestSAXHandler$1.jimple
     [java] Writing to sootOutput/org.jdom.test.cases.input.TestSAXHandler$47.jimple
     [java] Writing to sootOutput/org.jdom.test.cases.input.TestSAXHandler$43.jimple
     [java] Writing to sootOutput/org.jdom.test.cases.input.TestSAXHandler$42.jimple
     [java] Writing to sootOutput/org.jdom.test.cases.input.TestSAXHandler$7.jimple
     [java] Writing to sootOutput/org.jdom.test.cases.input.TestSAXHandler$62.jimple
     [java] Writing to sootOutput/org.jdom.test.cases.input.TestSAXHandler$59.jimple
     [java] Writing to sootOutput/org.jdom.test.cases.input.TestSAXHandler$11.jimple
     [java] Writing to sootOutput/org.jdom.test.cases.input.TestSAXBuilder.jimple
     [java] Writing to sootOutput/org.jdom.test.cases.input.TestSAXHandler$49.jimple
     [java] Writing to sootOutput/org.jdom.test.cases.input.TestSAXHandler$32.jimple
     [java] Writing to sootOutput/org.jdom.test.cases.input.TestSAXHandler$24.jimple
     [java] Writing to sootOutput/org.jdom.test.cases.input.TestSAXHandler$21.jimple
     [java] Writing to sootOutput/org.jdom.test.cases.input.TestSAXHandler$44.jimple
     [java] Writing to sootOutput/org.jdom.test.cases.input.TestSAXHandler$35.jimple
     [java] Writing to sootOutput/org.jdom.test.cases.input.TestSAXHandler$15.jimple
     [java] Writing to sootOutput/org.jdom.test.cases.input.TestSAXHandler$45.jimple
     [java] Writing to sootOutput/org.jdom.test.cases.input.TestSAXHandler$14.jimple
     [java] Writing to sootOutput/org.jdom.test.cases.input.TestSAXHandler$29.jimple
     [java] Writing to sootOutput/org.jdom.test.cases.input.TestSAXBuilder$3.jimple
     [java] Writing to sootOutput/org.jdom.test.cases.input.TestSAXHandler$57.jimple
     [java] Writing to sootOutput/org.jdom.test.cases.input.TestSAXHandler$26.jimple
     [java] Writing to sootOutput/org.jdom.test.cases.input.TestSAXHandler$50.jimple
     [java] Writing to sootOutput/org.jdom.test.cases.input.TestSAXHandler$48.jimple
     [java] Writing to sootOutput/org.jdom.test.cases.input.TestSAXHandler$53.jimple
     [java] Writing to sootOutput/org.jdom.test.cases.input.TestSAXHandler$18.jimple
     [java] Writing to sootOutput/org.jdom.test.cases.input.TestSAXHandler$58.jimple
     [java] Writing to sootOutput/org.jdom.test.cases.input.TestSAXHandler$2.jimple
     [java] Writing to sootOutput/org.jdom.test.cases.input.TestSAXHandler$12.jimple
     [java] Writing to sootOutput/org.jdom.test.cases.input.TestSAXHandler$8.jimple
     [java] Writing to sootOutput/org.jdom.test.cases.input.TestSAXHandler$MyHandler.jimple
     [java] Writing to sootOutput/org.jdom.test.cases.input.TestSAXHandler$31.jimple
     [java] Writing to sootOutput/org.jdom.test.cases.input.TestSAXHandler$9.jimple
     [java] Writing to sootOutput/org.jdom.test.cases.input.TestSAXHandler$37.jimple
     [java] Writing to sootOutput/org.jdom.test.cases.input.TestSAXHandler$30.jimple
     [java] Writing to sootOutput/org.jdom.test.cases.input.TestSAXHandler$25.jimple
     [java] Writing to sootOutput/org.jdom.test.cases.input.TestSAXBuilder$2.jimple
     [java] Writing to sootOutput/org.jdom.test.cases.input.TestSAXHandler$56.jimple
     [java] Writing to sootOutput/org.jdom.test.cases.input.TestSAXHandler$19.jimple
     [java] Writing to sootOutput/org.jdom.test.cases.input.TestSAXHandler$5.jimple
     [java] Writing to sootOutput/org.jdom.test.cases.input.TestSAXHandler$51.jimple
     [java] Writing to sootOutput/org.jdom.test.cases.input.TestSAXHandler$16.jimple
     [java] Writing to sootOutput/org.jdom.test.cases.input.TestSAXHandler$Builder.jimple
     [java] Writing to sootOutput/org.jdom.test.cases.input.TestSAXHandler$46.jimple
     [java] Writing to sootOutput/org.jdom.test.cases.input.TestSAXHandler$34.jimple
     [java] Writing to sootOutput/org.jdom.test.cases.input.TestSAXBuilder$MySAXBuilder.jimple
     [java] Writing to sootOutput/org.jdom.test.cases.input.TestSAXHandler$36.jimple
     [java] Writing to sootOutput/org.jdom.test.cases.input.TestSAXHandler$55.jimple
     [java] Writing to sootOutput/org.jdom.test.cases.input.TestSAXHandler$4.jimple
     [java] Writing to sootOutput/org.jdom.test.cases.input.TestSAXHandler$39.jimple
     [java] Writing to sootOutput/org.jdom.test.cases.input.TestSAXHandler$52.jimple
     [java] Writing to sootOutput/org.jdom.test.cases.TestVerifier.jimple
     [java] Writing to sootOutput/org.jdom.test.cases.TestAttribute$1.jimple
     [java] Writing to sootOutput/org.jdom.test.cases.TestNamespace.jimple
     [java] Writing to sootOutput/org.jdom.test.cases.TestComment.jimple
     [java] Writing to sootOutput/org.jdom.test.cases.TestDocument.jimple
     [java] Writing to sootOutput/org.jdom.test.cases.TestVerifier$RangeIterator.jimple
     [java] Writing to sootOutput/org.jdom.test.cases.TestDocType.jimple
     [java] Writing to sootOutput/org.jdom.test.cases.TestCDATA.jimple
     [java] Writing to sootOutput/org.jdom.test.cases.TestAttribute.jimple
     [java] Writing to sootOutput/org.jdom.test.cases.TestVerifier$AntiRangeIterator.jimple
     [java] Writing to sootOutput/org.jdom.test.cases.output.TestDOMOutputter.jimple
     [java] Writing to sootOutput/org.jdom.test.cases.output.TestSAXOutputter$1.jimple
     [java] Writing to sootOutput/org.jdom.test.cases.output.TestXMLOutputter.jimple
     [java] Writing to sootOutput/org.jdom.test.cases.output.TestSAXOutputter.jimple
     [java] Writing to sootOutput/org.jdom.test.cases.TestCDATA$1.jimple
     [java] Writing to sootOutput/org.jdom.test.cases.TestSerialization.jimple
     [java] Writing to sootOutput/org.jdom.test.generate.TestCaseClassWriter.jimple
     [java] Writing to sootOutput/org.jdom.test.generate.TestCaseGenerator.jimple
     [java] Writing to sootOutput/org.jdom.test.generate.NameMangler.jimple
     [java] Writing to sootOutput/org.jdom.test.generate.IndentWriter.jimple
     [java] Writing to sootOutput/org.jdom.test.generate.Main.jimple
     [java] Writing to sootOutput/org.jdom.test.generate.ClassGenerator.jimple
     [java] Writing to sootOutput/org.jdom.test.generate.GeneratorException.jimple
     [java] Writing to sootOutput/org.jdom.Element.jimple
     [java] Writing to sootOutput/org.jdom.IllegalTargetException.jimple
     [java] Writing to sootOutput/org.jdom.adapters.OracleV2DOMAdapter.jimple
     [java] Writing to sootOutput/org.jdom.adapters.DOMAdapter.jimple
     [java] Writing to sootOutput/org.jdom.adapters.XercesDOMAdapter.jimple
     [java] Writing to sootOutput/org.jdom.adapters.CrimsonDOMAdapter.jimple
     [java] Writing to sootOutput/org.jdom.adapters.OracleV1DOMAdapter.jimple
     [java] Writing to sootOutput/org.jdom.adapters.JAXPDOMAdapter.jimple
     [java] Writing to sootOutput/org.jdom.adapters.AbstractDOMAdapter.jimple
     [java] Writing to sootOutput/org.jdom.adapters.XML4JDOMAdapter.jimple
     [java] Writing to sootOutput/org.jdom.Document.jimple
     [java] Writing to sootOutput/org.jdom.filter.AbstractFilter.jimple
     [java] Writing to sootOutput/org.jdom.filter.ElementFilter.jimple
     [java] Writing to sootOutput/org.jdom.filter.ContentFilter.jimple
     [java] Writing to sootOutput/org.jdom.filter.AndFilter.jimple
     [java] Writing to sootOutput/org.jdom.filter.Filter.jimple
     [java] Writing to sootOutput/org.jdom.filter.NegateFilter.jimple
     [java] Writing to sootOutput/org.jdom.filter.OrFilter.jimple
     [java] Writing to sootOutput/org.jdom.DefaultJDOMFactory.jimple
     [java] Writing to sootOutput/org.jdom.CDATA.jimple
     [java] Writing to sootOutput/org.jdom.Attribute.jimple
     [java] Writing to sootOutput/org.jdom.JDOMFactory.jimple
     [java] Writing to sootOutput/org.jdom.DocType.jimple
     [java] Writing to sootOutput/org.jdom.FilterIterator.jimple
     [java] Writing to sootOutput/org.jdom.Comment.jimple
     [java] Writing to sootOutput/org.jdom.AttributeList.jimple
     [java] Writing to sootOutput/org.jdom.output.XMLOutputter.jimple
     [java] Writing to sootOutput/org.jdom.output.DOMOutputter.jimple
     [java] Writing to sootOutput/org.jdom.output.Format.jimple
     [java] Writing to sootOutput/org.jdom.output.EscapeStrategy.jimple
     [java] Writing to sootOutput/org.jdom.output.XMLOutputter$NamespaceStack.jimple
     [java] Writing to sootOutput/org.jdom.output.Format$DefaultEscapeStrategy.jimple
     [java] Writing to sootOutput/org.jdom.output.NamespaceStack.jimple
     [java] Writing to sootOutput/org.jdom.output.SAXOutputter.jimple
     [java] Writing to sootOutput/org.jdom.output.Format$TextMode.jimple
     [java] Writing to sootOutput/org.jdom.output.JDOMLocator.jimple
     [java] Writing to sootOutput/org.jdom.ProcessingInstruction.jimple
     [java] Writing to sootOutput/JDOMAbout$Author.jimple
     [java] Writing to sootOutput/XPathReader.jimple
     [java] Writing to sootOutput/DescendantDemo.jimple
     [java] Writing to sootOutput/JDOMAbout$Info.jimple
     [java] Writing to sootOutput/SAXBuilderDemo.jimple
     [java] Writing to sootOutput/sax.XMLFilterBase.jimple
     [java] Writing to sootOutput/sax.DataFormatFilter.jimple
     [java] Writing to sootOutput/sax.DataUnformatFilter.jimple
     [java] Writing to sootOutput/sax.XMLReaderBase.jimple
     [java] Writing to sootOutput/sax.FilterTest.jimple
     [java] Writing to sootOutput/sax.DocumentReader.jimple
     [java] Writing to sootOutput/sax.XMLWriter.jimple
     [java] Writing to sootOutput/sax.ReaderTest.jimple
     [java] Writing to sootOutput/org.jdom.test.cases.Alltests.jimple
     [java] Soot finished on Sun Oct 19 21:04:41 PDT 2014
     [java] Soot has run for 0 min. 23 sec.

BUILD SUCCESSFUL
Total time: 25 seconds
