Buildfile: /home/zfang/cloneanalysis/build.xml

init:

build:
     [echo] CloneAnalysis: /home/zfang/cloneanalysis/build.xml

main:
     [echo] Analysing jgrapht
     [java] Soot arguments:
     [java] -cp lib/junit-4.11.jar:lib/rt.jar:lib/jce.jar:/home/zfang/projects/jgrapht/bin:/home/zfang/projects/jgrapht/jgrapht-touchgraph/3rdparty/com/touchgraph/TGGraphLayout/UNKNOWN/TGGraphLayout-UNKNOWN.jar -f jimple -w -full-resolver -print-tags -allow-phantom-refs -keep-line-number -p jop enabled:true -O -p cg.cha enabled:true -p cg.spark enabled:false -x junit.framework org.jgrapht.AllTests -process-dir /home/zfang/projects/jgrapht/bin 
     [java] Logging to file: /home/zfang/cloneanalysis/results/jgrapht/results
     [java] Soot started on Sun Oct 19 21:04:41 PDT 2014
     [java] Warning: java.dyn.InvokeDynamic is a phantom class!
     [java] Warning: JGraph is a phantom class!
     [java] Warning: DefaultGraphCell is a phantom class!
     [java] Warning: DefaultPort is a phantom class!
     [java] Warning: org.jgraph.graph.Edge is a phantom class!
     [java] Warning: DefaultGraphModel is a phantom class!
     [java] Warning: ConnectionSet is a phantom class!
     [java] Warning: GraphCell is a phantom class!
     [java] Warning: DefaultEdge is a phantom class!
     [java] Warning: AttributeMap is a phantom class!
     [java] Warning: GraphModelEvent is a phantom class!
     [java] Warning: GraphModelListener is a phantom class!
     [java] No main class given. Inferred 'org.jgrapht.experimental.touchgraph.SimpleTouchgraphApplet' as main class.
     [java] [Call Graph] For information on where the call graph may be incomplete, use the verbose option to the cg phase.
     [java] payload size: 170
     [java] Executed 170 tasks for 0s
     [java] payload size: 443
     [java] Executed 443 tasks for 0s
     [java] payload size: 443
     [java] Executed 50414 tasks for 3s
     [java] Executed mergeStaticCalls for 0s
     [java] payload size: 127
     [java] Executed 127 tasks for 0s
     [java] payload size: 127
     [java] Executed 8001 tasks for 0s
     [java] Executed mergeMethods for 0s
     [java] 
     [java] Logging to file: /home/zfang/cloneanalysis/results/jgrapht/all_methods
     [java] 
     [java] Logging to file: /home/zfang/cloneanalysis/results/jgrapht/method_sets_by_assert_flow
     [java] 
     [java] Logging to file: /home/zfang/cloneanalysis/results/jgrapht/methods_in_at_least_one_clone_set
     [java] 
     [java] Logging to file: /home/zfang/cloneanalysis/results/jgrapht/method_results
     [java] 
     [java] Logging to file: /home/zfang/cloneanalysis/results/jgrapht/method_stats
     [java] 
     [java] Logging to file: /home/zfang/cloneanalysis/results/jgrapht/class_stats
     [java] Execution time for runSimilarityAnalysis: 3s
     [java] Transforming org.jgrapht.GraphPath... 
     [java] Transforming org.jgrapht.GraphHelper... 
     [java] Transforming org.jgrapht.AllTests$ExpandableTestSuite... 
     [java] Transforming org.jgrapht.experimental.PartiteRandomGraphGenerator... 
     [java] Transforming org.jgrapht.experimental.GraphSquare... 
     [java] Transforming org.jgrapht.experimental.GraphReaderTest... 
     [java] Transforming org.jgrapht.experimental.GraphTests... 
     [java] Transforming org.jgrapht.experimental.equivalence.EquivalenceComparator... 
     [java] Transforming org.jgrapht.experimental.equivalence.UniformEquivalenceComparator... 
     [java] Transforming org.jgrapht.experimental.equivalence.EquivalenceComparatorChainBase... 
     [java] Transforming org.jgrapht.experimental.equivalence.EquivalenceComparatorChain... 
     [java] Transforming org.jgrapht.experimental.equivalence.EquivalenceSet... 
     [java] Transforming org.jgrapht.experimental.equivalence.EquivalenceSetCreator$EqGroupSizeComparator... 
     [java] Transforming org.jgrapht.experimental.equivalence.EquivalenceGroupCreatorTest... 
     [java] Transforming org.jgrapht.experimental.equivalence.EquivalenceSetCreator... 
     [java] Transforming org.jgrapht.experimental.GraphReader... 
     [java] Transforming org.jgrapht.experimental.GraphReaderTest$IntVertexFactory... 
     [java] Transforming org.jgrapht.experimental.isomorphism.AbstractExhaustiveIsomorphismInspector$NextFunctor... 
     [java] Transforming org.jgrapht.experimental.isomorphism.EquivalenceIsomorphismInspector... 
     [java] Transforming org.jgrapht.experimental.isomorphism.PermutationIsomorphismInspector... 
     [java] Transforming org.jgrapht.experimental.isomorphism.IntegerVertexFactory... 
     [java] Transforming org.jgrapht.experimental.isomorphism.EdgeTopologyCompare... 
     [java] Transforming org.jgrapht.experimental.isomorphism.GraphIsomorphismInspector... 
     [java] Transforming org.jgrapht.experimental.isomorphism.VertexDegreeEquivalenceComparator$InOutDegrees... 
     [java] Transforming org.jgrapht.experimental.isomorphism.GraphOrdering... 
     [java] Transforming org.jgrapht.experimental.isomorphism.comparators.DirectedEdgeWeightOddEvenComparator... 
     [java] Transforming org.jgrapht.experimental.isomorphism.comparators.OddEvenGroupComparator... 
     [java] Transforming org.jgrapht.experimental.isomorphism.comparators.Mod3GroupComparator... 
     [java] Transforming org.jgrapht.experimental.isomorphism.VertexDegreeEquivalenceComparator... 
     [java] Transforming org.jgrapht.experimental.isomorphism.IsomorphismRelation... 
     [java] Transforming org.jgrapht.experimental.isomorphism.AdaptiveIsomorphismInspectorFactory... 
     [java] Transforming org.jgrapht.experimental.isomorphism.GraphOrdering$LabelsEdge... 
     [java] Transforming org.jgrapht.experimental.isomorphism.IsomorphismInspectorTest... 
     [java] Transforming org.jgrapht.experimental.isomorphism.AbstractExhaustiveIsomorphismInspector... 
     [java] Transforming org.jgrapht.experimental.RandomGraphHelper... 
     [java] Transforming org.jgrapht.experimental.permutation.CollectionPermutationIter... 
     [java] Transforming org.jgrapht.experimental.permutation.PermutationFactory... 
     [java] Transforming org.jgrapht.experimental.permutation.CompoundPermutationIter... 
     [java] Transforming org.jgrapht.experimental.permutation.CompoundPermutationIterTest... 
     [java] Transforming org.jgrapht.experimental.permutation.ArrayPermutationsIter... 
     [java] Transforming org.jgrapht.experimental.permutation.IntegerPermutationIter... 
     [java] Transforming org.jgrapht.experimental.UniformRandomGraphGenerator... 
     [java] Transforming org.jgrapht.experimental.touchgraph.TouchgraphPanel... 
     [java] Transforming org.jgrapht.experimental.touchgraph.SimpleTouchgraphApplet... 
     [java] Transforming org.jgrapht.experimental.touchgraph.TouchgraphConverter... 
     [java] Transforming org.jgrapht.experimental.alg.IntArrayGraphAlgorithm... 
     [java] Transforming org.jgrapht.experimental.alg.ColoringTest... 
     [java] Transforming org.jgrapht.experimental.alg.ApproximationAlgorithm... 
     [java] Transforming org.jgrapht.experimental.alg.ExactAlgorithm... 
     [java] Transforming org.jgrapht.experimental.alg.color.GreedyColoring... 
     [java] Transforming org.jgrapht.experimental.alg.color.BrownBacktrackColoring... 
     [java] Transforming org.jgrapht.experimental.dag.DirectedAcyclicGraph$VisitedFactory... 
     [java] Transforming org.jgrapht.experimental.dag.DirectedAcyclicGraph$CycleFoundException... 
     [java] Transforming org.jgrapht.experimental.dag.DirectedAcyclicGraphTest... 
     [java] Transforming org.jgrapht.experimental.dag.DirectedAcyclicGraphTest$LongVertexFactory... 
     [java] Transforming org.jgrapht.experimental.dag.DirectedAcyclicGraph$TopoVertexBiMap... 
     [java] Transforming org.jgrapht.experimental.dag.DirectedAcyclicGraph$Visited... 
     [java] Transforming org.jgrapht.experimental.dag.DirectedAcyclicGraph$TopoIterator... 
     [java] Transforming org.jgrapht.experimental.dag.DirectedAcyclicGraph$VisitedArrayListImpl... 
     [java] Transforming org.jgrapht.experimental.dag.DirectedAcyclicGraphTest$RepeatableRandomGraphGenerator... 
     [java] Transforming org.jgrapht.experimental.dag.DirectedAcyclicGraph$TopoOrderMappingFactory... 
     [java] Transforming org.jgrapht.experimental.dag.DirectedAcyclicGraph$VisitedHashSetImpl... 
     [java] Transforming org.jgrapht.experimental.dag.DirectedAcyclicGraph$VisitedArrayImpl... 
     [java] Transforming org.jgrapht.experimental.dag.DirectedAcyclicGraph$VisitedBitSetImpl... 
     [java] Transforming org.jgrapht.experimental.dag.DirectedAcyclicGraph$Region... 
     [java] Transforming org.jgrapht.experimental.dag.DirectedAcyclicGraph... 
     [java] Transforming org.jgrapht.experimental.dag.DirectedAcyclicGraph$TopoComparator... 
     [java] Transforming org.jgrapht.experimental.dag.DirectedAcyclicGraph$TopoOrderMapping... 
     [java] Transforming org.jgrapht.experimental.dag.DirectedAcyclicGraph$TopoVertexMap... 
     [java] Transforming org.jgrapht.experimental.GraphSquare$1... 
     [java] Transforming org.jgrapht.event.GraphChangeEvent... 
     [java] Transforming org.jgrapht.event.GraphListener... 
     [java] Transforming org.jgrapht.event.VertexTraversalEvent... 
     [java] Transforming org.jgrapht.event.ConnectedComponentTraversalEvent... 
     [java] Transforming org.jgrapht.event.VertexSetListener... 
     [java] Transforming org.jgrapht.event.EdgeTraversalEvent... 
     [java] Transforming org.jgrapht.event.GraphVertexChangeEvent... 
     [java] Transforming org.jgrapht.event.TraversalListenerAdapter... 
     [java] Transforming org.jgrapht.event.TraversalListener... 
     [java] Transforming org.jgrapht.event.GraphEdgeChangeEvent... 
     [java] Transforming org.jgrapht.ListenableGraph... 
     [java] Transforming org.jgrapht.UndirectedGraph... 
     [java] Transforming org.jgrapht.WeightedGraph... 
     [java] Transforming org.jgrapht.Graphs... 
     [java] Transforming org.jgrapht.util.FibonacciHeap... 
     [java] Transforming org.jgrapht.util.WeightCombiner$1... 
     [java] Transforming org.jgrapht.util.ModifiableInteger... 
     [java] Transforming org.jgrapht.util.WeightCombiner... 
     [java] Transforming org.jgrapht.util.WeightCombiner$2... 
     [java] Transforming org.jgrapht.util.MathUtil... 
     [java] Transforming org.jgrapht.util.WeightCombiner$3... 
     [java] Transforming org.jgrapht.util.TypeUtil... 
     [java] Transforming org.jgrapht.util.PrefetchIterator... 
     [java] Transforming org.jgrapht.util.FibonacciHeapNode... 
     [java] Transforming org.jgrapht.util.PrefetchIteratorTest... 
     [java] Transforming org.jgrapht.util.ArrayUnenforcedSet$SetForEquality... 
     [java] Transforming org.jgrapht.util.WeightCombiner$4... 
     [java] Transforming org.jgrapht.util.FibonacciHeapTest... 
     [java] Transforming org.jgrapht.util.AllUtilTests... 
     [java] Transforming org.jgrapht.util.VertexPair... 
     [java] Transforming org.jgrapht.util.StopWatch... 
     [java] Transforming org.jgrapht.util.ArrayUnenforcedSet... 
     [java] Transforming org.jgrapht.util.PrefetchIteratorTest$IterateFrom1To99... 
     [java] Transforming org.jgrapht.util.WeightCombiner$5... 
     [java] Transforming org.jgrapht.util.PrefetchIteratorTest$IterateFrom1To99$1... 
     [java] Transforming org.jgrapht.util.PrefetchIterator$NextElementFunctor... 
     [java] Transforming org.jgrapht.Graph... 
     [java] Transforming org.jgrapht.generate.EmptyGraphGenerator... 
     [java] Transforming org.jgrapht.generate.GridGraphGenerator... 
     [java] Transforming org.jgrapht.generate.WheelGraphGenerator... 
     [java] Transforming org.jgrapht.generate.RandomGraphGenerator$EdgeTopologyFactory... 
     [java] Transforming org.jgrapht.generate.GraphGeneratorTest$1StringVertexFactory... 
     [java] Transforming org.jgrapht.generate.ScaleFreeGraphGenerator... 
     [java] Transforming org.jgrapht.generate.RandomGraphGenerator... 
     [java] Transforming org.jgrapht.generate.RingGraphGenerator... 
     [java] Transforming org.jgrapht.generate.GraphGeneratorTest$1... 
     [java] Transforming org.jgrapht.generate.RandomGraphGeneratorTest... 
     [java] Transforming org.jgrapht.generate.StarGraphGenerator... 
     [java] Transforming org.jgrapht.generate.GraphGenerator... 
     [java] Transforming org.jgrapht.generate.CompleteGraphGenerator... 
     [java] Transforming org.jgrapht.generate.WheelGraphGenerator$1... 
     [java] Transforming org.jgrapht.generate.HyperCubeGraphGenerator... 
     [java] Transforming org.jgrapht.generate.RandomGraphGenerator$DefaultEdgeTopologyFactory... 
     [java] Transforming org.jgrapht.generate.LinearGraphGenerator... 
     [java] Transforming org.jgrapht.generate.GraphGeneratorTest$1StringEdgeFactory... 
     [java] Transforming org.jgrapht.generate.GraphGeneratorTest... 
     [java] Transforming org.jgrapht.generate.AllGenerateTests... 
     [java] Transforming org.jgrapht.generate.CompleteBipartiteGraphGenerator... 
     [java] Transforming org.jgrapht.VertexFactory... 
     [java] Transforming org.jgrapht.EdgeFactory... 
     [java] Transforming org.jgrapht.traverse.TopologicalOrderIterator... 
     [java] Transforming org.jgrapht.traverse.BreadthFirstIterator... 
     [java] Transforming org.jgrapht.traverse.TopologicalOrderIterator$LinkedListQueue... 
     [java] Transforming org.jgrapht.traverse.CrossComponentIterator$FlyweightEdgeEvent... 
     [java] Transforming org.jgrapht.traverse.GraphIterator... 
     [java] Transforming org.jgrapht.traverse.CrossComponentIterator$UndirectedSpecifics... 
     [java] Transforming org.jgrapht.traverse.DepthFirstIterator... 
     [java] Transforming org.jgrapht.traverse.CrossComponentIterator$DirectedSpecifics... 
     [java] Transforming org.jgrapht.traverse.ClosestFirstIterator... 
     [java] Transforming org.jgrapht.traverse.BreadthFirstIteratorTest... 
     [java] Transforming org.jgrapht.traverse.CrossComponentIterator$Specifics... 
     [java] Transforming org.jgrapht.traverse.ClosestFirstIterator$QueueEntry... 
     [java] Transforming org.jgrapht.traverse.TopologicalOrderIteratorTest... 
     [java] Transforming org.jgrapht.traverse.AbstractGraphIterator... 
     [java] Transforming org.jgrapht.traverse.IgnoreDirectionTest... 
     [java] Transforming org.jgrapht.traverse.AbstractGraphIteratorTest$MyTraversalListener... 
     [java] Transforming org.jgrapht.traverse.ClosestFirstIteratorTest... 
     [java] Transforming org.jgrapht.traverse.AbstractGraphIteratorTest... 
     [java] Transforming org.jgrapht.traverse.CrossComponentIterator$SimpleContainer... 
     [java] Transforming org.jgrapht.traverse.CrossComponentIterator... 
     [java] Transforming org.jgrapht.traverse.CrossComponentIterator$FlyweightVertexEvent... 
     [java] Transforming org.jgrapht.traverse.DepthFirstIteratorTest... 
     [java] Transforming org.jgrapht.traverse.AllTraverseTests... 
     [java] Transforming org.jgrapht.traverse.CrossComponentIterator$VisitColor... 
     [java] Transforming org.jgrapht.demo.PerformanceDemo... 
     [java] Transforming org.jgrapht.demo.JGraphAdapterDemo... 
     [java] Transforming org.jgrapht.demo.HelloJGraphT... 
     [java] Transforming org.jgrapht.demo.JGraphAdapterDemo$ListenableDirectedMultigraph... 
     [java] Transforming org.jgrapht.demo.CompleteGraphDemo... 
     [java] Transforming org.jgrapht.GraphMapping... 
     [java] Transforming org.jgrapht.alg.NotBiconnectedGraph... 
     [java] Transforming org.jgrapht.alg.BiconnectivityInspectorTest... 
     [java] Transforming org.jgrapht.alg.KShortestPaths... 
     [java] Transforming org.jgrapht.alg.EdmondsBlossomShrinking... 
     [java] Transforming org.jgrapht.alg.KruskalMinimumSpanningTree... 
     [java] Transforming org.jgrapht.alg.Picture1Graph... 
     [java] Transforming org.jgrapht.alg.HopcroftKarpBipartiteMatching... 
     [java] Transforming org.jgrapht.alg.KShortestPathCostTest... 
     [java] Transforming org.jgrapht.alg.KSPExampleGraph... 
     [java] Transforming org.jgrapht.alg.VertexCovers... 
     [java] Transforming org.jgrapht.alg.ConnectivityInspectorTest$2... 
     [java] Transforming org.jgrapht.alg.ChromaticNumber... 
     [java] Transforming org.jgrapht.alg.KruskalMinimumSpanningTreeTest... 
     [java] Transforming org.jgrapht.alg.ConnectivityInspector$MyTraversalListener... 
     [java] Transforming org.jgrapht.alg.KShortestPathCompleteGraph5... 
     [java] Transforming org.jgrapht.alg.BiconnectedGraph... 
     [java] Transforming org.jgrapht.alg.StoerWagnerMinimumCut$VertexAndWeight... 
     [java] Transforming org.jgrapht.alg.StrongConnectivityInspector$VertexData2... 
     [java] Transforming org.jgrapht.alg.BellmanFordShortestPath... 
     [java] Transforming org.jgrapht.alg.KShortestPathCompleteGraph6... 
     [java] Transforming org.jgrapht.alg.RankingPathElementList$PathMask... 
     [java] Transforming org.jgrapht.alg.ConnectivityInspector... 
     [java] Transforming org.jgrapht.alg.VertexCoversTest... 
     [java] Transforming org.jgrapht.alg.AbstractPathElement... 
     [java] Transforming org.jgrapht.alg.EdmondsBlossomShrinkingTest... 
     [java] Transforming org.jgrapht.alg.StoerWagnerMinimumCut... 
     [java] Transforming org.jgrapht.alg.EdmondsKarpMaximumFlowTest... 
     [java] Transforming org.jgrapht.alg.EulerianCircuit... 
     [java] Transforming org.jgrapht.alg.BronKerboschCliqueFinder... 
     [java] Transforming org.jgrapht.alg.HamiltonianCycle... 
     [java] Transforming org.jgrapht.alg.EulerianCircuitTest... 
     [java] Transforming org.jgrapht.alg.BlockCutpointGraphTest... 
     [java] Transforming org.jgrapht.alg.TransitiveClosureTest... 
     [java] Transforming org.jgrapht.alg.EdmondsKarpMaximumFlow$Node... 
     [java] Transforming org.jgrapht.alg.ShortestPathTestCase... 
     [java] Transforming org.jgrapht.alg.TransitiveClosure... 
     [java] Transforming org.jgrapht.alg.MinSourceSinkCut... 
     [java] Transforming org.jgrapht.alg.KShortestPathKValuesTest... 
     [java] Transforming org.jgrapht.alg.TransitiveClosureTest$2... 
     [java] Transforming org.jgrapht.alg.TransitiveClosureTest$1... 
     [java] Transforming org.jgrapht.alg.NeighborIndex... 
     [java] Transforming org.jgrapht.alg.KShortestPaths$PathWrapper... 
     [java] Transforming org.jgrapht.alg.ConnectivityInspectorTest$1... 
     [java] Transforming org.jgrapht.alg.ChromaticNumberTest... 
     [java] Transforming org.jgrapht.alg.StrongConnectivityInspector... 
     [java] Transforming org.jgrapht.alg.CycleDetector... 
     [java] Transforming org.jgrapht.alg.HamiltonianCycleTest... 
     [java] Transforming org.jgrapht.alg.EdmondsKarpMaximumFlow$Arc... 
     [java] Transforming org.jgrapht.alg.DijkstraShortestPathTest... 
     [java] Transforming org.jgrapht.alg.FloydWarshallShortestPathsTest$1... 
     [java] Transforming org.jgrapht.alg.KShortestPathCompleteGraph4... 
     [java] Transforming org.jgrapht.alg.AllAlgTests... 
     [java] Transforming org.jgrapht.alg.StrongConnectivityInspector$VertexData... 
     [java] Transforming org.jgrapht.alg.KSPExampleTest... 
     [java] Transforming org.jgrapht.alg.CycleDetector$CycleDetectedException... 
     [java] Transforming org.jgrapht.alg.DirectedNeighborIndex... 
     [java] Transforming org.jgrapht.alg.KruskalMinimumSpanningTree$1... 
     [java] Transforming org.jgrapht.alg.DijkstraShortestPath... 
     [java] Transforming org.jgrapht.alg.util.UnionFindTest... 
     [java] Transforming org.jgrapht.alg.util.VertexDegreeComparator... 
     [java] Transforming org.jgrapht.alg.util.AllAlgUtilTests... 
     [java] Transforming org.jgrapht.alg.util.UnionFind... 
     [java] Transforming org.jgrapht.alg.StoerWagnerMinimumCutTest... 
     [java] Transforming org.jgrapht.alg.BiconnectivityInspector... 
     [java] Transforming org.jgrapht.alg.KSPDiscardsValidPathsTest... 
     [java] Transforming org.jgrapht.alg.RankingPathElementList... 
     [java] Transforming org.jgrapht.alg.EdmondsKarpMaximumFlow... 
     [java] Transforming org.jgrapht.alg.MinSourceSinkCutTest... 
     [java] Transforming org.jgrapht.alg.KShortestPathsIterator... 
     [java] Transforming org.jgrapht.alg.NeighborIndexTest... 
     [java] Transforming org.jgrapht.alg.CycleDetector$ProbeIterator... 
     [java] Transforming org.jgrapht.alg.BlockCutpointGraph... 
     [java] Transforming org.jgrapht.alg.AbstractPathElementList... 
     [java] Transforming org.jgrapht.alg.BellmanFordShortestPathTest... 
     [java] Transforming org.jgrapht.alg.BellmanFordPathElement... 
     [java] Transforming org.jgrapht.alg.NeighborIndex$Neighbors... 
     [java] Transforming org.jgrapht.alg.CycleDetectorTest... 
     [java] Transforming org.jgrapht.alg.BlockCutpointGraph$BCGEdge... 
     [java] Transforming org.jgrapht.alg.FloydWarshallShortestPathsTest... 
     [java] Transforming org.jgrapht.alg.StrongConnectivityInspector$VertexData1... 
     [java] Transforming org.jgrapht.alg.RankingPathElement... 
     [java] Transforming org.jgrapht.alg.HopcroftKarpBipartiteMatchingTest... 
     [java] Transforming org.jgrapht.alg.BronKerboschCliqueFinderTest... 
     [java] Transforming org.jgrapht.alg.BlockCutpointGraph$VertexComponentForbiddenFunction... 
     [java] Transforming org.jgrapht.alg.FloydWarshallShortestPaths... 
     [java] Transforming org.jgrapht.alg.BellmanFordIterator... 
     [java] Transforming org.jgrapht.alg.ConnectivityInspectorTest... 
     [java] Transforming org.jgrapht.ext.GraphMLExporter... 
     [java] Transforming org.jgrapht.ext.JGraphModelAdapter$JGraphTListener... 
     [java] Transforming org.jgrapht.ext.StringEdgeNameProvider... 
     [java] Transforming org.jgrapht.ext.GmlExporter... 
     [java] Transforming org.jgrapht.ext.VisioExporter... 
     [java] Transforming org.jgrapht.ext.DOTExporterTest... 
     [java] Transforming org.jgrapht.ext.JGraphModelAdapter$CellFactory... 
     [java] Transforming org.jgrapht.ext.VertexNameProvider... 
     [java] Transforming org.jgrapht.ext.IntegerEdgeNameProvider... 
     [java] Transforming org.jgrapht.ext.GmlExporterTest... 
     [java] Transforming org.jgrapht.ext.JGraphModelAdapter$JGraphListener... 
     [java] Transforming org.jgrapht.ext.JGraphModelAdapter$ShieldedGraph... 
     [java] Transforming org.jgrapht.ext.GraphMLExporterTest... 
     [java] Transforming org.jgrapht.ext.DOTExporterTest$1... 
     [java] Transforming org.jgrapht.ext.StringNameProvider... 
     [java] Transforming org.jgrapht.ext.JGraphModelAdapter$DefaultCellFactory... 
     [java] Transforming org.jgrapht.ext.MatrixExporterTest... 
     [java] Transforming org.jgrapht.ext.MatrixExporter... 
     [java] Transforming org.jgrapht.ext.IntegerNameProvider... 
     [java] Transforming org.jgrapht.ext.JGraphModelAdapter... 
     [java] Transforming org.jgrapht.ext.DOTExporter... 
     [java] Transforming org.jgrapht.ext.EdgeNameProvider... 
     [java] Transforming org.jgrapht.ext.ComponentAttributeProvider... 
     [java] Transforming org.jgrapht.EnhancedTestCase... 
     [java] Transforming org.jgrapht.graph.AsWeightedGraph... 
     [java] Transforming org.jgrapht.graph.MaskVertexSet$MaskVertexSetNextElementFunctor... 
     [java] Transforming org.jgrapht.graph.WeightedMultigraph... 
     [java] Transforming org.jgrapht.graph.DirectedWeightedMultigraph... 
     [java] Transforming org.jgrapht.graph.GenericGraphsTest$EquivVertex... 
     [java] Transforming org.jgrapht.graph.DefaultGraphMapping... 
     [java] Transforming org.jgrapht.graph.GenericGraphsTest$FooEdge... 
     [java] Transforming org.jgrapht.graph.DefaultDirectedGraphTest$LinkedHashSetFactory... 
     [java] Transforming org.jgrapht.graph.AbstractBaseGraph$Specifics... 
     [java] Transforming org.jgrapht.graph.MaskEdgeSet... 
     [java] Transforming org.jgrapht.graph.MaskEdgeSet$MaskEdgeSetNextElementFunctor... 
     [java] Transforming org.jgrapht.graph.SerializationTest... 
     [java] Transforming org.jgrapht.graph.AsUnweightedDirectedGraph... 
     [java] Transforming org.jgrapht.graph.CloneTest... 
     [java] Transforming org.jgrapht.graph.GraphDelegator... 
     [java] Transforming org.jgrapht.graph.ClassBasedEdgeFactory... 
     [java] Transforming org.jgrapht.graph.GenericGraphsTest$FooVertex... 
     [java] Transforming org.jgrapht.graph.AbstractBaseGraph$UndirectedEdgeContainer... 
     [java] Transforming org.jgrapht.graph.WeightedPseudograph... 
     [java] Transforming org.jgrapht.graph.DefaultListenableGraph$FlyweightVertexEvent... 
     [java] Transforming org.jgrapht.graph.DirectedGraphUnion... 
     [java] Transforming org.jgrapht.graph.AbstractBaseGraph$ArrayListFactory... 
     [java] Transforming org.jgrapht.graph.AbstractBaseGraph$DirectedEdgeContainer... 
     [java] Transforming org.jgrapht.graph.MaskVertexSet... 
     [java] Transforming org.jgrapht.graph.DefaultDirectedWeightedGraph... 
     [java] Transforming org.jgrapht.graph.SimpleWeightedGraph... 
     [java] Transforming org.jgrapht.graph.DirectedMaskSubgraph... 
     [java] Transforming org.jgrapht.graph.Subgraph$BaseGraphListener... 
     [java] Transforming org.jgrapht.graph.SubgraphTest... 
     [java] Transforming org.jgrapht.graph.UnmodifiableGraph... 
     [java] Transforming org.jgrapht.graph.ListenableDirectedGraph... 
     [java] Transforming org.jgrapht.graph.AsUndirectedGraphTest... 
     [java] Transforming org.jgrapht.graph.DirectedPseudograph... 
     [java] Transforming org.jgrapht.graph.AllGraphTests... 
     [java] Transforming org.jgrapht.graph.AsUnweightedGraph... 
     [java] Transforming org.jgrapht.graph.AbstractGraph... 
     [java] Transforming org.jgrapht.graph.Pseudograph... 
     [java] Transforming org.jgrapht.graph.EqualsAndHashCodeTest$CustomEdge... 
     [java] Transforming org.jgrapht.graph.MaskSubgraph... 
     [java] Transforming org.jgrapht.graph.GenericGraphsTest... 
     [java] Transforming org.jgrapht.graph.GenericGraphsTest$CustomEdge... 
     [java] Transforming org.jgrapht.graph.IntrusiveEdge... 
     [java] Transforming org.jgrapht.graph.GenericGraphsTest$BarVertex... 
     [java] Transforming org.jgrapht.graph.DirectedWeightedSubgraph... 
     [java] Transforming org.jgrapht.graph.UnmodifiableDirectedGraph... 
     [java] Transforming org.jgrapht.graph.GraphUnion... 
     [java] Transforming org.jgrapht.graph.DefaultDirectedGraph... 
     [java] Transforming org.jgrapht.graph.EqualsAndHashCodeTest... 
     [java] Transforming org.jgrapht.graph.ListenableUndirectedGraph... 
     [java] Transforming org.jgrapht.graph.ListenableUndirectedWeightedGraph... 
     [java] Transforming org.jgrapht.graph.DefaultWeightedEdge... 
     [java] Transforming org.jgrapht.graph.SimpleDirectedGraphTest... 
     [java] Transforming org.jgrapht.graph.AsUndirectedGraph... 
     [java] Transforming org.jgrapht.graph.SimpleGraph... 
     [java] Transforming org.jgrapht.graph.DefaultListenableGraph... 
     [java] Transforming org.jgrapht.graph.Multigraph... 
     [java] Transforming org.jgrapht.graph.DirectedSubgraph... 
     [java] Transforming org.jgrapht.graph.DirectedMultigraph... 
     [java] Transforming org.jgrapht.graph.EdgeSetFactory... 
     [java] Transforming org.jgrapht.graph.UndirectedSubgraph... 
     [java] Transforming org.jgrapht.graph.SimpleDirectedWeightedGraph... 
     [java] Transforming org.jgrapht.graph.SimpleDirectedGraph... 
     [java] Transforming org.jgrapht.graph.AsUnweightedGraphTest... 
     [java] Transforming org.jgrapht.graph.DefaultListenableGraph$FlyweightEdgeEvent... 
     [java] Transforming org.jgrapht.graph.DefaultDirectedGraphTest... 
     [java] Transforming org.jgrapht.graph.AbstractBaseGraph... 
     [java] Transforming org.jgrapht.graph.AbstractBaseGraph$DirectedSpecifics... 
     [java] Transforming org.jgrapht.graph.AbstractBaseGraph$UndirectedSpecifics... 
     [java] Transforming org.jgrapht.graph.GenericGraphsTest$BarEdge... 
     [java] Transforming org.jgrapht.graph.ListenableGraphTest$MyGraphListner... 
     [java] Transforming org.jgrapht.graph.UndirectedGraphUnion... 
     [java] Transforming org.jgrapht.graph.MaskFunctor... 
     [java] Transforming org.jgrapht.graph.AsWeightedGraphTest... 
     [java] Transforming org.jgrapht.graph.ListenableDirectedWeightedGraph... 
     [java] Transforming org.jgrapht.graph.Subgraph... 
     [java] Transforming org.jgrapht.graph.GraphPathImpl... 
     [java] Transforming org.jgrapht.graph.CloneTest$BrokenVertex... 
     [java] Transforming org.jgrapht.graph.EdgeReversedGraph... 
     [java] Transforming org.jgrapht.graph.ParanoidGraph... 
     [java] Transforming org.jgrapht.graph.ListenableGraphTest... 
     [java] Transforming org.jgrapht.graph.GenericGraphsTest$EquivGraph... 
     [java] Transforming org.jgrapht.graph.ClassBasedVertexFactory... 
     [java] Transforming org.jgrapht.graph.UndirectedWeightedSubgraph... 
     [java] Transforming org.jgrapht.graph.DefaultEdge... 
     [java] Transforming org.jgrapht.graph.UnmodifiableUndirectedGraph... 
     [java] Transforming org.jgrapht.graph.UndirectedMaskSubgraph... 
     [java] Transforming org.jgrapht.DirectedGraph... 
     [java] Transforming org.jgrapht.AllTests... 
     [java] Writing to sootOutput/org.jgrapht.GraphPath.jimple
     [java] Writing to sootOutput/org.jgrapht.GraphHelper.jimple
     [java] Writing to sootOutput/org.jgrapht.AllTests$ExpandableTestSuite.jimple
     [java] Writing to sootOutput/org.jgrapht.experimental.PartiteRandomGraphGenerator.jimple
     [java] Writing to sootOutput/org.jgrapht.experimental.GraphSquare.jimple
     [java] Writing to sootOutput/org.jgrapht.experimental.GraphReaderTest.jimple
     [java] Writing to sootOutput/org.jgrapht.experimental.GraphTests.jimple
     [java] Writing to sootOutput/org.jgrapht.experimental.equivalence.EquivalenceComparator.jimple
     [java] Writing to sootOutput/org.jgrapht.experimental.equivalence.UniformEquivalenceComparator.jimple
     [java] Writing to sootOutput/org.jgrapht.experimental.equivalence.EquivalenceComparatorChainBase.jimple
     [java] Writing to sootOutput/org.jgrapht.experimental.equivalence.EquivalenceComparatorChain.jimple
     [java] Writing to sootOutput/org.jgrapht.experimental.equivalence.EquivalenceSet.jimple
     [java] Writing to sootOutput/org.jgrapht.experimental.equivalence.EquivalenceSetCreator$EqGroupSizeComparator.jimple
     [java] Writing to sootOutput/org.jgrapht.experimental.equivalence.EquivalenceGroupCreatorTest.jimple
     [java] Writing to sootOutput/org.jgrapht.experimental.equivalence.EquivalenceSetCreator.jimple
     [java] Writing to sootOutput/org.jgrapht.experimental.GraphReader.jimple
     [java] Writing to sootOutput/org.jgrapht.experimental.GraphReaderTest$IntVertexFactory.jimple
     [java] Writing to sootOutput/org.jgrapht.experimental.isomorphism.AbstractExhaustiveIsomorphismInspector$NextFunctor.jimple
     [java] Writing to sootOutput/org.jgrapht.experimental.isomorphism.EquivalenceIsomorphismInspector.jimple
     [java] Writing to sootOutput/org.jgrapht.experimental.isomorphism.PermutationIsomorphismInspector.jimple
     [java] Writing to sootOutput/org.jgrapht.experimental.isomorphism.IntegerVertexFactory.jimple
     [java] Writing to sootOutput/org.jgrapht.experimental.isomorphism.EdgeTopologyCompare.jimple
     [java] Writing to sootOutput/org.jgrapht.experimental.isomorphism.GraphIsomorphismInspector.jimple
     [java] Writing to sootOutput/org.jgrapht.experimental.isomorphism.VertexDegreeEquivalenceComparator$InOutDegrees.jimple
     [java] Writing to sootOutput/org.jgrapht.experimental.isomorphism.GraphOrdering.jimple
     [java] Writing to sootOutput/org.jgrapht.experimental.isomorphism.comparators.DirectedEdgeWeightOddEvenComparator.jimple
     [java] Writing to sootOutput/org.jgrapht.experimental.isomorphism.comparators.OddEvenGroupComparator.jimple
     [java] Writing to sootOutput/org.jgrapht.experimental.isomorphism.comparators.Mod3GroupComparator.jimple
     [java] Writing to sootOutput/org.jgrapht.experimental.isomorphism.VertexDegreeEquivalenceComparator.jimple
     [java] Writing to sootOutput/org.jgrapht.experimental.isomorphism.IsomorphismRelation.jimple
     [java] Writing to sootOutput/org.jgrapht.experimental.isomorphism.AdaptiveIsomorphismInspectorFactory.jimple
     [java] Writing to sootOutput/org.jgrapht.experimental.isomorphism.GraphOrdering$LabelsEdge.jimple
     [java] Writing to sootOutput/org.jgrapht.experimental.isomorphism.IsomorphismInspectorTest.jimple
     [java] Writing to sootOutput/org.jgrapht.experimental.isomorphism.AbstractExhaustiveIsomorphismInspector.jimple
     [java] Writing to sootOutput/org.jgrapht.experimental.RandomGraphHelper.jimple
     [java] Writing to sootOutput/org.jgrapht.experimental.permutation.CollectionPermutationIter.jimple
     [java] Writing to sootOutput/org.jgrapht.experimental.permutation.PermutationFactory.jimple
     [java] Writing to sootOutput/org.jgrapht.experimental.permutation.CompoundPermutationIter.jimple
     [java] Writing to sootOutput/org.jgrapht.experimental.permutation.CompoundPermutationIterTest.jimple
     [java] Writing to sootOutput/org.jgrapht.experimental.permutation.ArrayPermutationsIter.jimple
     [java] Writing to sootOutput/org.jgrapht.experimental.permutation.IntegerPermutationIter.jimple
     [java] Writing to sootOutput/org.jgrapht.experimental.UniformRandomGraphGenerator.jimple
     [java] Writing to sootOutput/org.jgrapht.experimental.touchgraph.TouchgraphPanel.jimple
     [java] Writing to sootOutput/org.jgrapht.experimental.touchgraph.SimpleTouchgraphApplet.jimple
     [java] Writing to sootOutput/org.jgrapht.experimental.touchgraph.TouchgraphConverter.jimple
     [java] Writing to sootOutput/org.jgrapht.experimental.alg.IntArrayGraphAlgorithm.jimple
     [java] Writing to sootOutput/org.jgrapht.experimental.alg.ColoringTest.jimple
     [java] Writing to sootOutput/org.jgrapht.experimental.alg.ApproximationAlgorithm.jimple
     [java] Writing to sootOutput/org.jgrapht.experimental.alg.ExactAlgorithm.jimple
     [java] Writing to sootOutput/org.jgrapht.experimental.alg.color.GreedyColoring.jimple
     [java] Writing to sootOutput/org.jgrapht.experimental.alg.color.BrownBacktrackColoring.jimple
     [java] Writing to sootOutput/org.jgrapht.experimental.dag.DirectedAcyclicGraph$VisitedFactory.jimple
     [java] Writing to sootOutput/org.jgrapht.experimental.dag.DirectedAcyclicGraph$CycleFoundException.jimple
     [java] Writing to sootOutput/org.jgrapht.experimental.dag.DirectedAcyclicGraphTest.jimple
     [java] Writing to sootOutput/org.jgrapht.experimental.dag.DirectedAcyclicGraphTest$LongVertexFactory.jimple
     [java] Writing to sootOutput/org.jgrapht.experimental.dag.DirectedAcyclicGraph$TopoVertexBiMap.jimple
     [java] Writing to sootOutput/org.jgrapht.experimental.dag.DirectedAcyclicGraph$Visited.jimple
     [java] Writing to sootOutput/org.jgrapht.experimental.dag.DirectedAcyclicGraph$TopoIterator.jimple
     [java] Writing to sootOutput/org.jgrapht.experimental.dag.DirectedAcyclicGraph$VisitedArrayListImpl.jimple
     [java] Writing to sootOutput/org.jgrapht.experimental.dag.DirectedAcyclicGraphTest$RepeatableRandomGraphGenerator.jimple
     [java] Writing to sootOutput/org.jgrapht.experimental.dag.DirectedAcyclicGraph$TopoOrderMappingFactory.jimple
     [java] Writing to sootOutput/org.jgrapht.experimental.dag.DirectedAcyclicGraph$VisitedHashSetImpl.jimple
     [java] Writing to sootOutput/org.jgrapht.experimental.dag.DirectedAcyclicGraph$VisitedArrayImpl.jimple
     [java] Writing to sootOutput/org.jgrapht.experimental.dag.DirectedAcyclicGraph$VisitedBitSetImpl.jimple
     [java] Writing to sootOutput/org.jgrapht.experimental.dag.DirectedAcyclicGraph$Region.jimple
     [java] Writing to sootOutput/org.jgrapht.experimental.dag.DirectedAcyclicGraph.jimple
     [java] Writing to sootOutput/org.jgrapht.experimental.dag.DirectedAcyclicGraph$TopoComparator.jimple
     [java] Writing to sootOutput/org.jgrapht.experimental.dag.DirectedAcyclicGraph$TopoOrderMapping.jimple
     [java] Writing to sootOutput/org.jgrapht.experimental.dag.DirectedAcyclicGraph$TopoVertexMap.jimple
     [java] Writing to sootOutput/org.jgrapht.experimental.GraphSquare$1.jimple
     [java] Writing to sootOutput/org.jgrapht.event.GraphChangeEvent.jimple
     [java] Writing to sootOutput/org.jgrapht.event.GraphListener.jimple
     [java] Writing to sootOutput/org.jgrapht.event.VertexTraversalEvent.jimple
     [java] Writing to sootOutput/org.jgrapht.event.ConnectedComponentTraversalEvent.jimple
     [java] Writing to sootOutput/org.jgrapht.event.VertexSetListener.jimple
     [java] Writing to sootOutput/org.jgrapht.event.EdgeTraversalEvent.jimple
     [java] Writing to sootOutput/org.jgrapht.event.GraphVertexChangeEvent.jimple
     [java] Writing to sootOutput/org.jgrapht.event.TraversalListenerAdapter.jimple
     [java] Writing to sootOutput/org.jgrapht.event.TraversalListener.jimple
     [java] Writing to sootOutput/org.jgrapht.event.GraphEdgeChangeEvent.jimple
     [java] Writing to sootOutput/org.jgrapht.ListenableGraph.jimple
     [java] Writing to sootOutput/org.jgrapht.UndirectedGraph.jimple
     [java] Writing to sootOutput/org.jgrapht.WeightedGraph.jimple
     [java] Writing to sootOutput/org.jgrapht.Graphs.jimple
     [java] Writing to sootOutput/org.jgrapht.util.FibonacciHeap.jimple
     [java] Writing to sootOutput/org.jgrapht.util.WeightCombiner$1.jimple
     [java] Writing to sootOutput/org.jgrapht.util.ModifiableInteger.jimple
     [java] Writing to sootOutput/org.jgrapht.util.WeightCombiner.jimple
     [java] Writing to sootOutput/org.jgrapht.util.WeightCombiner$2.jimple
     [java] Writing to sootOutput/org.jgrapht.util.MathUtil.jimple
     [java] Writing to sootOutput/org.jgrapht.util.WeightCombiner$3.jimple
     [java] Writing to sootOutput/org.jgrapht.util.TypeUtil.jimple
     [java] Writing to sootOutput/org.jgrapht.util.PrefetchIterator.jimple
     [java] Writing to sootOutput/org.jgrapht.util.FibonacciHeapNode.jimple
     [java] Writing to sootOutput/org.jgrapht.util.PrefetchIteratorTest.jimple
     [java] Writing to sootOutput/org.jgrapht.util.ArrayUnenforcedSet$SetForEquality.jimple
     [java] Writing to sootOutput/org.jgrapht.util.WeightCombiner$4.jimple
     [java] Writing to sootOutput/org.jgrapht.util.FibonacciHeapTest.jimple
     [java] Writing to sootOutput/org.jgrapht.util.AllUtilTests.jimple
     [java] Writing to sootOutput/org.jgrapht.util.VertexPair.jimple
     [java] Writing to sootOutput/org.jgrapht.util.StopWatch.jimple
     [java] Writing to sootOutput/org.jgrapht.util.ArrayUnenforcedSet.jimple
     [java] Writing to sootOutput/org.jgrapht.util.PrefetchIteratorTest$IterateFrom1To99.jimple
     [java] Writing to sootOutput/org.jgrapht.util.WeightCombiner$5.jimple
     [java] Writing to sootOutput/org.jgrapht.util.PrefetchIteratorTest$IterateFrom1To99$1.jimple
     [java] Writing to sootOutput/org.jgrapht.util.PrefetchIterator$NextElementFunctor.jimple
     [java] Writing to sootOutput/org.jgrapht.Graph.jimple
     [java] Writing to sootOutput/org.jgrapht.generate.EmptyGraphGenerator.jimple
     [java] Writing to sootOutput/org.jgrapht.generate.GridGraphGenerator.jimple
     [java] Writing to sootOutput/org.jgrapht.generate.WheelGraphGenerator.jimple
     [java] Writing to sootOutput/org.jgrapht.generate.RandomGraphGenerator$EdgeTopologyFactory.jimple
     [java] Writing to sootOutput/org.jgrapht.generate.GraphGeneratorTest$1StringVertexFactory.jimple
     [java] Writing to sootOutput/org.jgrapht.generate.ScaleFreeGraphGenerator.jimple
     [java] Writing to sootOutput/org.jgrapht.generate.RandomGraphGenerator.jimple
     [java] Writing to sootOutput/org.jgrapht.generate.RingGraphGenerator.jimple
     [java] Writing to sootOutput/org.jgrapht.generate.GraphGeneratorTest$1.jimple
     [java] Writing to sootOutput/org.jgrapht.generate.RandomGraphGeneratorTest.jimple
     [java] Writing to sootOutput/org.jgrapht.generate.StarGraphGenerator.jimple
     [java] Writing to sootOutput/org.jgrapht.generate.GraphGenerator.jimple
     [java] Writing to sootOutput/org.jgrapht.generate.CompleteGraphGenerator.jimple
     [java] Writing to sootOutput/org.jgrapht.generate.WheelGraphGenerator$1.jimple
     [java] Writing to sootOutput/org.jgrapht.generate.HyperCubeGraphGenerator.jimple
     [java] Writing to sootOutput/org.jgrapht.generate.RandomGraphGenerator$DefaultEdgeTopologyFactory.jimple
     [java] Writing to sootOutput/org.jgrapht.generate.LinearGraphGenerator.jimple
     [java] Writing to sootOutput/org.jgrapht.generate.GraphGeneratorTest$1StringEdgeFactory.jimple
     [java] Writing to sootOutput/org.jgrapht.generate.GraphGeneratorTest.jimple
     [java] Writing to sootOutput/org.jgrapht.generate.AllGenerateTests.jimple
     [java] Writing to sootOutput/org.jgrapht.generate.CompleteBipartiteGraphGenerator.jimple
     [java] Writing to sootOutput/org.jgrapht.VertexFactory.jimple
     [java] Writing to sootOutput/org.jgrapht.EdgeFactory.jimple
     [java] Writing to sootOutput/org.jgrapht.traverse.TopologicalOrderIterator.jimple
     [java] Writing to sootOutput/org.jgrapht.traverse.BreadthFirstIterator.jimple
     [java] Writing to sootOutput/org.jgrapht.traverse.TopologicalOrderIterator$LinkedListQueue.jimple
     [java] Writing to sootOutput/org.jgrapht.traverse.CrossComponentIterator$FlyweightEdgeEvent.jimple
     [java] Writing to sootOutput/org.jgrapht.traverse.GraphIterator.jimple
     [java] Writing to sootOutput/org.jgrapht.traverse.CrossComponentIterator$UndirectedSpecifics.jimple
     [java] Writing to sootOutput/org.jgrapht.traverse.DepthFirstIterator.jimple
     [java] Writing to sootOutput/org.jgrapht.traverse.CrossComponentIterator$DirectedSpecifics.jimple
     [java] Writing to sootOutput/org.jgrapht.traverse.ClosestFirstIterator.jimple
     [java] Writing to sootOutput/org.jgrapht.traverse.BreadthFirstIteratorTest.jimple
     [java] Writing to sootOutput/org.jgrapht.traverse.CrossComponentIterator$Specifics.jimple
     [java] Writing to sootOutput/org.jgrapht.traverse.ClosestFirstIterator$QueueEntry.jimple
     [java] Writing to sootOutput/org.jgrapht.traverse.TopologicalOrderIteratorTest.jimple
     [java] Writing to sootOutput/org.jgrapht.traverse.AbstractGraphIterator.jimple
     [java] Writing to sootOutput/org.jgrapht.traverse.IgnoreDirectionTest.jimple
     [java] Writing to sootOutput/org.jgrapht.traverse.AbstractGraphIteratorTest$MyTraversalListener.jimple
     [java] Writing to sootOutput/org.jgrapht.traverse.ClosestFirstIteratorTest.jimple
     [java] Writing to sootOutput/org.jgrapht.traverse.AbstractGraphIteratorTest.jimple
     [java] Writing to sootOutput/org.jgrapht.traverse.CrossComponentIterator$SimpleContainer.jimple
     [java] Writing to sootOutput/org.jgrapht.traverse.CrossComponentIterator.jimple
     [java] Writing to sootOutput/org.jgrapht.traverse.CrossComponentIterator$FlyweightVertexEvent.jimple
     [java] Writing to sootOutput/org.jgrapht.traverse.DepthFirstIteratorTest.jimple
     [java] Writing to sootOutput/org.jgrapht.traverse.AllTraverseTests.jimple
     [java] Writing to sootOutput/org.jgrapht.traverse.CrossComponentIterator$VisitColor.jimple
     [java] Writing to sootOutput/org.jgrapht.demo.PerformanceDemo.jimple
     [java] Writing to sootOutput/org.jgrapht.demo.JGraphAdapterDemo.jimple
     [java] Writing to sootOutput/org.jgrapht.demo.HelloJGraphT.jimple
     [java] Writing to sootOutput/org.jgrapht.demo.JGraphAdapterDemo$ListenableDirectedMultigraph.jimple
     [java] Writing to sootOutput/org.jgrapht.demo.CompleteGraphDemo.jimple
     [java] Writing to sootOutput/org.jgrapht.GraphMapping.jimple
     [java] Writing to sootOutput/org.jgrapht.alg.NotBiconnectedGraph.jimple
     [java] Writing to sootOutput/org.jgrapht.alg.BiconnectivityInspectorTest.jimple
     [java] Writing to sootOutput/org.jgrapht.alg.KShortestPaths.jimple
     [java] Writing to sootOutput/org.jgrapht.alg.EdmondsBlossomShrinking.jimple
     [java] Writing to sootOutput/org.jgrapht.alg.KruskalMinimumSpanningTree.jimple
     [java] Writing to sootOutput/org.jgrapht.alg.Picture1Graph.jimple
     [java] Writing to sootOutput/org.jgrapht.alg.HopcroftKarpBipartiteMatching.jimple
     [java] Writing to sootOutput/org.jgrapht.alg.KShortestPathCostTest.jimple
     [java] Writing to sootOutput/org.jgrapht.alg.KSPExampleGraph.jimple
     [java] Writing to sootOutput/org.jgrapht.alg.VertexCovers.jimple
     [java] Writing to sootOutput/org.jgrapht.alg.ConnectivityInspectorTest$2.jimple
     [java] Writing to sootOutput/org.jgrapht.alg.ChromaticNumber.jimple
     [java] Writing to sootOutput/org.jgrapht.alg.KruskalMinimumSpanningTreeTest.jimple
     [java] Writing to sootOutput/org.jgrapht.alg.ConnectivityInspector$MyTraversalListener.jimple
     [java] Writing to sootOutput/org.jgrapht.alg.KShortestPathCompleteGraph5.jimple
     [java] Writing to sootOutput/org.jgrapht.alg.BiconnectedGraph.jimple
     [java] Writing to sootOutput/org.jgrapht.alg.StoerWagnerMinimumCut$VertexAndWeight.jimple
     [java] Writing to sootOutput/org.jgrapht.alg.StrongConnectivityInspector$VertexData2.jimple
     [java] Writing to sootOutput/org.jgrapht.alg.BellmanFordShortestPath.jimple
     [java] Writing to sootOutput/org.jgrapht.alg.KShortestPathCompleteGraph6.jimple
     [java] Writing to sootOutput/org.jgrapht.alg.RankingPathElementList$PathMask.jimple
     [java] Writing to sootOutput/org.jgrapht.alg.ConnectivityInspector.jimple
     [java] Writing to sootOutput/org.jgrapht.alg.VertexCoversTest.jimple
     [java] Writing to sootOutput/org.jgrapht.alg.AbstractPathElement.jimple
     [java] Writing to sootOutput/org.jgrapht.alg.EdmondsBlossomShrinkingTest.jimple
     [java] Writing to sootOutput/org.jgrapht.alg.StoerWagnerMinimumCut.jimple
     [java] Writing to sootOutput/org.jgrapht.alg.EdmondsKarpMaximumFlowTest.jimple
     [java] Writing to sootOutput/org.jgrapht.alg.EulerianCircuit.jimple
     [java] Writing to sootOutput/org.jgrapht.alg.BronKerboschCliqueFinder.jimple
     [java] Writing to sootOutput/org.jgrapht.alg.HamiltonianCycle.jimple
     [java] Writing to sootOutput/org.jgrapht.alg.EulerianCircuitTest.jimple
     [java] Writing to sootOutput/org.jgrapht.alg.BlockCutpointGraphTest.jimple
     [java] Writing to sootOutput/org.jgrapht.alg.TransitiveClosureTest.jimple
     [java] Writing to sootOutput/org.jgrapht.alg.EdmondsKarpMaximumFlow$Node.jimple
     [java] Writing to sootOutput/org.jgrapht.alg.ShortestPathTestCase.jimple
     [java] Writing to sootOutput/org.jgrapht.alg.TransitiveClosure.jimple
     [java] Writing to sootOutput/org.jgrapht.alg.MinSourceSinkCut.jimple
     [java] Writing to sootOutput/org.jgrapht.alg.KShortestPathKValuesTest.jimple
     [java] Writing to sootOutput/org.jgrapht.alg.TransitiveClosureTest$2.jimple
     [java] Writing to sootOutput/org.jgrapht.alg.TransitiveClosureTest$1.jimple
     [java] Writing to sootOutput/org.jgrapht.alg.NeighborIndex.jimple
     [java] Writing to sootOutput/org.jgrapht.alg.KShortestPaths$PathWrapper.jimple
     [java] Writing to sootOutput/org.jgrapht.alg.ConnectivityInspectorTest$1.jimple
     [java] Writing to sootOutput/org.jgrapht.alg.ChromaticNumberTest.jimple
     [java] Writing to sootOutput/org.jgrapht.alg.StrongConnectivityInspector.jimple
     [java] Writing to sootOutput/org.jgrapht.alg.CycleDetector.jimple
     [java] Writing to sootOutput/org.jgrapht.alg.HamiltonianCycleTest.jimple
     [java] Writing to sootOutput/org.jgrapht.alg.EdmondsKarpMaximumFlow$Arc.jimple
     [java] Writing to sootOutput/org.jgrapht.alg.DijkstraShortestPathTest.jimple
     [java] Writing to sootOutput/org.jgrapht.alg.FloydWarshallShortestPathsTest$1.jimple
     [java] Writing to sootOutput/org.jgrapht.alg.KShortestPathCompleteGraph4.jimple
     [java] Writing to sootOutput/org.jgrapht.alg.AllAlgTests.jimple
     [java] Writing to sootOutput/org.jgrapht.alg.StrongConnectivityInspector$VertexData.jimple
     [java] Writing to sootOutput/org.jgrapht.alg.KSPExampleTest.jimple
     [java] Writing to sootOutput/org.jgrapht.alg.CycleDetector$CycleDetectedException.jimple
     [java] Writing to sootOutput/org.jgrapht.alg.DirectedNeighborIndex.jimple
     [java] Writing to sootOutput/org.jgrapht.alg.KruskalMinimumSpanningTree$1.jimple
     [java] Writing to sootOutput/org.jgrapht.alg.DijkstraShortestPath.jimple
     [java] Writing to sootOutput/org.jgrapht.alg.util.UnionFindTest.jimple
     [java] Writing to sootOutput/org.jgrapht.alg.util.VertexDegreeComparator.jimple
     [java] Writing to sootOutput/org.jgrapht.alg.util.AllAlgUtilTests.jimple
     [java] Writing to sootOutput/org.jgrapht.alg.util.UnionFind.jimple
     [java] Writing to sootOutput/org.jgrapht.alg.StoerWagnerMinimumCutTest.jimple
     [java] Writing to sootOutput/org.jgrapht.alg.BiconnectivityInspector.jimple
     [java] Writing to sootOutput/org.jgrapht.alg.KSPDiscardsValidPathsTest.jimple
     [java] Writing to sootOutput/org.jgrapht.alg.RankingPathElementList.jimple
     [java] Writing to sootOutput/org.jgrapht.alg.EdmondsKarpMaximumFlow.jimple
     [java] Writing to sootOutput/org.jgrapht.alg.MinSourceSinkCutTest.jimple
     [java] Writing to sootOutput/org.jgrapht.alg.KShortestPathsIterator.jimple
     [java] Writing to sootOutput/org.jgrapht.alg.NeighborIndexTest.jimple
     [java] Writing to sootOutput/org.jgrapht.alg.CycleDetector$ProbeIterator.jimple
     [java] Writing to sootOutput/org.jgrapht.alg.BlockCutpointGraph.jimple
     [java] Writing to sootOutput/org.jgrapht.alg.AbstractPathElementList.jimple
     [java] Writing to sootOutput/org.jgrapht.alg.BellmanFordShortestPathTest.jimple
     [java] Writing to sootOutput/org.jgrapht.alg.BellmanFordPathElement.jimple
     [java] Writing to sootOutput/org.jgrapht.alg.NeighborIndex$Neighbors.jimple
     [java] Writing to sootOutput/org.jgrapht.alg.CycleDetectorTest.jimple
     [java] Writing to sootOutput/org.jgrapht.alg.BlockCutpointGraph$BCGEdge.jimple
     [java] Writing to sootOutput/org.jgrapht.alg.FloydWarshallShortestPathsTest.jimple
     [java] Writing to sootOutput/org.jgrapht.alg.StrongConnectivityInspector$VertexData1.jimple
     [java] Writing to sootOutput/org.jgrapht.alg.RankingPathElement.jimple
     [java] Writing to sootOutput/org.jgrapht.alg.HopcroftKarpBipartiteMatchingTest.jimple
     [java] Writing to sootOutput/org.jgrapht.alg.BronKerboschCliqueFinderTest.jimple
     [java] Writing to sootOutput/org.jgrapht.alg.BlockCutpointGraph$VertexComponentForbiddenFunction.jimple
     [java] Writing to sootOutput/org.jgrapht.alg.FloydWarshallShortestPaths.jimple
     [java] Writing to sootOutput/org.jgrapht.alg.BellmanFordIterator.jimple
     [java] Writing to sootOutput/org.jgrapht.alg.ConnectivityInspectorTest.jimple
     [java] Writing to sootOutput/org.jgrapht.ext.GraphMLExporter.jimple
     [java] Writing to sootOutput/org.jgrapht.ext.JGraphModelAdapter$JGraphTListener.jimple
     [java] Writing to sootOutput/org.jgrapht.ext.StringEdgeNameProvider.jimple
     [java] Writing to sootOutput/org.jgrapht.ext.GmlExporter.jimple
     [java] Writing to sootOutput/org.jgrapht.ext.VisioExporter.jimple
     [java] Writing to sootOutput/org.jgrapht.ext.DOTExporterTest.jimple
     [java] Writing to sootOutput/org.jgrapht.ext.JGraphModelAdapter$CellFactory.jimple
     [java] Writing to sootOutput/org.jgrapht.ext.VertexNameProvider.jimple
     [java] Writing to sootOutput/org.jgrapht.ext.IntegerEdgeNameProvider.jimple
     [java] Writing to sootOutput/org.jgrapht.ext.GmlExporterTest.jimple
     [java] Writing to sootOutput/org.jgrapht.ext.JGraphModelAdapter$JGraphListener.jimple
     [java] Writing to sootOutput/org.jgrapht.ext.JGraphModelAdapter$ShieldedGraph.jimple
     [java] Writing to sootOutput/org.jgrapht.ext.GraphMLExporterTest.jimple
     [java] Writing to sootOutput/org.jgrapht.ext.DOTExporterTest$1.jimple
     [java] Writing to sootOutput/org.jgrapht.ext.StringNameProvider.jimple
     [java] Writing to sootOutput/org.jgrapht.ext.JGraphModelAdapter$DefaultCellFactory.jimple
     [java] Writing to sootOutput/org.jgrapht.ext.MatrixExporterTest.jimple
     [java] Writing to sootOutput/org.jgrapht.ext.MatrixExporter.jimple
     [java] Writing to sootOutput/org.jgrapht.ext.IntegerNameProvider.jimple
     [java] Writing to sootOutput/org.jgrapht.ext.JGraphModelAdapter.jimple
     [java] Writing to sootOutput/org.jgrapht.ext.DOTExporter.jimple
     [java] Writing to sootOutput/org.jgrapht.ext.EdgeNameProvider.jimple
     [java] Writing to sootOutput/org.jgrapht.ext.ComponentAttributeProvider.jimple
     [java] Writing to sootOutput/org.jgrapht.EnhancedTestCase.jimple
     [java] Writing to sootOutput/org.jgrapht.graph.AsWeightedGraph.jimple
     [java] Writing to sootOutput/org.jgrapht.graph.MaskVertexSet$MaskVertexSetNextElementFunctor.jimple
     [java] Writing to sootOutput/org.jgrapht.graph.WeightedMultigraph.jimple
     [java] Writing to sootOutput/org.jgrapht.graph.DirectedWeightedMultigraph.jimple
     [java] Writing to sootOutput/org.jgrapht.graph.GenericGraphsTest$EquivVertex.jimple
     [java] Writing to sootOutput/org.jgrapht.graph.DefaultGraphMapping.jimple
     [java] Writing to sootOutput/org.jgrapht.graph.GenericGraphsTest$FooEdge.jimple
     [java] Writing to sootOutput/org.jgrapht.graph.DefaultDirectedGraphTest$LinkedHashSetFactory.jimple
     [java] Writing to sootOutput/org.jgrapht.graph.AbstractBaseGraph$Specifics.jimple
     [java] Writing to sootOutput/org.jgrapht.graph.MaskEdgeSet.jimple
     [java] Writing to sootOutput/org.jgrapht.graph.MaskEdgeSet$MaskEdgeSetNextElementFunctor.jimple
     [java] Writing to sootOutput/org.jgrapht.graph.SerializationTest.jimple
     [java] Writing to sootOutput/org.jgrapht.graph.AsUnweightedDirectedGraph.jimple
     [java] Writing to sootOutput/org.jgrapht.graph.CloneTest.jimple
     [java] Writing to sootOutput/org.jgrapht.graph.GraphDelegator.jimple
     [java] Writing to sootOutput/org.jgrapht.graph.ClassBasedEdgeFactory.jimple
     [java] Writing to sootOutput/org.jgrapht.graph.GenericGraphsTest$FooVertex.jimple
     [java] Writing to sootOutput/org.jgrapht.graph.AbstractBaseGraph$UndirectedEdgeContainer.jimple
     [java] Writing to sootOutput/org.jgrapht.graph.WeightedPseudograph.jimple
     [java] Writing to sootOutput/org.jgrapht.graph.DefaultListenableGraph$FlyweightVertexEvent.jimple
     [java] Writing to sootOutput/org.jgrapht.graph.DirectedGraphUnion.jimple
     [java] Writing to sootOutput/org.jgrapht.graph.AbstractBaseGraph$ArrayListFactory.jimple
     [java] Writing to sootOutput/org.jgrapht.graph.AbstractBaseGraph$DirectedEdgeContainer.jimple
     [java] Writing to sootOutput/org.jgrapht.graph.MaskVertexSet.jimple
     [java] Writing to sootOutput/org.jgrapht.graph.DefaultDirectedWeightedGraph.jimple
     [java] Writing to sootOutput/org.jgrapht.graph.SimpleWeightedGraph.jimple
     [java] Writing to sootOutput/org.jgrapht.graph.DirectedMaskSubgraph.jimple
     [java] Writing to sootOutput/org.jgrapht.graph.Subgraph$BaseGraphListener.jimple
     [java] Writing to sootOutput/org.jgrapht.graph.SubgraphTest.jimple
     [java] Writing to sootOutput/org.jgrapht.graph.UnmodifiableGraph.jimple
     [java] Writing to sootOutput/org.jgrapht.graph.ListenableDirectedGraph.jimple
     [java] Writing to sootOutput/org.jgrapht.graph.AsUndirectedGraphTest.jimple
     [java] Writing to sootOutput/org.jgrapht.graph.DirectedPseudograph.jimple
     [java] Writing to sootOutput/org.jgrapht.graph.AllGraphTests.jimple
     [java] Writing to sootOutput/org.jgrapht.graph.AsUnweightedGraph.jimple
     [java] Writing to sootOutput/org.jgrapht.graph.AbstractGraph.jimple
     [java] Writing to sootOutput/org.jgrapht.graph.Pseudograph.jimple
     [java] Writing to sootOutput/org.jgrapht.graph.EqualsAndHashCodeTest$CustomEdge.jimple
     [java] Writing to sootOutput/org.jgrapht.graph.MaskSubgraph.jimple
     [java] Writing to sootOutput/org.jgrapht.graph.GenericGraphsTest.jimple
     [java] Writing to sootOutput/org.jgrapht.graph.GenericGraphsTest$CustomEdge.jimple
     [java] Writing to sootOutput/org.jgrapht.graph.IntrusiveEdge.jimple
     [java] Writing to sootOutput/org.jgrapht.graph.GenericGraphsTest$BarVertex.jimple
     [java] Writing to sootOutput/org.jgrapht.graph.DirectedWeightedSubgraph.jimple
     [java] Writing to sootOutput/org.jgrapht.graph.UnmodifiableDirectedGraph.jimple
     [java] Writing to sootOutput/org.jgrapht.graph.GraphUnion.jimple
     [java] Writing to sootOutput/org.jgrapht.graph.DefaultDirectedGraph.jimple
     [java] Writing to sootOutput/org.jgrapht.graph.EqualsAndHashCodeTest.jimple
     [java] Writing to sootOutput/org.jgrapht.graph.ListenableUndirectedGraph.jimple
     [java] Writing to sootOutput/org.jgrapht.graph.ListenableUndirectedWeightedGraph.jimple
     [java] Writing to sootOutput/org.jgrapht.graph.DefaultWeightedEdge.jimple
     [java] Writing to sootOutput/org.jgrapht.graph.SimpleDirectedGraphTest.jimple
     [java] Writing to sootOutput/org.jgrapht.graph.AsUndirectedGraph.jimple
     [java] Writing to sootOutput/org.jgrapht.graph.SimpleGraph.jimple
     [java] Writing to sootOutput/org.jgrapht.graph.DefaultListenableGraph.jimple
     [java] Writing to sootOutput/org.jgrapht.graph.Multigraph.jimple
     [java] Writing to sootOutput/org.jgrapht.graph.DirectedSubgraph.jimple
     [java] Writing to sootOutput/org.jgrapht.graph.DirectedMultigraph.jimple
     [java] Writing to sootOutput/org.jgrapht.graph.EdgeSetFactory.jimple
     [java] Writing to sootOutput/org.jgrapht.graph.UndirectedSubgraph.jimple
     [java] Writing to sootOutput/org.jgrapht.graph.SimpleDirectedWeightedGraph.jimple
     [java] Writing to sootOutput/org.jgrapht.graph.SimpleDirectedGraph.jimple
     [java] Writing to sootOutput/org.jgrapht.graph.AsUnweightedGraphTest.jimple
     [java] Writing to sootOutput/org.jgrapht.graph.DefaultListenableGraph$FlyweightEdgeEvent.jimple
     [java] Writing to sootOutput/org.jgrapht.graph.DefaultDirectedGraphTest.jimple
     [java] Writing to sootOutput/org.jgrapht.graph.AbstractBaseGraph.jimple
     [java] Writing to sootOutput/org.jgrapht.graph.AbstractBaseGraph$DirectedSpecifics.jimple
     [java] Writing to sootOutput/org.jgrapht.graph.AbstractBaseGraph$UndirectedSpecifics.jimple
     [java] Writing to sootOutput/org.jgrapht.graph.GenericGraphsTest$BarEdge.jimple
     [java] Writing to sootOutput/org.jgrapht.graph.ListenableGraphTest$MyGraphListner.jimple
     [java] Writing to sootOutput/org.jgrapht.graph.UndirectedGraphUnion.jimple
     [java] Writing to sootOutput/org.jgrapht.graph.MaskFunctor.jimple
     [java] Writing to sootOutput/org.jgrapht.graph.AsWeightedGraphTest.jimple
     [java] Writing to sootOutput/org.jgrapht.graph.ListenableDirectedWeightedGraph.jimple
     [java] Writing to sootOutput/org.jgrapht.graph.Subgraph.jimple
     [java] Writing to sootOutput/org.jgrapht.graph.GraphPathImpl.jimple
     [java] Writing to sootOutput/org.jgrapht.graph.CloneTest$BrokenVertex.jimple
     [java] Writing to sootOutput/org.jgrapht.graph.EdgeReversedGraph.jimple
     [java] Writing to sootOutput/org.jgrapht.graph.ParanoidGraph.jimple
     [java] Writing to sootOutput/org.jgrapht.graph.ListenableGraphTest.jimple
     [java] Writing to sootOutput/org.jgrapht.graph.GenericGraphsTest$EquivGraph.jimple
     [java] Writing to sootOutput/org.jgrapht.graph.ClassBasedVertexFactory.jimple
     [java] Writing to sootOutput/org.jgrapht.graph.UndirectedWeightedSubgraph.jimple
     [java] Writing to sootOutput/org.jgrapht.graph.DefaultEdge.jimple
     [java] Writing to sootOutput/org.jgrapht.graph.UnmodifiableUndirectedGraph.jimple
     [java] Writing to sootOutput/org.jgrapht.graph.UndirectedMaskSubgraph.jimple
     [java] Writing to sootOutput/org.jgrapht.DirectedGraph.jimple
     [java] Writing to sootOutput/org.jgrapht.AllTests.jimple
     [java] Soot finished on Sun Oct 19 21:05:28 PDT 2014
     [java] Soot has run for 0 min. 46 sec.

BUILD SUCCESSFUL
Total time: 47 seconds
