Buildfile: /home/zfang/cloneanalysis/build.xml

init:

build:
     [echo] CloneAnalysis: /home/zfang/cloneanalysis/build.xml

main:
     [echo] Analysing jodatime
     [java] Soot arguments:
     [java] -cp lib/junit-4.11.jar:lib/rt.jar:lib/jce.jar:/home/zfang/projects/joda-time/src/main/java:/home/zfang/projects/joda-time/lib/joda-convert-1.1.jar:/home/zfang/projects/joda-time/src/test/java -f jimple -w -full-resolver -print-tags -allow-phantom-refs -keep-line-number -p jop enabled:true -O -p cg.cha enabled:true -p cg.spark enabled:false -x junit.framework org.joda.time.TestAllPackages 
     [java] Logging to file: /home/zfang/cloneanalysis/results/jodatime/results
     [java] Soot started on Sun Oct 19 21:28:21 PDT 2014
     [java] Warning: java.dyn.InvokeDynamic is a phantom class!
     [java] No main class given. Inferred 'org.joda.time.TestAllPackages' as main class.
     [java] [Call Graph] For information on where the call graph may be incomplete, use the verbose option to the cg phase.
     [java] payload size: 3838
     [java] Executed 3838 tasks for 8s
     [java] payload size: 17299
     [java] Executed 17299 tasks for 0s
     [java] payload size: 17299
     [java] Executed 123739822 tasks for 860s
     [java] Executed mergeStaticCalls for 1s
     [java] payload size: 3635
     [java] Executed 3635 tasks for 0s
     [java] payload size: 3635
     [java] Executed 6604795 tasks for 105s
     [java] Executed mergeMethods for 0s
     [java] 
     [java] Logging to file: /home/zfang/cloneanalysis/results/jodatime/all_methods
     [java] 
     [java] Logging to file: /home/zfang/cloneanalysis/results/jodatime/method_sets_by_assert_flow
     [java] 
     [java] Logging to file: /home/zfang/cloneanalysis/results/jodatime/methods_in_at_least_one_clone_set
     [java] 
     [java] Logging to file: /home/zfang/cloneanalysis/results/jodatime/method_results
     [java] 
     [java] Logging to file: /home/zfang/cloneanalysis/results/jodatime/method_stats
     [java] 
     [java] Logging to file: /home/zfang/cloneanalysis/results/jodatime/class_stats
     [java] Execution time for runSimilarityAnalysis: 983s
     [java] Transforming org.joda.time.convert.TestAll... 
     [java] Transforming org.joda.time.field.TestAll... 
     [java] Transforming org.joda.time.tz.TestAll... 
     [java] Transforming org.joda.time.format.TestAll... 
     [java] Transforming org.joda.time.TestAll... 
     [java] Transforming org.joda.time.chrono.TestAll... 
     [java] Transforming org.joda.time.convert.TestConverterSet... 
     [java] Transforming org.joda.time.convert.TestConverterSet$1Anonymous2... 
     [java] Transforming org.joda.time.convert.TestConverterSet$2Anonymous1... 
     [java] Transforming org.joda.time.convert.TestConverterSet$3Anonymous4... 
     [java] Transforming org.joda.time.convert.TestConverterSet$4Anonymous5... 
     [java] Transforming org.joda.time.convert.TestConverterSet$5Anonymous3... 
     [java] Transforming org.joda.time.convert.TestConverterSet$6Anonymous0... 
     [java] Transforming org.joda.time.convert.TestLongConverter... 
     [java] Transforming org.joda.time.convert.TestCalendarConverter... 
     [java] Transforming org.joda.time.convert.TestDateConverter... 
     [java] Transforming org.joda.time.convert.TestNullConverter... 
     [java] Transforming org.joda.time.convert.TestReadablePeriodConverter... 
     [java] Transforming org.joda.time.convert.TestStringConverter... 
     [java] Transforming org.joda.time.convert.TestReadableInstantConverter... 
     [java] Transforming org.joda.time.convert.TestReadableInstantConverter$1Anonymous0... 
     [java] Transforming org.joda.time.convert.TestReadableInstantConverter$2Anonymous1... 
     [java] Transforming org.joda.time.convert.TestReadableDurationConverter... 
     [java] Transforming org.joda.time.convert.TestReadableIntervalConverter... 
     [java] Transforming org.joda.time.convert.TestReadableIntervalConverter$1Anonymous1... 
     [java] Transforming org.joda.time.convert.TestReadableIntervalConverter$2Anonymous0... 
     [java] Transforming org.joda.time.convert.TestReadablePartialConverter... 
     [java] Transforming org.joda.time.convert.TestReadablePartialConverter$MockTOD... 
     [java] Transforming org.joda.time.convert.TestConverterManager... 
     [java] Transforming org.joda.time.convert.TestConverterManager$1Anonymous4... 
     [java] Transforming org.joda.time.convert.TestConverterManager$2Anonymous19... 
     [java] Transforming org.joda.time.convert.TestConverterManager$3Anonymous6... 
     [java] Transforming org.joda.time.convert.TestConverterManager$4Anonymous11... 
     [java] Transforming org.joda.time.convert.TestConverterManager$5Anonymous17... 
     [java] Transforming org.joda.time.convert.TestConverterManager$6Anonymous3... 
     [java] Transforming org.joda.time.convert.TestConverterManager$7Anonymous20... 
     [java] Transforming org.joda.time.convert.TestConverterManager$8Anonymous8... 
     [java] Transforming org.joda.time.convert.TestConverterManager$9Anonymous9... 
     [java] Transforming org.joda.time.convert.TestConverterManager$10Anonymous5... 
     [java] Transforming org.joda.time.convert.TestConverterManager$11Anonymous0... 
     [java] Transforming org.joda.time.convert.TestConverterManager$12Anonymous1... 
     [java] Transforming org.joda.time.convert.TestConverterManager$13Anonymous7... 
     [java] Transforming org.joda.time.convert.TestConverterManager$14Anonymous12... 
     [java] Transforming org.joda.time.convert.TestConverterManager$15Anonymous13... 
     [java] Transforming org.joda.time.convert.TestConverterManager$16Anonymous15... 
     [java] Transforming org.joda.time.convert.TestConverterManager$17Anonymous14... 
     [java] Transforming org.joda.time.convert.TestConverterManager$18Anonymous18... 
     [java] Transforming org.joda.time.convert.TestConverterManager$19Anonymous2... 
     [java] Transforming org.joda.time.convert.TestConverterManager$20Anonymous16... 
     [java] Transforming org.joda.time.convert.TestConverterManager$21Anonymous10... 
     [java] Transforming org.joda.time.field.TestFieldUtils... 
     [java] Transforming org.joda.time.field.TestPreciseDurationDateTimeField... 
     [java] Transforming org.joda.time.field.TestPreciseDurationDateTimeField$1Anonymous2... 
     [java] Transforming org.joda.time.field.TestPreciseDurationDateTimeField$2Anonymous3... 
     [java] Transforming org.joda.time.field.TestPreciseDurationDateTimeField$MockCountingDurationField... 
     [java] Transforming org.joda.time.field.TestPreciseDurationDateTimeField$3Anonymous0... 
     [java] Transforming org.joda.time.field.TestPreciseDurationDateTimeField$4Anonymous1... 
     [java] Transforming org.joda.time.field.TestPreciseDurationDateTimeField$MockStandardBaseDateTimeField... 
     [java] Transforming org.joda.time.field.TestPreciseDurationDateTimeField$MockImpreciseDurationField... 
     [java] Transforming org.joda.time.field.TestPreciseDurationDateTimeField$MockZeroDurationField... 
     [java] Transforming org.joda.time.field.TestPreciseDurationDateTimeField$MockPreciseDurationDateTimeField... 
     [java] Transforming org.joda.time.field.TestPreciseDateTimeField... 
     [java] Transforming org.joda.time.field.TestPreciseDateTimeField$MockZeroDurationField... 
     [java] Transforming org.joda.time.field.TestPreciseDateTimeField$MockCountingDurationField... 
     [java] Transforming org.joda.time.field.TestPreciseDateTimeField$MockImpreciseDurationField... 
     [java] Transforming org.joda.time.field.TestPreciseDateTimeField$MockStandardDateTimeField... 
     [java] Transforming org.joda.time.field.TestPreciseDateTimeField$MockPreciseDateTimeField... 
     [java] Transforming org.joda.time.field.TestScaledDurationField... 
     [java] Transforming org.joda.time.field.TestUnsupportedDateTimeField... 
     [java] Transforming org.joda.time.field.TestOffsetDateTimeField... 
     [java] Transforming org.joda.time.field.TestOffsetDateTimeField$MockStandardDateTimeField... 
     [java] Transforming org.joda.time.field.TestOffsetDateTimeField$MockOffsetDateTimeField... 
     [java] Transforming org.joda.time.field.TestMillisDurationField... 
     [java] Transforming org.joda.time.field.TestBaseDateTimeField... 
     [java] Transforming org.joda.time.field.TestBaseDateTimeField$MockBaseDateTimeField... 
     [java] Transforming org.joda.time.field.TestBaseDateTimeField$1Anonymous2... 
     [java] Transforming org.joda.time.field.TestBaseDateTimeField$2Anonymous3... 
     [java] Transforming org.joda.time.field.TestBaseDateTimeField$MockCountingDurationField... 
     [java] Transforming org.joda.time.field.TestBaseDateTimeField$3Anonymous1... 
     [java] Transforming org.joda.time.field.TestBaseDateTimeField$MockPartial... 
     [java] Transforming org.joda.time.field.TestBaseDateTimeField$MockStandardBaseDateTimeField... 
     [java] Transforming org.joda.time.field.TestBaseDateTimeField$4Anonymous0... 
     [java] Transforming org.joda.time.field.TestPreciseDurationField... 
     [java] Transforming org.joda.time.tz.TestBuilder... 
     [java] Transforming org.joda.time.tz.TestCompiler... 
     [java] Transforming org.joda.time.tz.TestUTCProvider... 
     [java] Transforming org.joda.time.tz.TestFixedDateTimeZone... 
     [java] Transforming org.joda.time.format.TestPeriodFormatParsing... 
     [java] Transforming org.joda.time.format.TestISODateTimeFormat... 
     [java] Transforming org.joda.time.format.TestISODateTimeFormat$1Anonymous0... 
     [java] Transforming org.joda.time.format.TestDateTimeFormat... 
     [java] Transforming org.joda.time.format.TestDateTimeFormat$1Anonymous0... 
     [java] Transforming org.joda.time.format.TestDateTimeFormatterBuilder... 
     [java] Transforming org.joda.time.format.TestPeriodFormatter... 
     [java] Transforming org.joda.time.format.TestISODateTimeFormat_Fields... 
     [java] Transforming org.joda.time.format.TestDateTimeFormatStyle... 
     [java] Transforming org.joda.time.format.TestISOPeriodFormat... 
     [java] Transforming org.joda.time.format.TestISOPeriodFormat$1Anonymous0... 
     [java] Transforming org.joda.time.format.TestPeriodFormatterBuilder... 
     [java] Transforming org.joda.time.format.TestISODateTimeFormatParsing... 
     [java] Transforming org.joda.time.format.TestTextFields... 
     [java] Transforming org.joda.time.format.TestISOPeriodFormatParsing... 
     [java] Transforming org.joda.time.format.TestDateTimeFormatter... 
     [java] Transforming org.joda.time.format.TestPeriodFormat... 
     [java] Transforming org.joda.time.format.TestPeriodFormat$1Anonymous0... 
     [java] Transforming org.joda.time.TestDateTimeConstants... 
     [java] Transforming org.joda.time.TestDateTimeConstants$1Anonymous0... 
     [java] Transforming org.joda.time.TestYearMonth_Properties... 
     [java] Transforming org.joda.time.TestAbstractPartial... 
     [java] Transforming org.joda.time.TestAbstractPartial$MockProperty0Chrono... 
     [java] Transforming org.joda.time.TestAbstractPartial$MockProperty0Chrono$1Anonymous0... 
     [java] Transforming org.joda.time.TestAbstractPartial$MockPartial... 
     [java] Transforming org.joda.time.TestAbstractPartial$MockProperty0Val... 
     [java] Transforming org.joda.time.TestAbstractPartial$MockProperty1... 
     [java] Transforming org.joda.time.TestAbstractPartial$MockProperty0... 
     [java] Transforming org.joda.time.TestAbstractPartial$MockProperty0Field... 
     [java] Transforming org.joda.time.TestYearMonth_Basics... 
     [java] Transforming org.joda.time.TestYearMonth_Basics$MockYM... 
     [java] Transforming org.joda.time.TestMutablePeriod_Updates... 
     [java] Transforming org.joda.time.TestDays... 
     [java] Transforming org.joda.time.TestLocalDate_Basics... 
     [java] Transforming org.joda.time.TestLocalDate_Basics$MockInstant... 
     [java] Transforming org.joda.time.TestDurationField... 
     [java] Transforming org.joda.time.TestMonthDay_Properties... 
     [java] Transforming org.joda.time.TestYearMonthDay_Properties... 
     [java] Transforming org.joda.time.TestMutableDateTime_Basics... 
     [java] Transforming org.joda.time.TestMutableDateTime_Basics$MockEqualsChronology... 
     [java] Transforming org.joda.time.TestMutableDateTime_Basics$MockInstant... 
     [java] Transforming org.joda.time.TestMutableDateTime_Basics$1Anonymous0... 
     [java] Transforming org.joda.time.TestPartial_Basics... 
     [java] Transforming org.joda.time.TestHours... 
     [java] Transforming org.joda.time.TestLocalTime_Properties... 
     [java] Transforming org.joda.time.TestMutableDateTime_Adds... 
     [java] Transforming org.joda.time.TestInstant_Constructors... 
     [java] Transforming org.joda.time.TestPartial_Match... 
     [java] Transforming org.joda.time.TestMutableDateTime_Constructors... 
     [java] Transforming org.joda.time.TestLocalDate_Properties... 
     [java] Transforming org.joda.time.TestMinutes... 
     [java] Transforming org.joda.time.TestLocalTime_Basics... 
     [java] Transforming org.joda.time.TestLocalTime_Basics$MockInstant... 
     [java] Transforming org.joda.time.TestLocalTime_Basics$1Anonymous1... 
     [java] Transforming org.joda.time.TestLocalTime_Basics$2Anonymous0... 
     [java] Transforming org.joda.time.TestLocalDateTime_Basics... 
     [java] Transforming org.joda.time.TestLocalDateTime_Basics$MockInstant... 
     [java] Transforming org.joda.time.TestBasePartial... 
     [java] Transforming org.joda.time.TestBasePartial$MockPartial... 
     [java] Transforming org.joda.time.TestInstant_Basics... 
     [java] Transforming org.joda.time.TestInstant_Basics$MockInstant... 
     [java] Transforming org.joda.time.TestMutablePeriod_Constructors... 
     [java] Transforming org.joda.time.TestStringConvert... 
     [java] Transforming org.joda.time.TestChronology... 
     [java] Transforming org.joda.time.TestMutableDateTime_Sets... 
     [java] Transforming org.joda.time.TestPartial_Properties... 
     [java] Transforming org.joda.time.TestMonthDay_Constructors... 
     [java] Transforming org.joda.time.TestDateMidnight_Properties... 
     [java] Transforming org.joda.time.TestDuration_Basics... 
     [java] Transforming org.joda.time.TestDuration_Basics$MockMutableDuration... 
     [java] Transforming org.joda.time.TestDuration_Basics$MockDuration... 
     [java] Transforming org.joda.time.TestBaseSingleFieldPeriod... 
     [java] Transforming org.joda.time.TestBaseSingleFieldPeriod$Single... 
     [java] Transforming org.joda.time.TestYears... 
     [java] Transforming org.joda.time.TestLocalTime_Constructors... 
     [java] Transforming org.joda.time.TestYearMonthDay_Basics... 
     [java] Transforming org.joda.time.TestYearMonthDay_Basics$MockInstant... 
     [java] Transforming org.joda.time.TestDateTimeZoneCutover... 
     [java] Transforming org.joda.time.TestDateTimeFieldType... 
     [java] Transforming org.joda.time.TestMonthDay_Basics... 
     [java] Transforming org.joda.time.TestMonthDay_Basics$MockMD... 
     [java] Transforming org.joda.time.TestPeriodType... 
     [java] Transforming org.joda.time.TestDateTime_Properties... 
     [java] Transforming org.joda.time.TestMutableInterval_Updates... 
     [java] Transforming org.joda.time.TestMutableInterval_Updates$MockBadInterval... 
     [java] Transforming org.joda.time.TestSeconds... 
     [java] Transforming org.joda.time.TestTimeOfDay_Basics... 
     [java] Transforming org.joda.time.TestTimeOfDay_Basics$MockInstant... 
     [java] Transforming org.joda.time.TestYearMonthDay_Constructors... 
     [java] Transforming org.joda.time.TestDateTimeUtils... 
     [java] Transforming org.joda.time.TestDateTimeUtils$1Anonymous0... 
     [java] Transforming org.joda.time.TestDateTimeUtils$2Anonymous2... 
     [java] Transforming org.joda.time.TestDateTimeUtils$3Anonymous1... 
     [java] Transforming org.joda.time.TestDateTimeUtils$4Anonymous4... 
     [java] Transforming org.joda.time.TestDateTimeUtils$5Anonymous6... 
     [java] Transforming org.joda.time.TestDateTimeUtils$6Anonymous3... 
     [java] Transforming org.joda.time.TestDateTimeUtils$7Anonymous5... 
     [java] Transforming org.joda.time.TestLocalDate_Constructors... 
     [java] Transforming org.joda.time.TestTimeOfDay_Properties... 
     [java] Transforming org.joda.time.TestMutablePeriod_Basics... 
     [java] Transforming org.joda.time.TestMutablePeriod_Basics$MockMutablePeriod... 
     [java] Transforming org.joda.time.TestLocalDateTime_Properties... 
     [java] Transforming org.joda.time.TestInterval_Constructors... 
     [java] Transforming org.joda.time.TestInterval_Constructors$1Anonymous0... 
     [java] Transforming org.joda.time.TestInterval_Constructors$MockInterval... 
     [java] Transforming org.joda.time.TestInterval_Constructors$2Anonymous1... 
     [java] Transforming org.joda.time.TestMonths... 
     [java] Transforming org.joda.time.TestIllegalFieldValueException... 
     [java] Transforming org.joda.time.TestMutableDateTime_Properties... 
     [java] Transforming org.joda.time.TestDateMidnight_Constructors... 
     [java] Transforming org.joda.time.TestDateTimeComparator... 
     [java] Transforming org.joda.time.TestInterval_Basics... 
     [java] Transforming org.joda.time.TestInterval_Basics$MockInterval... 
     [java] Transforming org.joda.time.TestMutableInterval_Constructors... 
     [java] Transforming org.joda.time.TestMutableInterval_Constructors$1Anonymous0... 
     [java] Transforming org.joda.time.TestMutableInterval_Constructors$MockInterval... 
     [java] Transforming org.joda.time.TestMutableInterval_Constructors$2Anonymous1... 
     [java] Transforming org.joda.time.TestPeriod_Basics... 
     [java] Transforming org.joda.time.TestPeriod_Basics$MockPeriod... 
     [java] Transforming org.joda.time.TestYearMonth_Constructors... 
     [java] Transforming org.joda.time.TestPeriod_Constructors... 
     [java] Transforming org.joda.time.TestDateTime_Basics... 
     [java] Transforming org.joda.time.TestDateTime_Basics$1Anonymous0... 
     [java] Transforming org.joda.time.TestDateTime_Basics$MockInstant... 
     [java] Transforming org.joda.time.TestDateTime_Basics$MockEqualsChronology... 
     [java] Transforming org.joda.time.TestWeeks... 
     [java] Transforming org.joda.time.TestDateTime_Constructors... 
     [java] Transforming org.joda.time.TestMutableInterval_Basics... 
     [java] Transforming org.joda.time.TestMutableInterval_Basics$MockInterval... 
     [java] Transforming org.joda.time.TestTimeOfDay_Constructors... 
     [java] Transforming org.joda.time.TestSerialization... 
     [java] Transforming org.joda.time.TestSerialization$MockDelegatedDurationField... 
     [java] Transforming org.joda.time.TestDateTimeZone... 
     [java] Transforming org.joda.time.TestDateTimeZone$1Anonymous0... 
     [java] Transforming org.joda.time.TestDateTimeZone$2Anonymous2... 
     [java] Transforming org.joda.time.TestDateTimeZone$MockOKProvider... 
     [java] Transforming org.joda.time.TestDateTimeZone$MockNoUTCProvider... 
     [java] Transforming org.joda.time.TestDateTimeZone$MockDateTimeZone... 
     [java] Transforming org.joda.time.TestDateTimeZone$MockBadUTCProvider... 
     [java] Transforming org.joda.time.TestDateTimeZone$MockNullIDSProvider... 
     [java] Transforming org.joda.time.TestDateTimeZone$MockOKButNullNameProvider... 
     [java] Transforming org.joda.time.TestDateTimeZone$3Anonymous1... 
     [java] Transforming org.joda.time.TestDateTimeZone$MockEmptyIDSProvider... 
     [java] Transforming org.joda.time.TestDuration_Constructors... 
     [java] Transforming org.joda.time.TestLocalDateTime_Constructors... 
     [java] Transforming org.joda.time.TestDateMidnight_Basics... 
     [java] Transforming org.joda.time.TestDateMidnight_Basics$1Anonymous0... 
     [java] Transforming org.joda.time.TestDateMidnight_Basics$MockInstant... 
     [java] Transforming org.joda.time.TestDurationFieldType... 
     [java] Transforming org.joda.time.TestPartial_Constructors... 
     [java] Transforming org.joda.time.chrono.TestGJChronology... 
     [java] Transforming org.joda.time.chrono.TestIslamicChronology... 
     [java] Transforming org.joda.time.chrono.TestCopticChronology... 
     [java] Transforming org.joda.time.chrono.TestJulianChronology... 
     [java] Transforming org.joda.time.chrono.TestISOChronology... 
     [java] Transforming org.joda.time.chrono.TestEthiopicChronology... 
     [java] Transforming org.joda.time.chrono.TestGregorianChronology... 
     [java] Transforming org.joda.time.chrono.TestLenientChronology... 
     [java] Transforming org.joda.time.chrono.TestBuddhistChronology... 
     [java] Transforming org.joda.time.convert.ConverterSet... 
     [java] Transforming org.joda.time.convert.ConverterSet$Entry... 
     [java] Transforming org.joda.time.DateTimeZone... 
     [java] Transforming org.joda.time.DateTimeZone$1Anonymous0... 
     [java] Transforming org.joda.time.DateTimeZone$Stub... 
     [java] Transforming org.joda.time.convert.LongConverter... 
     [java] Transforming org.joda.time.chrono.JulianChronology... 
     [java] Transforming org.joda.time.TimeOfDay... 
     [java] Transforming org.joda.time.TimeOfDay$Property... 
     [java] Transforming org.joda.time.chrono.ISOChronology... 
     [java] Transforming org.joda.time.chrono.ISOChronology$Stub... 
     [java] Transforming org.joda.time.chrono.GregorianChronology... 
     [java] Transforming org.joda.time.convert.MockUnknownTimeZone... 
     [java] Transforming org.joda.time.convert.MockUnknownCalendar... 
     [java] Transforming org.joda.time.chrono.GJChronology... 
     [java] Transforming org.joda.time.chrono.GJChronology$LinkedDurationField... 
     [java] Transforming org.joda.time.chrono.GJChronology$ImpreciseCutoverField... 
     [java] Transforming org.joda.time.chrono.GJChronology$CutoverField... 
     [java] Transforming org.joda.time.Chronology... 
     [java] Transforming org.joda.time.convert.CalendarConverter... 
     [java] Transforming org.joda.time.chrono.BuddhistChronology... 
     [java] Transforming org.joda.time.convert.DateConverter... 
     [java] Transforming org.joda.time.chrono.CopticChronology... 
     [java] Transforming org.joda.time.MutableInterval... 
     [java] Transforming org.joda.time.DateTimeUtils... 
     [java] Transforming org.joda.time.DateTimeUtils$FixedMillisProvider... 
     [java] Transforming org.joda.time.DateTimeUtils$OffsetMillisProvider... 
     [java] Transforming org.joda.time.DateTimeUtils$MillisProvider... 
     [java] Transforming org.joda.time.DateTimeUtils$SystemMillisProvider... 
     [java] Transforming org.joda.time.MutablePeriod... 
     [java] Transforming org.joda.time.DateTimeConstants... 
     [java] Transforming org.joda.time.convert.NullConverter... 
     [java] Transforming org.joda.time.PeriodType... 
     [java] Transforming org.joda.time.Period... 
     [java] Transforming org.joda.time.convert.ReadablePeriodConverter... 
     [java] Transforming org.joda.time.convert.StringConverter... 
     [java] Transforming org.joda.time.DateTime... 
     [java] Transforming org.joda.time.DateTime$Property... 
     [java] Transforming org.joda.time.convert.ReadableInstantConverter... 
     [java] Transforming org.joda.time.convert.MockBadChronology... 
     [java] Transforming org.joda.time.MutableDateTime... 
     [java] Transforming org.joda.time.MutableDateTime$Property... 
     [java] Transforming org.joda.time.Instant... 
     [java] Transforming org.joda.time.Duration... 
     [java] Transforming org.joda.time.convert.ReadableDurationConverter... 
     [java] Transforming org.joda.time.convert.ReadableIntervalConverter... 
     [java] Transforming org.joda.time.Interval... 
     [java] Transforming org.joda.time.YearMonthDay... 
     [java] Transforming org.joda.time.YearMonthDay$Property... 
     [java] Transforming org.joda.time.convert.ReadablePartialConverter... 
     [java] Transforming org.joda.time.base.BasePartial... 
     [java] Transforming org.joda.time.convert.PeriodConverter... 
     [java] Transforming org.joda.time.convert.InstantConverter... 
     [java] Transforming org.joda.time.convert.PartialConverter... 
     [java] Transforming org.joda.time.convert.ConverterManager... 
     [java] Transforming org.joda.time.convert.DurationConverter... 
     [java] Transforming org.joda.time.convert.IntervalConverter... 
     [java] Transforming org.joda.time.field.FieldUtils... 
     [java] Transforming org.joda.time.DateTimeFieldType... 
     [java] Transforming org.joda.time.DateTimeFieldType$StandardDateTimeFieldType... 
     [java] Transforming org.joda.time.field.BaseDurationField... 
     [java] Transforming org.joda.time.field.PreciseDurationDateTimeField... 
     [java] Transforming org.joda.time.DurationFieldType... 
     [java] Transforming org.joda.time.DurationFieldType$StandardDurationFieldType... 
     [java] Transforming org.joda.time.field.BaseDateTimeField... 
     [java] Transforming org.joda.time.field.PreciseDateTimeField... 
     [java] Transforming org.joda.time.field.PreciseDurationField... 
     [java] Transforming org.joda.time.field.MillisDurationField... 
     [java] Transforming org.joda.time.field.ScaledDurationField... 
     [java] Transforming org.joda.time.DurationField... 
     [java] Transforming org.joda.time.field.UnsupportedDateTimeField... 
     [java] Transforming org.joda.time.LocalTime... 
     [java] Transforming org.joda.time.LocalTime$Property... 
     [java] Transforming org.joda.time.field.UnsupportedDurationField... 
     [java] Transforming org.joda.time.DateTimeField... 
     [java] Transforming org.joda.time.field.OffsetDateTimeField... 
     [java] Transforming org.joda.time.format.DateTimeFormatter... 
     [java] Transforming org.joda.time.format.DateTimeFormatterBuilder... 
     [java] Transforming org.joda.time.format.DateTimeFormatterBuilder$TextField... 
     [java] Transforming org.joda.time.format.DateTimeFormatterBuilder$CharacterLiteral... 
     [java] Transforming org.joda.time.format.DateTimeFormatterBuilder$UnpaddedNumber... 
     [java] Transforming org.joda.time.format.DateTimeFormatterBuilder$TwoDigitYear... 
     [java] Transforming org.joda.time.format.DateTimeFormatterBuilder$Composite... 
     [java] Transforming org.joda.time.format.DateTimeFormatterBuilder$StringLiteral... 
     [java] Transforming org.joda.time.format.DateTimeFormatterBuilder$NumberFormatter... 
     [java] Transforming org.joda.time.format.DateTimeFormatterBuilder$MatchingParser... 
     [java] Transforming org.joda.time.format.DateTimeFormatterBuilder$TimeZoneOffset... 
     [java] Transforming org.joda.time.format.DateTimeFormatterBuilder$FixedNumber... 
     [java] Transforming org.joda.time.format.DateTimeFormatterBuilder$TimeZoneName... 
     [java] Transforming org.joda.time.format.DateTimeFormatterBuilder$Fraction... 
     [java] Transforming org.joda.time.format.DateTimeFormatterBuilder$PaddedNumber... 
     [java] Transforming org.joda.time.format.PeriodFormatter... 
     [java] Transforming org.joda.time.format.PeriodFormat... 
     [java] Transforming org.joda.time.format.PeriodFormatterBuilder... 
     [java] Transforming org.joda.time.format.PeriodFormatterBuilder$CompositeAffix... 
     [java] Transforming org.joda.time.format.PeriodFormatterBuilder$FieldFormatter... 
     [java] Transforming org.joda.time.format.PeriodFormatterBuilder$PluralAffix... 
     [java] Transforming org.joda.time.format.PeriodFormatterBuilder$Separator... 
     [java] Transforming org.joda.time.format.PeriodFormatterBuilder$Composite... 
     [java] Transforming org.joda.time.format.PeriodFormatterBuilder$PeriodFieldAffix... 
     [java] Transforming org.joda.time.format.PeriodFormatterBuilder$Literal... 
     [java] Transforming org.joda.time.format.PeriodFormatterBuilder$SimpleAffix... 
     [java] Transforming org.joda.time.format.ISODateTimeFormat... 
     [java] Transforming org.joda.time.Partial... 
     [java] Transforming org.joda.time.Partial$Property... 
     [java] Transforming org.joda.time.format.DateTimeFormat... 
     [java] Transforming org.joda.time.format.DateTimeFormat$StyleFormatter... 
     [java] Transforming org.joda.time.format.ISOPeriodFormat... 
     [java] Transforming org.joda.time.format.PeriodPrinter... 
     [java] Transforming org.joda.time.LocalDate... 
     [java] Transforming org.joda.time.LocalDate$Property... 
     [java] Transforming org.joda.time.LocalDateTime... 
     [java] Transforming org.joda.time.LocalDateTime$Property... 
     [java] Transforming org.joda.time.YearMonth... 
     [java] Transforming org.joda.time.YearMonth$Property... 
     [java] Transforming org.joda.time.chrono.StrictChronology... 
     [java] Transforming org.joda.time.chrono.LenientChronology... 
     [java] Transforming org.joda.time.base.AbstractPartial... 
     [java] Transforming org.joda.time.field.AbstractPartialFieldProperty... 
     [java] Transforming org.joda.time.MockPartial... 
     [java] Transforming org.joda.time.Hours... 
     [java] Transforming org.joda.time.Days... 
     [java] Transforming org.joda.time.Seconds... 
     [java] Transforming org.joda.time.Weeks... 
     [java] Transforming org.joda.time.Minutes... 
     [java] Transforming org.joda.time.DateMidnight... 
     [java] Transforming org.joda.time.DateMidnight$Property... 
     [java] Transforming org.joda.time.MockZone... 
     [java] Transforming org.joda.time.MonthDay... 
     [java] Transforming org.joda.time.MonthDay$Property... 
     [java] Transforming org.joda.time.base.AbstractInstant... 
     [java] Transforming org.joda.time.chrono.BaseChronology... 
     [java] Transforming org.joda.time.convert.MockZeroNullIntegerConverter... 
     [java] Transforming org.joda.time.Years... 
     [java] Transforming org.joda.time.Months... 
     [java] Transforming org.joda.time.chrono.ZonedChronology... 
     [java] Transforming org.joda.time.chrono.ZonedChronology$ZonedDurationField... 
     [java] Transforming org.joda.time.chrono.ZonedChronology$ZonedDateTimeField... 
     [java] Transforming org.joda.time.chrono.LimitChronology... 
     [java] Transforming org.joda.time.chrono.LimitChronology$LimitException... 
     [java] Transforming org.joda.time.chrono.LimitChronology$LimitDurationField... 
     [java] Transforming org.joda.time.chrono.LimitChronology$LimitDateTimeField... 
     [java] Transforming org.joda.time.chrono.IslamicChronology... 
     [java] Transforming org.joda.time.chrono.IslamicChronology$LeapYearPatternType... 
     [java] Transforming org.joda.time.chrono.EthiopicChronology... 
     [java] Transforming org.joda.time.MockNullZoneChronology... 
     [java] Transforming org.joda.time.base.BaseDuration... 
     [java] Transforming org.joda.time.base.AbstractDuration... 
     [java] Transforming org.joda.time.base.BaseSingleFieldPeriod... 
     [java] Transforming org.joda.time.base.AbstractInterval... 
     [java] Transforming org.joda.time.base.BasePeriod... 
     [java] Transforming org.joda.time.ReadWritableInterval... 
     [java] Transforming org.joda.time.IllegalFieldValueException... 
     [java] Transforming org.joda.time.field.SkipDateTimeField... 
     [java] Transforming org.joda.time.DateTimeComparator... 
     [java] Transforming org.joda.time.ReadableInstant... 
     [java] Transforming org.joda.time.field.DelegatedDurationField... 
     [java] Transforming org.joda.time.convert.Converter... 
     [java] Transforming org.joda.time.JodaTimePermission... 
     [java] Transforming org.joda.time.format.FormatUtils... 
     [java] Transforming org.joda.time.convert.AbstractConverter... 
     [java] Transforming org.joda.time.chrono.BasicGJChronology... 
     [java] Transforming org.joda.time.chrono.AssembledChronology... 
     [java] Transforming org.joda.time.chrono.AssembledChronology$Fields... 
     [java] Transforming org.joda.time.ReadablePartial... 
     [java] Transforming org.joda.time.ReadablePeriod... 
     [java] Transforming org.joda.time.field.DividedDateTimeField... 
     [java] Transforming org.joda.time.chrono.ISOYearOfEraDateTimeField... 
     [java] Transforming org.joda.time.field.RemainderDateTimeField... 
     [java] Transforming org.joda.time.field.DecoratedDurationField... 
     [java] Transforming org.joda.time.chrono.BasicSingleEraDateTimeField... 
     [java] Transforming org.joda.time.field.SkipUndoDateTimeField... 
     [java] Transforming org.joda.time.field.DelegatedDateTimeField... 
     [java] Transforming org.joda.time.chrono.BasicFixedMonthChronology... 
     [java] Transforming org.joda.time.chrono.BasicMonthOfYearDateTimeField... 
     [java] Transforming org.joda.time.base.BaseInterval... 
     [java] Transforming org.joda.time.ReadableInterval... 
     [java] Transforming org.joda.time.ReadableDuration... 
     [java] Transforming org.joda.time.ReadWritablePeriod... 
     [java] Transforming org.joda.time.base.BaseDateTime... 
     [java] Transforming org.joda.time.ReadableDateTime... 
     [java] Transforming org.joda.time.field.AbstractReadableInstantFieldProperty... 
     [java] Transforming org.joda.time.ReadWritableDateTime... 
     [java] Transforming org.joda.time.base.BaseLocal... 
     [java] Transforming org.joda.time.field.DecoratedDateTimeField... 
     [java] Transforming org.joda.time.format.DateTimePrinter... 
     [java] Transforming org.joda.time.format.DateTimeParserBucket... 
     [java] Transforming org.joda.time.format.DateTimeParserBucket$SavedState... 
     [java] Transforming org.joda.time.format.DateTimeParserBucket$SavedField... 
     [java] Transforming org.joda.time.format.DateTimeParser... 
     [java] Transforming org.joda.time.ReadWritableInstant... 
     [java] Transforming org.joda.time.format.PeriodParser... 
     [java] Transforming org.joda.time.field.StrictDateTimeField... 
     [java] Transforming org.joda.time.field.LenientDateTimeField... 
     [java] Transforming org.joda.time.chrono.BasicChronology... 
     [java] Transforming org.joda.time.chrono.BasicChronology$HalfdayField... 
     [java] Transforming org.joda.time.chrono.BasicChronology$YearInfo... 
     [java] Transforming org.joda.time.base.AbstractPeriod... 
     [java] Transforming org.joda.time.field.ImpreciseDateTimeField... 
     [java] Transforming org.joda.time.field.ImpreciseDateTimeField$LinkedDurationField... 
     [java] Transforming org.joda.time.base.AbstractDateTime... 
     [java] Transforming org.joda.time.chrono.GJEraDateTimeField... 
     [java] Transforming org.joda.time.field.ZeroIsMaxDateTimeField... 
     [java] Transforming org.joda.time.chrono.BasicYearDateTimeField... 
     [java] Transforming org.joda.time.chrono.GJLocaleSymbols... 
     [java] Transforming org.joda.time.chrono.GJYearOfEraDateTimeField... 
     [java] Transforming org.joda.time.chrono.BasicWeekOfWeekyearDateTimeField... 
     [java] Transforming org.joda.time.chrono.BasicDayOfMonthDateTimeField... 
     [java] Transforming org.joda.time.chrono.BasicWeekyearDateTimeField... 
     [java] Transforming org.joda.time.chrono.BasicDayOfYearDateTimeField... 
     [java] Transforming org.joda.time.chrono.GJMonthOfYearDateTimeField... 
     [java] Transforming org.joda.time.chrono.GJDayOfWeekDateTimeField... 
     [java] Transforming org.joda.time.TestAllPackages... 
     [java] Writing to sootOutput/org.joda.time.convert.TestAll.jimple
     [java] Writing to sootOutput/org.joda.time.field.TestAll.jimple
     [java] Writing to sootOutput/org.joda.time.tz.TestAll.jimple
     [java] Writing to sootOutput/org.joda.time.format.TestAll.jimple
     [java] Writing to sootOutput/org.joda.time.TestAll.jimple
     [java] Writing to sootOutput/org.joda.time.chrono.TestAll.jimple
     [java] Writing to sootOutput/org.joda.time.convert.TestConverterSet.jimple
     [java] Writing to sootOutput/org.joda.time.convert.TestConverterSet$1Anonymous2.jimple
     [java] Writing to sootOutput/org.joda.time.convert.TestConverterSet$2Anonymous1.jimple
     [java] Writing to sootOutput/org.joda.time.convert.TestConverterSet$3Anonymous4.jimple
     [java] Writing to sootOutput/org.joda.time.convert.TestConverterSet$4Anonymous5.jimple
     [java] Writing to sootOutput/org.joda.time.convert.TestConverterSet$5Anonymous3.jimple
     [java] Writing to sootOutput/org.joda.time.convert.TestConverterSet$6Anonymous0.jimple
     [java] Writing to sootOutput/org.joda.time.convert.TestLongConverter.jimple
     [java] Writing to sootOutput/org.joda.time.convert.TestCalendarConverter.jimple
     [java] Writing to sootOutput/org.joda.time.convert.TestDateConverter.jimple
     [java] Writing to sootOutput/org.joda.time.convert.TestNullConverter.jimple
     [java] Writing to sootOutput/org.joda.time.convert.TestReadablePeriodConverter.jimple
     [java] Writing to sootOutput/org.joda.time.convert.TestStringConverter.jimple
     [java] Writing to sootOutput/org.joda.time.convert.TestReadableInstantConverter.jimple
     [java] Writing to sootOutput/org.joda.time.convert.TestReadableInstantConverter$1Anonymous0.jimple
     [java] Writing to sootOutput/org.joda.time.convert.TestReadableInstantConverter$2Anonymous1.jimple
     [java] Writing to sootOutput/org.joda.time.convert.TestReadableDurationConverter.jimple
     [java] Writing to sootOutput/org.joda.time.convert.TestReadableIntervalConverter.jimple
     [java] Writing to sootOutput/org.joda.time.convert.TestReadableIntervalConverter$1Anonymous1.jimple
     [java] Writing to sootOutput/org.joda.time.convert.TestReadableIntervalConverter$2Anonymous0.jimple
     [java] Writing to sootOutput/org.joda.time.convert.TestReadablePartialConverter.jimple
     [java] Writing to sootOutput/org.joda.time.convert.TestReadablePartialConverter$MockTOD.jimple
     [java] Writing to sootOutput/org.joda.time.convert.TestConverterManager.jimple
     [java] Writing to sootOutput/org.joda.time.convert.TestConverterManager$1Anonymous4.jimple
     [java] Writing to sootOutput/org.joda.time.convert.TestConverterManager$2Anonymous19.jimple
     [java] Writing to sootOutput/org.joda.time.convert.TestConverterManager$3Anonymous6.jimple
     [java] Writing to sootOutput/org.joda.time.convert.TestConverterManager$4Anonymous11.jimple
     [java] Writing to sootOutput/org.joda.time.convert.TestConverterManager$5Anonymous17.jimple
     [java] Writing to sootOutput/org.joda.time.convert.TestConverterManager$6Anonymous3.jimple
     [java] Writing to sootOutput/org.joda.time.convert.TestConverterManager$7Anonymous20.jimple
     [java] Writing to sootOutput/org.joda.time.convert.TestConverterManager$8Anonymous8.jimple
     [java] Writing to sootOutput/org.joda.time.convert.TestConverterManager$9Anonymous9.jimple
     [java] Writing to sootOutput/org.joda.time.convert.TestConverterManager$10Anonymous5.jimple
     [java] Writing to sootOutput/org.joda.time.convert.TestConverterManager$11Anonymous0.jimple
     [java] Writing to sootOutput/org.joda.time.convert.TestConverterManager$12Anonymous1.jimple
     [java] Writing to sootOutput/org.joda.time.convert.TestConverterManager$13Anonymous7.jimple
     [java] Writing to sootOutput/org.joda.time.convert.TestConverterManager$14Anonymous12.jimple
     [java] Writing to sootOutput/org.joda.time.convert.TestConverterManager$15Anonymous13.jimple
     [java] Writing to sootOutput/org.joda.time.convert.TestConverterManager$16Anonymous15.jimple
     [java] Writing to sootOutput/org.joda.time.convert.TestConverterManager$17Anonymous14.jimple
     [java] Writing to sootOutput/org.joda.time.convert.TestConverterManager$18Anonymous18.jimple
     [java] Writing to sootOutput/org.joda.time.convert.TestConverterManager$19Anonymous2.jimple
     [java] Writing to sootOutput/org.joda.time.convert.TestConverterManager$20Anonymous16.jimple
     [java] Writing to sootOutput/org.joda.time.convert.TestConverterManager$21Anonymous10.jimple
     [java] Writing to sootOutput/org.joda.time.field.TestFieldUtils.jimple
     [java] Writing to sootOutput/org.joda.time.field.TestPreciseDurationDateTimeField.jimple
     [java] Writing to sootOutput/org.joda.time.field.TestPreciseDurationDateTimeField$1Anonymous2.jimple
     [java] Writing to sootOutput/org.joda.time.field.TestPreciseDurationDateTimeField$2Anonymous3.jimple
     [java] Writing to sootOutput/org.joda.time.field.TestPreciseDurationDateTimeField$MockCountingDurationField.jimple
     [java] Writing to sootOutput/org.joda.time.field.TestPreciseDurationDateTimeField$3Anonymous0.jimple
     [java] Writing to sootOutput/org.joda.time.field.TestPreciseDurationDateTimeField$4Anonymous1.jimple
     [java] Writing to sootOutput/org.joda.time.field.TestPreciseDurationDateTimeField$MockStandardBaseDateTimeField.jimple
     [java] Writing to sootOutput/org.joda.time.field.TestPreciseDurationDateTimeField$MockImpreciseDurationField.jimple
     [java] Writing to sootOutput/org.joda.time.field.TestPreciseDurationDateTimeField$MockZeroDurationField.jimple
     [java] Writing to sootOutput/org.joda.time.field.TestPreciseDurationDateTimeField$MockPreciseDurationDateTimeField.jimple
     [java] Writing to sootOutput/org.joda.time.field.TestPreciseDateTimeField.jimple
     [java] Writing to sootOutput/org.joda.time.field.TestPreciseDateTimeField$MockZeroDurationField.jimple
     [java] Writing to sootOutput/org.joda.time.field.TestPreciseDateTimeField$MockCountingDurationField.jimple
     [java] Writing to sootOutput/org.joda.time.field.TestPreciseDateTimeField$MockImpreciseDurationField.jimple
     [java] Writing to sootOutput/org.joda.time.field.TestPreciseDateTimeField$MockStandardDateTimeField.jimple
     [java] Writing to sootOutput/org.joda.time.field.TestPreciseDateTimeField$MockPreciseDateTimeField.jimple
     [java] Writing to sootOutput/org.joda.time.field.TestScaledDurationField.jimple
     [java] Writing to sootOutput/org.joda.time.field.TestUnsupportedDateTimeField.jimple
     [java] Writing to sootOutput/org.joda.time.field.TestOffsetDateTimeField.jimple
     [java] Writing to sootOutput/org.joda.time.field.TestOffsetDateTimeField$MockStandardDateTimeField.jimple
     [java] Writing to sootOutput/org.joda.time.field.TestOffsetDateTimeField$MockOffsetDateTimeField.jimple
     [java] Writing to sootOutput/org.joda.time.field.TestMillisDurationField.jimple
     [java] Writing to sootOutput/org.joda.time.field.TestBaseDateTimeField.jimple
     [java] Writing to sootOutput/org.joda.time.field.TestBaseDateTimeField$MockBaseDateTimeField.jimple
     [java] Writing to sootOutput/org.joda.time.field.TestBaseDateTimeField$1Anonymous2.jimple
     [java] Writing to sootOutput/org.joda.time.field.TestBaseDateTimeField$2Anonymous3.jimple
     [java] Writing to sootOutput/org.joda.time.field.TestBaseDateTimeField$MockCountingDurationField.jimple
     [java] Writing to sootOutput/org.joda.time.field.TestBaseDateTimeField$3Anonymous1.jimple
     [java] Writing to sootOutput/org.joda.time.field.TestBaseDateTimeField$MockPartial.jimple
     [java] Writing to sootOutput/org.joda.time.field.TestBaseDateTimeField$MockStandardBaseDateTimeField.jimple
     [java] Writing to sootOutput/org.joda.time.field.TestBaseDateTimeField$4Anonymous0.jimple
     [java] Writing to sootOutput/org.joda.time.field.TestPreciseDurationField.jimple
     [java] Writing to sootOutput/org.joda.time.tz.TestBuilder.jimple
     [java] Writing to sootOutput/org.joda.time.tz.TestCompiler.jimple
     [java] Writing to sootOutput/org.joda.time.tz.TestUTCProvider.jimple
     [java] Writing to sootOutput/org.joda.time.tz.TestFixedDateTimeZone.jimple
     [java] Writing to sootOutput/org.joda.time.format.TestPeriodFormatParsing.jimple
     [java] Writing to sootOutput/org.joda.time.format.TestISODateTimeFormat.jimple
     [java] Writing to sootOutput/org.joda.time.format.TestISODateTimeFormat$1Anonymous0.jimple
     [java] Writing to sootOutput/org.joda.time.format.TestDateTimeFormat.jimple
     [java] Writing to sootOutput/org.joda.time.format.TestDateTimeFormat$1Anonymous0.jimple
     [java] Writing to sootOutput/org.joda.time.format.TestDateTimeFormatterBuilder.jimple
     [java] Writing to sootOutput/org.joda.time.format.TestPeriodFormatter.jimple
     [java] Writing to sootOutput/org.joda.time.format.TestISODateTimeFormat_Fields.jimple
     [java] Writing to sootOutput/org.joda.time.format.TestDateTimeFormatStyle.jimple
     [java] Writing to sootOutput/org.joda.time.format.TestISOPeriodFormat.jimple
     [java] Writing to sootOutput/org.joda.time.format.TestISOPeriodFormat$1Anonymous0.jimple
     [java] Writing to sootOutput/org.joda.time.format.TestPeriodFormatterBuilder.jimple
     [java] Writing to sootOutput/org.joda.time.format.TestISODateTimeFormatParsing.jimple
     [java] Writing to sootOutput/org.joda.time.format.TestTextFields.jimple
     [java] Writing to sootOutput/org.joda.time.format.TestISOPeriodFormatParsing.jimple
     [java] Writing to sootOutput/org.joda.time.format.TestDateTimeFormatter.jimple
     [java] Writing to sootOutput/org.joda.time.format.TestPeriodFormat.jimple
     [java] Writing to sootOutput/org.joda.time.format.TestPeriodFormat$1Anonymous0.jimple
     [java] Writing to sootOutput/org.joda.time.TestDateTimeConstants.jimple
     [java] Writing to sootOutput/org.joda.time.TestDateTimeConstants$1Anonymous0.jimple
     [java] Writing to sootOutput/org.joda.time.TestYearMonth_Properties.jimple
     [java] Writing to sootOutput/org.joda.time.TestAbstractPartial.jimple
     [java] Writing to sootOutput/org.joda.time.TestAbstractPartial$MockProperty0Chrono.jimple
     [java] Writing to sootOutput/org.joda.time.TestAbstractPartial$MockProperty0Chrono$1Anonymous0.jimple
     [java] Writing to sootOutput/org.joda.time.TestAbstractPartial$MockPartial.jimple
     [java] Writing to sootOutput/org.joda.time.TestAbstractPartial$MockProperty0Val.jimple
     [java] Writing to sootOutput/org.joda.time.TestAbstractPartial$MockProperty1.jimple
     [java] Writing to sootOutput/org.joda.time.TestAbstractPartial$MockProperty0.jimple
     [java] Writing to sootOutput/org.joda.time.TestAbstractPartial$MockProperty0Field.jimple
     [java] Writing to sootOutput/org.joda.time.TestYearMonth_Basics.jimple
     [java] Writing to sootOutput/org.joda.time.TestYearMonth_Basics$MockYM.jimple
     [java] Writing to sootOutput/org.joda.time.TestMutablePeriod_Updates.jimple
     [java] Writing to sootOutput/org.joda.time.TestDays.jimple
     [java] Writing to sootOutput/org.joda.time.TestLocalDate_Basics.jimple
     [java] Writing to sootOutput/org.joda.time.TestLocalDate_Basics$MockInstant.jimple
     [java] Writing to sootOutput/org.joda.time.TestDurationField.jimple
     [java] Writing to sootOutput/org.joda.time.TestMonthDay_Properties.jimple
     [java] Writing to sootOutput/org.joda.time.TestYearMonthDay_Properties.jimple
     [java] Writing to sootOutput/org.joda.time.TestMutableDateTime_Basics.jimple
     [java] Writing to sootOutput/org.joda.time.TestMutableDateTime_Basics$MockEqualsChronology.jimple
     [java] Writing to sootOutput/org.joda.time.TestMutableDateTime_Basics$MockInstant.jimple
     [java] Writing to sootOutput/org.joda.time.TestMutableDateTime_Basics$1Anonymous0.jimple
     [java] Writing to sootOutput/org.joda.time.TestPartial_Basics.jimple
     [java] Writing to sootOutput/org.joda.time.TestHours.jimple
     [java] Writing to sootOutput/org.joda.time.TestLocalTime_Properties.jimple
     [java] Writing to sootOutput/org.joda.time.TestMutableDateTime_Adds.jimple
     [java] Writing to sootOutput/org.joda.time.TestInstant_Constructors.jimple
     [java] Writing to sootOutput/org.joda.time.TestPartial_Match.jimple
     [java] Writing to sootOutput/org.joda.time.TestMutableDateTime_Constructors.jimple
     [java] Writing to sootOutput/org.joda.time.TestLocalDate_Properties.jimple
     [java] Writing to sootOutput/org.joda.time.TestMinutes.jimple
     [java] Writing to sootOutput/org.joda.time.TestLocalTime_Basics.jimple
     [java] Writing to sootOutput/org.joda.time.TestLocalTime_Basics$MockInstant.jimple
     [java] Writing to sootOutput/org.joda.time.TestLocalTime_Basics$1Anonymous1.jimple
     [java] Writing to sootOutput/org.joda.time.TestLocalTime_Basics$2Anonymous0.jimple
     [java] Writing to sootOutput/org.joda.time.TestLocalDateTime_Basics.jimple
     [java] Writing to sootOutput/org.joda.time.TestLocalDateTime_Basics$MockInstant.jimple
     [java] Writing to sootOutput/org.joda.time.TestBasePartial.jimple
     [java] Writing to sootOutput/org.joda.time.TestBasePartial$MockPartial.jimple
     [java] Writing to sootOutput/org.joda.time.TestInstant_Basics.jimple
     [java] Writing to sootOutput/org.joda.time.TestInstant_Basics$MockInstant.jimple
     [java] Writing to sootOutput/org.joda.time.TestMutablePeriod_Constructors.jimple
     [java] Writing to sootOutput/org.joda.time.TestStringConvert.jimple
     [java] Writing to sootOutput/org.joda.time.TestChronology.jimple
     [java] Writing to sootOutput/org.joda.time.TestMutableDateTime_Sets.jimple
     [java] Writing to sootOutput/org.joda.time.TestPartial_Properties.jimple
     [java] Writing to sootOutput/org.joda.time.TestMonthDay_Constructors.jimple
     [java] Writing to sootOutput/org.joda.time.TestDateMidnight_Properties.jimple
     [java] Writing to sootOutput/org.joda.time.TestDuration_Basics.jimple
     [java] Writing to sootOutput/org.joda.time.TestDuration_Basics$MockMutableDuration.jimple
     [java] Writing to sootOutput/org.joda.time.TestDuration_Basics$MockDuration.jimple
     [java] Writing to sootOutput/org.joda.time.TestBaseSingleFieldPeriod.jimple
     [java] Writing to sootOutput/org.joda.time.TestBaseSingleFieldPeriod$Single.jimple
     [java] Writing to sootOutput/org.joda.time.TestYears.jimple
     [java] Writing to sootOutput/org.joda.time.TestLocalTime_Constructors.jimple
     [java] Writing to sootOutput/org.joda.time.TestYearMonthDay_Basics.jimple
     [java] Writing to sootOutput/org.joda.time.TestYearMonthDay_Basics$MockInstant.jimple
     [java] Writing to sootOutput/org.joda.time.TestDateTimeZoneCutover.jimple
     [java] Writing to sootOutput/org.joda.time.TestDateTimeFieldType.jimple
     [java] Writing to sootOutput/org.joda.time.TestMonthDay_Basics.jimple
     [java] Writing to sootOutput/org.joda.time.TestMonthDay_Basics$MockMD.jimple
     [java] Writing to sootOutput/org.joda.time.TestPeriodType.jimple
     [java] Writing to sootOutput/org.joda.time.TestDateTime_Properties.jimple
     [java] Writing to sootOutput/org.joda.time.TestMutableInterval_Updates.jimple
     [java] Writing to sootOutput/org.joda.time.TestMutableInterval_Updates$MockBadInterval.jimple
     [java] Writing to sootOutput/org.joda.time.TestSeconds.jimple
     [java] Writing to sootOutput/org.joda.time.TestTimeOfDay_Basics.jimple
     [java] Writing to sootOutput/org.joda.time.TestTimeOfDay_Basics$MockInstant.jimple
     [java] Writing to sootOutput/org.joda.time.TestYearMonthDay_Constructors.jimple
     [java] Writing to sootOutput/org.joda.time.TestDateTimeUtils.jimple
     [java] Writing to sootOutput/org.joda.time.TestDateTimeUtils$1Anonymous0.jimple
     [java] Writing to sootOutput/org.joda.time.TestDateTimeUtils$2Anonymous2.jimple
     [java] Writing to sootOutput/org.joda.time.TestDateTimeUtils$3Anonymous1.jimple
     [java] Writing to sootOutput/org.joda.time.TestDateTimeUtils$4Anonymous4.jimple
     [java] Writing to sootOutput/org.joda.time.TestDateTimeUtils$5Anonymous6.jimple
     [java] Writing to sootOutput/org.joda.time.TestDateTimeUtils$6Anonymous3.jimple
     [java] Writing to sootOutput/org.joda.time.TestDateTimeUtils$7Anonymous5.jimple
     [java] Writing to sootOutput/org.joda.time.TestLocalDate_Constructors.jimple
     [java] Writing to sootOutput/org.joda.time.TestTimeOfDay_Properties.jimple
     [java] Writing to sootOutput/org.joda.time.TestMutablePeriod_Basics.jimple
     [java] Writing to sootOutput/org.joda.time.TestMutablePeriod_Basics$MockMutablePeriod.jimple
     [java] Writing to sootOutput/org.joda.time.TestLocalDateTime_Properties.jimple
     [java] Writing to sootOutput/org.joda.time.TestInterval_Constructors.jimple
     [java] Writing to sootOutput/org.joda.time.TestInterval_Constructors$1Anonymous0.jimple
     [java] Writing to sootOutput/org.joda.time.TestInterval_Constructors$MockInterval.jimple
     [java] Writing to sootOutput/org.joda.time.TestInterval_Constructors$2Anonymous1.jimple
     [java] Writing to sootOutput/org.joda.time.TestMonths.jimple
     [java] Writing to sootOutput/org.joda.time.TestIllegalFieldValueException.jimple
     [java] Writing to sootOutput/org.joda.time.TestMutableDateTime_Properties.jimple
     [java] Writing to sootOutput/org.joda.time.TestDateMidnight_Constructors.jimple
     [java] Writing to sootOutput/org.joda.time.TestDateTimeComparator.jimple
     [java] Writing to sootOutput/org.joda.time.TestInterval_Basics.jimple
     [java] Writing to sootOutput/org.joda.time.TestInterval_Basics$MockInterval.jimple
     [java] Writing to sootOutput/org.joda.time.TestMutableInterval_Constructors.jimple
     [java] Writing to sootOutput/org.joda.time.TestMutableInterval_Constructors$1Anonymous0.jimple
     [java] Writing to sootOutput/org.joda.time.TestMutableInterval_Constructors$MockInterval.jimple
     [java] Writing to sootOutput/org.joda.time.TestMutableInterval_Constructors$2Anonymous1.jimple
     [java] Writing to sootOutput/org.joda.time.TestPeriod_Basics.jimple
     [java] Writing to sootOutput/org.joda.time.TestPeriod_Basics$MockPeriod.jimple
     [java] Writing to sootOutput/org.joda.time.TestYearMonth_Constructors.jimple
     [java] Writing to sootOutput/org.joda.time.TestPeriod_Constructors.jimple
     [java] Writing to sootOutput/org.joda.time.TestDateTime_Basics.jimple
     [java] Writing to sootOutput/org.joda.time.TestDateTime_Basics$1Anonymous0.jimple
     [java] Writing to sootOutput/org.joda.time.TestDateTime_Basics$MockInstant.jimple
     [java] Writing to sootOutput/org.joda.time.TestDateTime_Basics$MockEqualsChronology.jimple
     [java] Writing to sootOutput/org.joda.time.TestWeeks.jimple
     [java] Writing to sootOutput/org.joda.time.TestDateTime_Constructors.jimple
     [java] Writing to sootOutput/org.joda.time.TestMutableInterval_Basics.jimple
     [java] Writing to sootOutput/org.joda.time.TestMutableInterval_Basics$MockInterval.jimple
     [java] Writing to sootOutput/org.joda.time.TestTimeOfDay_Constructors.jimple
     [java] Writing to sootOutput/org.joda.time.TestSerialization.jimple
     [java] Writing to sootOutput/org.joda.time.TestSerialization$MockDelegatedDurationField.jimple
     [java] Writing to sootOutput/org.joda.time.TestDateTimeZone.jimple
     [java] Writing to sootOutput/org.joda.time.TestDateTimeZone$1Anonymous0.jimple
     [java] Writing to sootOutput/org.joda.time.TestDateTimeZone$2Anonymous2.jimple
     [java] Writing to sootOutput/org.joda.time.TestDateTimeZone$MockOKProvider.jimple
     [java] Writing to sootOutput/org.joda.time.TestDateTimeZone$MockNoUTCProvider.jimple
     [java] Writing to sootOutput/org.joda.time.TestDateTimeZone$MockDateTimeZone.jimple
     [java] Writing to sootOutput/org.joda.time.TestDateTimeZone$MockBadUTCProvider.jimple
     [java] Writing to sootOutput/org.joda.time.TestDateTimeZone$MockNullIDSProvider.jimple
     [java] Writing to sootOutput/org.joda.time.TestDateTimeZone$MockOKButNullNameProvider.jimple
     [java] Writing to sootOutput/org.joda.time.TestDateTimeZone$3Anonymous1.jimple
     [java] Writing to sootOutput/org.joda.time.TestDateTimeZone$MockEmptyIDSProvider.jimple
     [java] Writing to sootOutput/org.joda.time.TestDuration_Constructors.jimple
     [java] Writing to sootOutput/org.joda.time.TestLocalDateTime_Constructors.jimple
     [java] Writing to sootOutput/org.joda.time.TestDateMidnight_Basics.jimple
     [java] Writing to sootOutput/org.joda.time.TestDateMidnight_Basics$1Anonymous0.jimple
     [java] Writing to sootOutput/org.joda.time.TestDateMidnight_Basics$MockInstant.jimple
     [java] Writing to sootOutput/org.joda.time.TestDurationFieldType.jimple
     [java] Writing to sootOutput/org.joda.time.TestPartial_Constructors.jimple
     [java] Writing to sootOutput/org.joda.time.chrono.TestGJChronology.jimple
     [java] Writing to sootOutput/org.joda.time.chrono.TestIslamicChronology.jimple
     [java] Writing to sootOutput/org.joda.time.chrono.TestCopticChronology.jimple
     [java] Writing to sootOutput/org.joda.time.chrono.TestJulianChronology.jimple
     [java] Writing to sootOutput/org.joda.time.chrono.TestISOChronology.jimple
     [java] Writing to sootOutput/org.joda.time.chrono.TestEthiopicChronology.jimple
     [java] Writing to sootOutput/org.joda.time.chrono.TestGregorianChronology.jimple
     [java] Writing to sootOutput/org.joda.time.chrono.TestLenientChronology.jimple
     [java] Writing to sootOutput/org.joda.time.chrono.TestBuddhistChronology.jimple
     [java] Writing to sootOutput/org.joda.time.convert.ConverterSet.jimple
     [java] Writing to sootOutput/org.joda.time.convert.ConverterSet$Entry.jimple
     [java] Writing to sootOutput/org.joda.time.DateTimeZone.jimple
     [java] Writing to sootOutput/org.joda.time.DateTimeZone$1Anonymous0.jimple
     [java] Writing to sootOutput/org.joda.time.DateTimeZone$Stub.jimple
     [java] Writing to sootOutput/org.joda.time.convert.LongConverter.jimple
     [java] Writing to sootOutput/org.joda.time.chrono.JulianChronology.jimple
     [java] Writing to sootOutput/org.joda.time.TimeOfDay.jimple
     [java] Writing to sootOutput/org.joda.time.TimeOfDay$Property.jimple
     [java] Writing to sootOutput/org.joda.time.chrono.ISOChronology.jimple
     [java] Writing to sootOutput/org.joda.time.chrono.ISOChronology$Stub.jimple
     [java] Writing to sootOutput/org.joda.time.chrono.GregorianChronology.jimple
     [java] Writing to sootOutput/org.joda.time.convert.MockUnknownTimeZone.jimple
     [java] Writing to sootOutput/org.joda.time.convert.MockUnknownCalendar.jimple
     [java] Writing to sootOutput/org.joda.time.chrono.GJChronology.jimple
     [java] Writing to sootOutput/org.joda.time.chrono.GJChronology$LinkedDurationField.jimple
     [java] Writing to sootOutput/org.joda.time.chrono.GJChronology$ImpreciseCutoverField.jimple
     [java] Writing to sootOutput/org.joda.time.chrono.GJChronology$CutoverField.jimple
     [java] Writing to sootOutput/org.joda.time.Chronology.jimple
     [java] Writing to sootOutput/org.joda.time.convert.CalendarConverter.jimple
     [java] Writing to sootOutput/org.joda.time.chrono.BuddhistChronology.jimple
     [java] Writing to sootOutput/org.joda.time.convert.DateConverter.jimple
     [java] Writing to sootOutput/org.joda.time.chrono.CopticChronology.jimple
     [java] Writing to sootOutput/org.joda.time.MutableInterval.jimple
     [java] Writing to sootOutput/org.joda.time.DateTimeUtils.jimple
     [java] Writing to sootOutput/org.joda.time.DateTimeUtils$FixedMillisProvider.jimple
     [java] Writing to sootOutput/org.joda.time.DateTimeUtils$OffsetMillisProvider.jimple
     [java] Writing to sootOutput/org.joda.time.DateTimeUtils$MillisProvider.jimple
     [java] Writing to sootOutput/org.joda.time.DateTimeUtils$SystemMillisProvider.jimple
     [java] Writing to sootOutput/org.joda.time.MutablePeriod.jimple
     [java] Writing to sootOutput/org.joda.time.DateTimeConstants.jimple
     [java] Writing to sootOutput/org.joda.time.convert.NullConverter.jimple
     [java] Writing to sootOutput/org.joda.time.PeriodType.jimple
     [java] Writing to sootOutput/org.joda.time.Period.jimple
     [java] Writing to sootOutput/org.joda.time.convert.ReadablePeriodConverter.jimple
     [java] Writing to sootOutput/org.joda.time.convert.StringConverter.jimple
     [java] Writing to sootOutput/org.joda.time.DateTime.jimple
     [java] Writing to sootOutput/org.joda.time.DateTime$Property.jimple
     [java] Writing to sootOutput/org.joda.time.convert.ReadableInstantConverter.jimple
     [java] Writing to sootOutput/org.joda.time.convert.MockBadChronology.jimple
     [java] Writing to sootOutput/org.joda.time.MutableDateTime.jimple
     [java] Writing to sootOutput/org.joda.time.MutableDateTime$Property.jimple
     [java] Writing to sootOutput/org.joda.time.Instant.jimple
     [java] Writing to sootOutput/org.joda.time.Duration.jimple
     [java] Writing to sootOutput/org.joda.time.convert.ReadableDurationConverter.jimple
     [java] Writing to sootOutput/org.joda.time.convert.ReadableIntervalConverter.jimple
     [java] Writing to sootOutput/org.joda.time.Interval.jimple
     [java] Writing to sootOutput/org.joda.time.YearMonthDay.jimple
     [java] Writing to sootOutput/org.joda.time.YearMonthDay$Property.jimple
     [java] Writing to sootOutput/org.joda.time.convert.ReadablePartialConverter.jimple
     [java] Writing to sootOutput/org.joda.time.base.BasePartial.jimple
     [java] Writing to sootOutput/org.joda.time.convert.PeriodConverter.jimple
     [java] Writing to sootOutput/org.joda.time.convert.InstantConverter.jimple
     [java] Writing to sootOutput/org.joda.time.convert.PartialConverter.jimple
     [java] Writing to sootOutput/org.joda.time.convert.ConverterManager.jimple
     [java] Writing to sootOutput/org.joda.time.convert.DurationConverter.jimple
     [java] Writing to sootOutput/org.joda.time.convert.IntervalConverter.jimple
     [java] Writing to sootOutput/org.joda.time.field.FieldUtils.jimple
     [java] Writing to sootOutput/org.joda.time.DateTimeFieldType.jimple
     [java] Writing to sootOutput/org.joda.time.DateTimeFieldType$StandardDateTimeFieldType.jimple
     [java] Writing to sootOutput/org.joda.time.field.BaseDurationField.jimple
     [java] Writing to sootOutput/org.joda.time.field.PreciseDurationDateTimeField.jimple
     [java] Writing to sootOutput/org.joda.time.DurationFieldType.jimple
     [java] Writing to sootOutput/org.joda.time.DurationFieldType$StandardDurationFieldType.jimple
     [java] Writing to sootOutput/org.joda.time.field.BaseDateTimeField.jimple
     [java] Writing to sootOutput/org.joda.time.field.PreciseDateTimeField.jimple
     [java] Writing to sootOutput/org.joda.time.field.PreciseDurationField.jimple
     [java] Writing to sootOutput/org.joda.time.field.MillisDurationField.jimple
     [java] Writing to sootOutput/org.joda.time.field.ScaledDurationField.jimple
     [java] Writing to sootOutput/org.joda.time.DurationField.jimple
     [java] Writing to sootOutput/org.joda.time.field.UnsupportedDateTimeField.jimple
     [java] Writing to sootOutput/org.joda.time.LocalTime.jimple
     [java] Writing to sootOutput/org.joda.time.LocalTime$Property.jimple
     [java] Writing to sootOutput/org.joda.time.field.UnsupportedDurationField.jimple
     [java] Writing to sootOutput/org.joda.time.DateTimeField.jimple
     [java] Writing to sootOutput/org.joda.time.field.OffsetDateTimeField.jimple
     [java] Writing to sootOutput/org.joda.time.format.DateTimeFormatter.jimple
     [java] Writing to sootOutput/org.joda.time.format.DateTimeFormatterBuilder.jimple
     [java] Writing to sootOutput/org.joda.time.format.DateTimeFormatterBuilder$TextField.jimple
     [java] Writing to sootOutput/org.joda.time.format.DateTimeFormatterBuilder$CharacterLiteral.jimple
     [java] Writing to sootOutput/org.joda.time.format.DateTimeFormatterBuilder$UnpaddedNumber.jimple
     [java] Writing to sootOutput/org.joda.time.format.DateTimeFormatterBuilder$TwoDigitYear.jimple
     [java] Writing to sootOutput/org.joda.time.format.DateTimeFormatterBuilder$Composite.jimple
     [java] Writing to sootOutput/org.joda.time.format.DateTimeFormatterBuilder$StringLiteral.jimple
     [java] Writing to sootOutput/org.joda.time.format.DateTimeFormatterBuilder$NumberFormatter.jimple
     [java] Writing to sootOutput/org.joda.time.format.DateTimeFormatterBuilder$MatchingParser.jimple
     [java] Writing to sootOutput/org.joda.time.format.DateTimeFormatterBuilder$TimeZoneOffset.jimple
     [java] Writing to sootOutput/org.joda.time.format.DateTimeFormatterBuilder$FixedNumber.jimple
     [java] Writing to sootOutput/org.joda.time.format.DateTimeFormatterBuilder$TimeZoneName.jimple
     [java] Writing to sootOutput/org.joda.time.format.DateTimeFormatterBuilder$Fraction.jimple
     [java] Writing to sootOutput/org.joda.time.format.DateTimeFormatterBuilder$PaddedNumber.jimple
     [java] Writing to sootOutput/org.joda.time.format.PeriodFormatter.jimple
     [java] Writing to sootOutput/org.joda.time.format.PeriodFormat.jimple
     [java] Writing to sootOutput/org.joda.time.format.PeriodFormatterBuilder.jimple
     [java] Writing to sootOutput/org.joda.time.format.PeriodFormatterBuilder$CompositeAffix.jimple
     [java] Writing to sootOutput/org.joda.time.format.PeriodFormatterBuilder$FieldFormatter.jimple
     [java] Writing to sootOutput/org.joda.time.format.PeriodFormatterBuilder$PluralAffix.jimple
     [java] Writing to sootOutput/org.joda.time.format.PeriodFormatterBuilder$Separator.jimple
     [java] Writing to sootOutput/org.joda.time.format.PeriodFormatterBuilder$Composite.jimple
     [java] Writing to sootOutput/org.joda.time.format.PeriodFormatterBuilder$PeriodFieldAffix.jimple
     [java] Writing to sootOutput/org.joda.time.format.PeriodFormatterBuilder$Literal.jimple
     [java] Writing to sootOutput/org.joda.time.format.PeriodFormatterBuilder$SimpleAffix.jimple
     [java] Writing to sootOutput/org.joda.time.format.ISODateTimeFormat.jimple
     [java] Writing to sootOutput/org.joda.time.Partial.jimple
     [java] Writing to sootOutput/org.joda.time.Partial$Property.jimple
     [java] Writing to sootOutput/org.joda.time.format.DateTimeFormat.jimple
     [java] Writing to sootOutput/org.joda.time.format.DateTimeFormat$StyleFormatter.jimple
     [java] Writing to sootOutput/org.joda.time.format.ISOPeriodFormat.jimple
     [java] Writing to sootOutput/org.joda.time.format.PeriodPrinter.jimple
     [java] Writing to sootOutput/org.joda.time.LocalDate.jimple
     [java] Writing to sootOutput/org.joda.time.LocalDate$Property.jimple
     [java] Writing to sootOutput/org.joda.time.LocalDateTime.jimple
     [java] Writing to sootOutput/org.joda.time.LocalDateTime$Property.jimple
     [java] Writing to sootOutput/org.joda.time.YearMonth.jimple
     [java] Writing to sootOutput/org.joda.time.YearMonth$Property.jimple
     [java] Writing to sootOutput/org.joda.time.chrono.StrictChronology.jimple
     [java] Writing to sootOutput/org.joda.time.chrono.LenientChronology.jimple
     [java] Writing to sootOutput/org.joda.time.base.AbstractPartial.jimple
     [java] Writing to sootOutput/org.joda.time.field.AbstractPartialFieldProperty.jimple
     [java] Writing to sootOutput/org.joda.time.MockPartial.jimple
     [java] Writing to sootOutput/org.joda.time.Hours.jimple
     [java] Writing to sootOutput/org.joda.time.Days.jimple
     [java] Writing to sootOutput/org.joda.time.Seconds.jimple
     [java] Writing to sootOutput/org.joda.time.Weeks.jimple
     [java] Writing to sootOutput/org.joda.time.Minutes.jimple
     [java] Writing to sootOutput/org.joda.time.DateMidnight.jimple
     [java] Writing to sootOutput/org.joda.time.DateMidnight$Property.jimple
     [java] Writing to sootOutput/org.joda.time.MockZone.jimple
     [java] Writing to sootOutput/org.joda.time.MonthDay.jimple
     [java] Writing to sootOutput/org.joda.time.MonthDay$Property.jimple
     [java] Writing to sootOutput/org.joda.time.base.AbstractInstant.jimple
     [java] Writing to sootOutput/org.joda.time.chrono.BaseChronology.jimple
     [java] Writing to sootOutput/org.joda.time.convert.MockZeroNullIntegerConverter.jimple
     [java] Writing to sootOutput/org.joda.time.Years.jimple
     [java] Writing to sootOutput/org.joda.time.Months.jimple
     [java] Writing to sootOutput/org.joda.time.chrono.ZonedChronology.jimple
     [java] Writing to sootOutput/org.joda.time.chrono.ZonedChronology$ZonedDurationField.jimple
     [java] Writing to sootOutput/org.joda.time.chrono.ZonedChronology$ZonedDateTimeField.jimple
     [java] Writing to sootOutput/org.joda.time.chrono.LimitChronology.jimple
     [java] Writing to sootOutput/org.joda.time.chrono.LimitChronology$LimitException.jimple
     [java] Writing to sootOutput/org.joda.time.chrono.LimitChronology$LimitDurationField.jimple
     [java] Writing to sootOutput/org.joda.time.chrono.LimitChronology$LimitDateTimeField.jimple
     [java] Writing to sootOutput/org.joda.time.chrono.IslamicChronology.jimple
     [java] Writing to sootOutput/org.joda.time.chrono.IslamicChronology$LeapYearPatternType.jimple
     [java] Writing to sootOutput/org.joda.time.chrono.EthiopicChronology.jimple
     [java] Writing to sootOutput/org.joda.time.MockNullZoneChronology.jimple
     [java] Writing to sootOutput/org.joda.time.base.BaseDuration.jimple
     [java] Writing to sootOutput/org.joda.time.base.AbstractDuration.jimple
     [java] Writing to sootOutput/org.joda.time.base.BaseSingleFieldPeriod.jimple
     [java] Writing to sootOutput/org.joda.time.base.AbstractInterval.jimple
     [java] Writing to sootOutput/org.joda.time.base.BasePeriod.jimple
     [java] Writing to sootOutput/org.joda.time.ReadWritableInterval.jimple
     [java] Writing to sootOutput/org.joda.time.IllegalFieldValueException.jimple
     [java] Writing to sootOutput/org.joda.time.field.SkipDateTimeField.jimple
     [java] Writing to sootOutput/org.joda.time.DateTimeComparator.jimple
     [java] Writing to sootOutput/org.joda.time.ReadableInstant.jimple
     [java] Writing to sootOutput/org.joda.time.field.DelegatedDurationField.jimple
     [java] Writing to sootOutput/org.joda.time.convert.Converter.jimple
     [java] Writing to sootOutput/org.joda.time.JodaTimePermission.jimple
     [java] Writing to sootOutput/org.joda.time.format.FormatUtils.jimple
     [java] Writing to sootOutput/org.joda.time.convert.AbstractConverter.jimple
     [java] Writing to sootOutput/org.joda.time.chrono.BasicGJChronology.jimple
     [java] Writing to sootOutput/org.joda.time.chrono.AssembledChronology.jimple
     [java] Writing to sootOutput/org.joda.time.chrono.AssembledChronology$Fields.jimple
     [java] Writing to sootOutput/org.joda.time.ReadablePartial.jimple
     [java] Writing to sootOutput/org.joda.time.ReadablePeriod.jimple
     [java] Writing to sootOutput/org.joda.time.field.DividedDateTimeField.jimple
     [java] Writing to sootOutput/org.joda.time.chrono.ISOYearOfEraDateTimeField.jimple
     [java] Writing to sootOutput/org.joda.time.field.RemainderDateTimeField.jimple
     [java] Writing to sootOutput/org.joda.time.field.DecoratedDurationField.jimple
     [java] Writing to sootOutput/org.joda.time.chrono.BasicSingleEraDateTimeField.jimple
     [java] Writing to sootOutput/org.joda.time.field.SkipUndoDateTimeField.jimple
     [java] Writing to sootOutput/org.joda.time.field.DelegatedDateTimeField.jimple
     [java] Writing to sootOutput/org.joda.time.chrono.BasicFixedMonthChronology.jimple
     [java] Writing to sootOutput/org.joda.time.chrono.BasicMonthOfYearDateTimeField.jimple
     [java] Writing to sootOutput/org.joda.time.base.BaseInterval.jimple
     [java] Writing to sootOutput/org.joda.time.ReadableInterval.jimple
     [java] Writing to sootOutput/org.joda.time.ReadableDuration.jimple
     [java] Writing to sootOutput/org.joda.time.ReadWritablePeriod.jimple
     [java] Writing to sootOutput/org.joda.time.base.BaseDateTime.jimple
     [java] Writing to sootOutput/org.joda.time.ReadableDateTime.jimple
     [java] Writing to sootOutput/org.joda.time.field.AbstractReadableInstantFieldProperty.jimple
     [java] Writing to sootOutput/org.joda.time.ReadWritableDateTime.jimple
     [java] Writing to sootOutput/org.joda.time.base.BaseLocal.jimple
     [java] Writing to sootOutput/org.joda.time.field.DecoratedDateTimeField.jimple
     [java] Writing to sootOutput/org.joda.time.format.DateTimePrinter.jimple
     [java] Writing to sootOutput/org.joda.time.format.DateTimeParserBucket.jimple
     [java] Writing to sootOutput/org.joda.time.format.DateTimeParserBucket$SavedState.jimple
     [java] Writing to sootOutput/org.joda.time.format.DateTimeParserBucket$SavedField.jimple
     [java] Writing to sootOutput/org.joda.time.format.DateTimeParser.jimple
     [java] Writing to sootOutput/org.joda.time.ReadWritableInstant.jimple
     [java] Writing to sootOutput/org.joda.time.format.PeriodParser.jimple
     [java] Writing to sootOutput/org.joda.time.field.StrictDateTimeField.jimple
     [java] Writing to sootOutput/org.joda.time.field.LenientDateTimeField.jimple
     [java] Writing to sootOutput/org.joda.time.chrono.BasicChronology.jimple
     [java] Writing to sootOutput/org.joda.time.chrono.BasicChronology$HalfdayField.jimple
     [java] Writing to sootOutput/org.joda.time.chrono.BasicChronology$YearInfo.jimple
     [java] Writing to sootOutput/org.joda.time.base.AbstractPeriod.jimple
     [java] Writing to sootOutput/org.joda.time.field.ImpreciseDateTimeField.jimple
     [java] Writing to sootOutput/org.joda.time.field.ImpreciseDateTimeField$LinkedDurationField.jimple
     [java] Writing to sootOutput/org.joda.time.base.AbstractDateTime.jimple
     [java] Writing to sootOutput/org.joda.time.chrono.GJEraDateTimeField.jimple
     [java] Writing to sootOutput/org.joda.time.field.ZeroIsMaxDateTimeField.jimple
     [java] Writing to sootOutput/org.joda.time.chrono.BasicYearDateTimeField.jimple
     [java] Writing to sootOutput/org.joda.time.chrono.GJLocaleSymbols.jimple
     [java] Writing to sootOutput/org.joda.time.chrono.GJYearOfEraDateTimeField.jimple
     [java] Writing to sootOutput/org.joda.time.chrono.BasicWeekOfWeekyearDateTimeField.jimple
     [java] Writing to sootOutput/org.joda.time.chrono.BasicDayOfMonthDateTimeField.jimple
     [java] Writing to sootOutput/org.joda.time.chrono.BasicWeekyearDateTimeField.jimple
     [java] Writing to sootOutput/org.joda.time.chrono.BasicDayOfYearDateTimeField.jimple
     [java] Writing to sootOutput/org.joda.time.chrono.GJMonthOfYearDateTimeField.jimple
     [java] Writing to sootOutput/org.joda.time.chrono.GJDayOfWeekDateTimeField.jimple
     [java] Writing to sootOutput/org.joda.time.TestAllPackages.jimple
     [java] Soot finished on Sun Oct 19 21:46:16 PDT 2014
     [java] Soot has run for 17 min. 54 sec.

BUILD SUCCESSFUL
Total time: 17 minutes 56 seconds
